#  log t   log dt   log E log dE/dt  (0,1) (1,0) (8,9) (8,10) (9,8) (9,9) (2,2) (6,6) (8,8) (10,10) (12,12) (14,14) (16,16) (18,18) (20,20) (22,22) (24,24) (26,26) (28,28) (26,28) 
-16.00000 -17.09914 12.21870 28.21874 -9.2233 -9.2233 -9.2233 -9.2233 -9.2233 -9.2233 -5.8306 -0.3010 -0.3010 -5.1505 -6.4625 -8.1531 -20.7742 -34.3480 -48.6466 -62.4928 -78.3783 -94.9960 -112.1105 -9.2233
-15.88000 -17.00181 12.33871 28.21873 -9.2233 -9.2233 -9.2233 -9.2233 -9.2233 -9.2233 -5.7106 -0.3010 -0.3010 -5.0304 -6.3425 -8.0331 -20.4126 -33.7432 -47.7974 -61.3980 -77.0367 -93.4064 -110.2715 -9.2233
-15.76000 -16.89213 12.45871 28.21873 -9.2233 -9.2233 -9.2233 -9.2233 -9.2233 -9.2233 -5.5906 -0.3010 -0.3010 -4.9104 -6.2225 -7.9131 -20.0518 -33.1411 -46.9533 -60.3110 -75.7060 -91.8310 -108.4506 -9.2233
-15.64000 -16.77453 12.57872 28.21872 -9.2233 -9.2233 -9.2233 -9.2233 -9.2233 -9.2233 -5.4706 -0.3010 -0.3010 -4.7904 -6.1025 -7.7931 -19.6915 -32.5402 -46.1114 -59.2278 -74.3810 -90.2636 -106.6402 -9.2233
-15.52000 -16.65453 12.69871 28.21871 -9.2233 -9.2233 -9.2233 -9.2233 -9.2233 -9.2233 -5.3506 -0.3011 -0.3010 -4.6704 -5.9825 -7.6731 -19.3314 -31.9398 -45.2706 -58.1464 -73.0587 -88.7003 -104.8353 -9.2233
-15.40000 -16.53453 12.81871 28.21869 -9.2233 -9.2233 -9.2233 -9.2233 -9.2233 -9.2233 -5.2306 -0.3011 -0.3010 -4.5504 -5.8625 -7.5530 -18.9713 -31.3396 -44.4302 -57.0658 -71.7377 -87.1388 -103.0331 -9.2233
-15.28000 -16.41453 12.93870 28.21868 -9.2233 -9.2233 -9.2233 -9.2233 -9.2233 -9.2233 -5.1106 -0.3011 -0.3010 -4.4304 -5.7425 -7.4330 -18.6113 -30.7395 -43.5901 -55.9855 -70.4173 -85.5781 -101.2321 -9.2233
-15.16000 -16.29453 13.05869 28.21865 -9.2233 -9.2233 -9.2233 -9.2233 -9.2233 -9.2233 -4.9906 -0.3011 -0.3010 -4.3105 -5.6225 -7.3130 -18.2512 -30.1395 -42.7500 -54.9054 -69.0971 -84.0178 -99.4317 -9.2233
-15.04000 -16.17453 13.17868 28.21862 -9.2233 -9.2233 -9.2233 -9.2233 -9.2233 -9.2233 -4.8706 -0.3011 -0.3010 -4.1905 -5.5025 -7.1930 -17.8912 -29.5395 -41.9100 -53.8253 -67.7771 -82.4577 -97.6315 -9.2233
-14.92000 -16.05453 13.29866 28.21858 -9.2233 -9.2233 -9.2233 -9.2233 -9.2233 -9.2233 -4.7507 -0.3011 -0.3010 -4.0705 -5.3825 -7.0730 -17.5312 -28.9395 -41.0700 -52.7454 -66.4571 -80.8977 -95.8315 -9.2233
-14.80000 -15.93453 13.41863 28.21853 -9.2233 -9.2233 -9.2233 -9.2233 -9.2233 -9.2233 -4.6307 -0.3011 -0.3010 -3.9505 -5.2626 -6.9530 -17.1712 -28.3395 -40.2300 -51.6654 -65.1371 -79.3378 -94.0316 -9.2233
-14.68000 -15.81453 13.53860 28.21846 -9.2233 -9.2233 -9.2233 -9.2233 -9.2233 -9.2233 -4.5107 -0.3012 -0.3010 -3.8306 -5.1426 -6.8330 -16.8113 -27.7395 -39.3901 -50.5855 -63.8172 -77.7779 -92.2317 -9.2233
-14.56000 -15.69453 13.65855 28.21836 -9.2233 -9.2233 -9.2233 -9.2233 -9.2233 -9.2233 -4.3908 -0.3012 -0.3010 -3.7106 -5.0226 -6.7130 -16.4513 -27.1396 -38.5502 -49.5056 -62.4973 -76.2180 -90.4318 -9.2233
-14.44000 -15.57453 13.77849 28.21824 -9.2233 -9.2233 -9.2233 -9.2233 -9.2233 -9.2233 -4.2708 -0.3013 -0.3010 -3.5907 -4.9026 -6.5929 -16.0913 -26.5397 -37.7103 -48.4257 -61.1775 -74.6582 -88.6321 -9.2233
-14.32000 -15.45453 13.89841 28.21807 -9.2233 -9.2233 -9.2233 -9.2233 -9.2233 -9.2233 -4.1509 -0.3014 -0.3010 -3.4708 -4.7827 -6.4729 -15.7313 -25.9397 -36.8704 -47.3459 -59.8577 -73.0985 -86.8324 -9.2233
-14.20000 -15.33453 14.01830 28.21786 -9.2233 -9.2233 -9.2233 -9.2233 -9.2233 -9.2233 -4.0310 -0.3015 -0.3010 -3.3509 -4.6627 -6.3529 -15.3714 -25.3399 -36.0306 -46.2661 -58.5380 -71.5388 -85.0328 -9.2233
-14.08000 -15.21453 14.13815 28.21757 -9.2233 -9.2233 -9.2233 -9.2233 -9.2233 -9.2233 -3.9111 -0.3017 -0.3010 -3.2310 -4.5428 -6.2328 -15.0114 -24.7400 -35.1908 -45.1865 -57.2184 -69.9793 -83.2333 -9.2233
-13.96000 -15.09453 14.25796 28.21720 -9.2233 -9.2233 -9.2233 -9.2233 -9.2233 -9.2233 -3.7913 -0.3019 -0.3011 -3.1112 -4.4229 -6.1127 -14.6515 -24.1402 -34.3511 -44.1069 -55.8989 -68.4199 -81.4340 -9.2233
-13.84000 -14.97453 14.37771 28.21671 -9.2233 -9.2233 -9.2233 -9.2233 -9.2233 -9.2233 -3.6715 -0.3021 -0.3011 -2.9915 -4.3030 -5.9926 -14.2916 -23.5405 -33.5116 -43.0274 -54.5796 -66.8607 -79.6350 -9.2233
-13.72000 -14.85453 14.49738 28.21606 -9.2233 -9.2233 -9.2233 -9.2233 -9.2233 -9.2233 -3.5519 -0.3025 -0.3011 -2.8718 -4.1832 -5.8725 -13.9317 -22.9408 -32.6721 -41.9482 -53.2605 -65.3018 -77.8362 -9.2233
-13.60000 -14.73453 14.61695 28.21520 -9.2233 -9.2233 -9.2233 -9.2233 -9.2233 -9.2233 -3.4323 -0.3029 -0.3011 -2.7523 -4.0634 -5.7523 -13.5719 -22.3413 -31.8328 -40.8692 -51.9417 -63.7432 -76.0378 -9.2233
-13.48000 -14.61453 14.73637 28.21408 -9.2233 -9.2233 -9.2233 -9.2233 -9.2233 -9.2233 -3.3128 -0.3035 -0.3011 -2.6328 -3.9437 -5.6321 -13.2121 -21.7419 -30.9938 -39.7904 -50.6233 -62.1851 -74.2400 -9.2233
-13.36000 -14.49453 14.85562 28.21259 -9.2233 -9.2233 -9.2233 -9.2233 -9.2233 -9.2233 -3.1935 -0.3043 -0.3011 -2.5136 -3.8241 -5.5118 -12.8524 -21.1427 -30.1551 -38.7121 -49.3054 -60.6276 -72.4428 -9.2233
-13.24000 -14.37453 14.97463 28.21064 -9.2233 -9.2233 -9.2233 -9.2233 -9.2233 -9.2233 -3.0745 -0.3053 -0.3012 -2.3946 -3.7046 -5.3914 -12.4928 -20.5438 -29.3167 -37.6344 -47.9882 -59.0708 -70.6465 -9.2233
-13.12000 -14.25453 15.09332 28.20807 -9.2233 -9.2233 -9.2233 -9.2233 -9.2233 -9.2233 -2.9557 -0.3067 -0.3012 -2.2760 -3.5853 -5.2709 -12.1334 -19.9452 -28.4789 -36.5573 -46.6718 -57.5151 -68.8514 -9.2233
-13.00000 -14.13453 15.21160 28.20470 -9.2233 -9.2233 -9.2233 -9.2233 -9.2233 -9.2233 -2.8373 -0.3085 -0.3012 -2.1577 -3.4661 -5.1503 -11.7741 -19.3470 -27.6418 -35.4811 -45.3566 -55.9607 -67.0578 -9.2233
-12.88000 -14.02065 15.32935 28.20037 -9.2233 -9.2233 -9.2233 -9.2233 -9.2233 -9.2233 -2.7194 -0.3108 -0.3013 -2.0401 -3.3473 -5.0294 -11.4147 -18.7487 -26.8042 -34.4043 -44.0403 -54.4050 -65.2626 -9.2233
-12.76000 -13.93426 15.44634 28.19379 -9.2233 -9.2233 -9.2233 -9.2233 -9.2233 -9.2233 -2.6022 -0.3139 -0.3014 -1.9232 -3.2288 -4.9083 -11.0504 -18.1346 -25.9339 -33.2714 -42.6387 -52.7291 -63.3070 -9.2233
-12.64000 -13.92229 15.56236 28.18579 -9.2233 -9.2233 -9.2233 -9.2233 -9.2233 -9.2233 -2.4860 -0.3179 -0.3015 -1.8073 -3.1109 -4.7868 -10.6859 -17.5200 -25.0619 -32.1346 -41.2294 -51.0393 -61.3287 -9.2233
-12.52000 -13.91236 15.67714 28.17583 -9.2233 -9.2233 -9.2233 -9.2233 -9.2233 -9.2233 -2.3709 -0.3232 -0.3016 -1.6926 -2.9935 -4.6649 -10.3228 -16.9099 -24.1990 -31.0127 -39.8420 -49.3795 -59.3893 -9.2233
-12.40000 -13.89837 15.79031 28.16150 -9.2233 -9.2233 -9.2233 -9.2233 -9.2233 -9.2233 -2.2573 -0.3300 -0.3018 -1.5797 -2.8770 -4.5425 -9.9607 -16.3024 -23.3403 -29.8969 -38.4630 -47.7307 -57.4638 -9.2233
-12.28000 -13.88112 15.90144 28.14380 -9.2233 -9.2233 -9.2233 -9.2233 -9.2233 -9.2233 -2.1456 -0.3389 -0.3021 -1.4688 -2.7615 -4.4195 -9.6007 -15.7007 -22.4927 -28.7990 -37.1101 -46.1181 -55.5864 -9.2233
-12.16000 -13.85781 16.00999 28.11985 -9.2233 -9.2233 -9.2233 -9.2233 -9.2233 -9.2233 -2.0363 -0.3503 -0.3023 -1.3606 -2.6473 -4.2957 -9.2428 -15.1049 -21.6555 -27.7171 -35.7801 -44.5364 -53.7493 -9.2233
-12.04000 -13.82905 16.11530 28.09022 -9.2233 -9.2233 -9.2233 -9.2233 -9.2233 -9.2233 -1.9299 -0.3649 -0.3027 -1.2558 -2.5346 -4.1711 -8.8873 -14.5151 -20.8287 -26.6508 -34.4716 -42.9831 -51.9485 -9.2233
-11.92000 -13.79338 16.21662 28.05336 -9.2233 -9.2233 -9.2233 -9.2233 -9.2233 -9.2233 -1.8273 -0.3834 -0.3031 -1.1550 -2.4240 -4.0456 -8.5344 -13.9318 -20.0127 -25.6001 -33.1841 -41.4568 -50.1814 -9.2233
-11.80000 -13.74699 16.31308 28.00517 -9.2233 -9.2233 -9.2233 -9.2233 -9.2233 -9.2233 -1.7290 -0.4067 -0.3035 -1.0594 -2.3156 -3.9191 -8.1846 -13.3560 -19.2089 -24.5668 -31.9196 -39.9597 -48.4502 -9.2233
-11.68000 -13.68970 16.40375 27.94527 -9.2233 -9.2233 -9.2233 -9.2233 -9.2233 -9.2233 -1.6359 -0.4357 -0.3040 -0.9698 -2.2100 -3.7918 -7.8386 -12.7886 -18.4186 -23.5523 -30.6798 -38.4932 -46.7561 -9.2233
-11.56000 -13.62156 16.48769 27.87336 -9.2233 -9.2233 -9.2233 -9.2233 -9.2233 -9.2233 -1.5486 -0.4712 -0.3044 -0.8873 -2.1075 -3.6637 -7.4970 -12.2308 -17.6431 -22.5582 -29.4658 -37.0585 -45.0997 -9.2233
-11.44000 -13.53796 16.56399 27.78395 -9.2233 -9.2233 -9.2233 -9.2233 -9.2233 -9.2233 -1.4679 -0.5141 -0.3046 -0.8128 -2.0083 -3.5350 -7.1605 -11.6838 -16.8843 -21.5869 -28.2809 -35.6594 -43.4856 -9.2233
-11.32000 -13.43924 16.63187 27.67628 -9.2233 -9.2233 -9.2233 -9.2233 -9.2233 -9.2233 -1.3940 -0.5650 -0.3046 -0.7474 -1.9126 -3.4058 -6.8298 -11.1488 -16.1438 -20.6403 -27.1272 -34.2981 -41.9162 -9.2233
-11.20000 -13.32386 16.69073 27.54674 -9.2233 -9.2233 -9.2233 -9.2233 -9.2233 -9.2233 -1.3271 -0.6244 -0.3041 -0.6918 -1.8204 -3.2762 -6.5052 -10.6265 -15.4225 -19.7196 -26.0062 -32.9763 -40.3933 -9.2233
-11.08000 -13.19091 16.74020 27.39076 -9.2233 -9.2233 -9.2233 -9.2233 -9.2233 -9.2233 -1.2669 -0.6924 -0.3027 -0.6468 -1.7315 -3.1458 -6.1871 -10.1172 -14.7208 -18.8255 -24.9185 -31.6947 -38.9174 -9.2233
-10.96000 -13.04521 16.78012 27.20788 -9.2233 -9.2233 -9.2233 -9.2233 -9.2233 -9.2233 -1.2128 -0.7688 -0.3002 -0.6128 -1.6455 -3.0144 -5.8749 -9.6206 -14.0385 -17.9576 -23.8637 -30.4527 -37.4882 -9.2233
-10.84000 -12.88530 16.81051 26.98463 -9.2233 -9.2233 -9.2233 -9.2233 -9.2233 -9.2233 -1.1638 -0.8532 -0.2961 -0.5906 -1.5619 -2.8810 -5.5680 -9.1357 -13.3742 -17.1144 -22.8400 -29.2485 -36.1033 -9.2233
-10.72000 -12.70817 16.83154 26.68757 -9.2233 -9.2233 -9.2233 -9.2233 -9.2233 -9.2233 -1.1190 -0.9450 -0.2899 -0.5808 -1.4802 -2.7446 -5.2648 -8.6607 -12.7257 -16.2930 -21.8440 -28.0777 -34.7577 -9.2233
-10.60000 -12.55469 16.84345 26.23236 -9.2233 -9.2233 -9.2233 -9.2233 -9.2233 -9.2233 -1.0771 -1.0434 -0.2812 -0.5848 -1.4002 -2.6038 -4.9638 -8.1932 -12.0899 -15.4901 -20.8715 -26.9355 -33.4458 -9.2233
-10.48000 -12.45672 16.84663 0.00000 -9.2233 -9.2233 -9.2233 -9.2233 -9.2233 -9.2233 -1.0373 -1.1474 -0.2700 -0.6041 -1.3217 -2.4573 -4.6625 -7.7299 -11.4620 -14.6990 -19.9138 -25.8108 -32.1541 -9.2233
-10.36000 -12.35657 16.84178 0.00000 -9.2233 -9.2233 -9.2233 -9.2233 -9.2233 -9.2233 -0.9990 -1.2559 -0.2564 -0.6415 -1.2452 -2.3040 -4.3591 -7.2682 -10.8392 -13.9166 -18.9675 -24.7001 -30.8786 -9.2233
-10.24000 -12.25679 16.83024 0.00000 -9.2233 -9.2233 -9.2233 -9.2233 -9.2233 -9.2233 -0.9620 -1.3673 -0.2410 -0.7006 -1.1720 -2.1437 -4.0525 -6.8064 -10.2190 -13.1406 -18.0300 -23.6006 -29.6165 -9.2233
-10.12000 -12.14480 16.81446 0.00000 -9.2233 -9.2233 -9.2233 -9.2233 -9.2233 -9.2233 -0.9270 -1.4793 -0.2251 -0.7862 -1.1039 -1.9773 -3.7425 -6.3436 -9.6004 -12.3701 -17.1004 -22.5114 -28.3672 -9.2233
-10.00000 -12.01498 16.79853 0.00000 -9.2233 -9.2233 -9.2233 -9.2233 -9.2233 -9.2233 -0.8947 -1.5882 -0.2106 -0.9045 -1.0437 -1.8071 -3.4305 -5.8806 -8.9838 -11.6057 -16.1794 -21.4333 -27.1318 -9.2233
-9.88000 -11.86565 16.78821 0.00000 -9.2233 -9.2233 -9.2233 -9.2233 -9.2233 -9.2233 -0.8661 -1.6882 -0.1996 -1.0614 -0.9945 -1.6366 -3.1198 -5.4203 -8.3718 -10.8505 -15.2699 -20.3695 -25.9136 -9.2233
-9.76000 -11.69149 16.78984 25.43308 -9.2233 -9.2233 -9.2233 -9.2233 -9.2233 -9.2233 -0.8421 -1.7725 -0.1945 -1.2598 -0.9590 -1.4703 -2.8152 -4.9670 -7.7687 -10.1096 -14.3773 -19.3257 -24.7189 -9.2233
-9.64000 -11.49606 16.80797 25.80165 -9.2233 -9.2233 -9.2233 -9.2233 -9.2233 -9.2233 -0.8227 -1.8349 -0.1968 -1.4890 -0.9388 -1.3122 -2.5220 -4.5260 -7.1793 -9.3887 -13.5069 -18.3071 -23.5528 -9.2233
-9.52000 -11.31130 16.84330 25.92078 -9.2233 -9.2233 -9.2233 -9.2233 -9.2233 -9.2233 -0.8069 -1.8745 -0.2073 -1.7080 -0.9334 -1.1655 -2.2451 -4.1021 -6.6080 -8.6929 -12.6633 -17.3177 -22.4190 -9.2233
-9.40000 -11.33229 16.89305 25.95925 -9.2233 -9.2233 -9.2233 -9.2233 -9.2233 -9.2233 -0.7932 -1.8969 -0.2259 -1.8542 -0.9414 -1.0317 -1.9877 -3.6973 -6.0542 -8.0200 -11.8403 -16.3467 -21.3013 -9.2233
-9.28000 -11.31961 16.95322 25.96169 -9.2233 -9.2233 -9.2233 -9.2233 -9.2233 -9.2233 -0.7801 -1.9111 -0.2522 -1.9209 -0.9611 -0.9111 -1.7525 -3.3150 -5.5211 -7.3749 -11.0422 -15.3980 -20.2035 -9.2233
-9.16000 -11.27526 17.02042 25.94472 -9.2233 -9.2233 -9.2233 -9.2233 -9.2233 -9.2233 -0.7669 -1.9242 -0.2865 -1.9556 -0.9927 -0.8029 -1.5412 -2.9583 -5.0125 -6.7634 -10.2762 -14.4806 -19.1366 -9.2233
-9.04000 -11.21289 17.09157 25.90963 -9.2233 -9.2233 -9.2233 -9.2233 -9.2233 -9.2233 -0.7537 -1.9399 -0.3303 -1.9908 -1.0388 -0.7065 -1.3548 -2.6295 -4.5304 -6.1890 -9.5454 -13.5974 -18.1035 -9.2233
-8.92000 -11.16849 17.16331 25.85399 -9.2233 -9.2233 -9.2233 -9.2233 -9.2233 -9.2233 -0.7408 -1.9599 -0.3853 -2.0366 -1.1029 -0.6220 -1.1942 -2.3312 -4.0770 -5.6546 -8.8521 -12.7502 -17.1055 -9.2233
-8.80000 -11.07392 17.23211 25.77306 -9.2233 -9.2233 -9.2233 -9.2233 -9.2233 -9.2233 -0.7285 -1.9854 -0.4538 -2.0961 -1.1877 -0.5495 -1.0596 -2.0661 -3.6550 -5.1637 -8.1999 -11.9427 -16.1464 -9.2233
-8.68000 -10.96152 17.29484 25.66629 -9.2233 -9.2233 -9.2233 -9.2233 -9.2233 -9.2233 -0.7168 -2.0179 -0.5384 -2.1719 -1.2941 -0.4892 -0.9503 -1.8370 -3.2673 -4.7190 -7.5913 -11.1774 -15.2288 -9.2233
-8.56000 -10.82299 17.34932 25.52706 -9.2233 -9.2233 -9.2233 -9.2233 -9.2233 -9.2233 -0.7058 -2.0590 -0.6419 -2.2664 -1.4195 -0.4410 -0.8643 -1.6457 -2.9164 -4.3222 -7.0280 -10.4561 -14.3546 -9.2233
-8.44000 -10.66341 17.39452 25.36277 -9.2233 -9.2233 -9.2233 -9.2233 -9.2233 -9.2233 -0.6956 -2.1105 -0.7671 -2.3824 -1.5580 -0.4042 -0.7988 -1.4928 -2.6044 -3.9739 -6.5108 -9.7797 -13.5247 -9.2233
-8.32000 -10.47572 17.43037 25.16798 -9.2233 -9.2233 -9.2233 -9.2233 -9.2233 -9.2233 -0.6865 -2.1748 -0.9175 -2.5231 -1.7023 -0.3775 -0.7504 -1.3769 -2.3327 -3.6742 -6.0398 -9.1488 -12.7403 -9.2233
-8.20000 -10.25391 17.45747 24.93685 -9.2233 -9.2233 -9.2233 -9.2233 -9.2233 -9.2233 -0.6788 -2.2544 -1.0968 -2.6921 -1.8431 -0.3593 -0.7162 -1.2942 -2.1019 -3.4224 -5.6148 -8.5634 -12.0016 -9.2233
-8.08000 -10.00227 17.47533 24.51226 -9.2233 -9.2233 -9.2233 -9.2233 -9.2233 -9.2233 -0.6732 -2.3513 -1.3059 -2.8878 -1.9666 -0.3499 -0.6898 -1.2376 -1.9117 -3.2177 -5.2348 -8.0233 -11.3093 -9.2233
-7.96000 -9.77321 17.48399 24.19034 -9.2233 -9.2233 -9.2233 -9.2233 -9.2233 -9.2233 -0.6685 -2.4672 -1.5461 -3.1055 -2.0638 -0.3434 -0.6785 -1.2025 -1.7599 -3.0553 -4.8977 -7.5270 -10.6623 -9.2233
-7.84000 -9.58065 17.48898 23.79484 -9.2233 -9.2233 -9.2233 -9.2233 -9.2233 -9.2233 -0.6649 -2.6018 -1.8123 -3.3481 -2.1299 -0.3410 -0.6724 -1.1826 -1.6500 -2.9447 -4.6039 -7.0716 -10.0563 -9.2233
-7.72000 -9.41377 17.49096 22.99440 -9.2233 -9.2233 -9.2233 -9.2233 -9.2233 -9.2233 -0.6618 -2.7486 -2.0860 -3.5896 -2.1697 -0.3415 -0.6699 -1.1705 -1.5720 -2.8602 -4.3448 -6.6539 -9.4886 -9.2233
-7.60000 -9.25972 17.48991 0.00000 -9.2233 -9.2233 -9.2233 -9.2233 -9.2233 -9.2233 -0.6585 -2.8830 -2.3069 -3.7242 -2.1914 -0.3441 -0.6703 -1.1593 -1.5198 -2.7964 -4.1160 -6.2688 -8.9550 -9.2233
-7.48000 -9.18818 17.48572 0.00000 -9.2233 -9.2233 -9.2233 -9.2233 -9.2233 -9.2233 -0.6543 -2.9189 -2.3538 -3.7423 -2.2029 -0.3488 -0.6703 -1.1548 -1.4844 -2.7569 -3.9108 -5.9114 -8.4503 -9.2233
-7.36000 -9.17611 17.47995 0.00000 -9.2233 -9.2233 -9.2233 -9.2233 -9.2233 -9.2233 -0.6486 -2.9313 -2.3726 -3.7573 -2.2130 -0.3541 -0.6700 -1.1488 -1.4638 -2.7305 -3.7268 -5.5755 -7.9676 -9.2233
-7.24000 -9.14932 17.47251 0.00000 -9.2233 -9.2233 -9.2233 -9.2233 -9.2233 -9.2233 -0.6414 -2.9454 -2.3942 -3.7788 -2.2271 -0.3607 -0.6691 -1.1407 -1.4463 -2.7060 -3.5581 -5.2587 -7.5051 -9.2233
-7.12000 -9.11629 17.46316 0.00000 -9.2233 -9.2233 -9.2233 -9.2233 -9.2233 -9.2233 -0.6328 -2.9625 -2.4201 -3.8038 -2.2435 -0.3685 -0.6685 -1.1315 -1.4271 -2.6780 -3.3994 -4.9566 -7.0597 -9.2233
-7.00000 -9.07585 17.45157 0.00000 -9.2233 -9.2233 -9.2233 -9.2233 -9.2233 -9.2233 -0.6227 -2.9830 -2.4507 -3.8325 -2.2626 -0.3781 -0.6680 -1.1209 -1.4053 -2.6461 -3.2468 -4.6654 -6.6280 -9.2233
-6.88000 -9.03785 17.43665 0.00000 -9.2233 -9.2233 -9.2233 -9.2233 -9.2233 -9.2233 -0.6103 -3.0084 -2.4883 -3.8705 -2.2877 -0.3901 -0.6679 -1.1098 -1.3755 -2.6048 -3.0962 -4.3806 -6.2048 -9.2233
-6.76000 -8.97864 17.41848 0.00000 -9.2233 -9.2233 -9.2233 -9.2233 -9.2233 -9.2233 -0.5964 -3.0385 -2.5317 -3.9121 -2.3156 -0.4044 -0.6681 -1.0960 -1.3477 -2.5630 -2.9473 -4.0998 -5.7876 -9.2233
-6.64000 -8.91215 17.39676 0.00000 -9.2233 -9.2233 -9.2233 -9.2233 -9.2233 -9.2233 -0.5812 -3.0722 -2.5794 -3.9580 -2.3466 -0.4205 -0.6691 -1.0818 -1.3183 -2.5185 -2.8007 -3.8226 -5.3746 -9.2233
-6.52000 -8.83869 17.37101 0.00000 -9.2233 -9.2233 -9.2233 -9.2233 -9.2233 -9.2233 -0.5652 -3.1096 -2.6308 -4.0079 -2.3806 -0.4386 -0.6711 -1.0677 -1.2881 -2.4722 -2.6575 -3.5493 -4.9651 -9.2233
-6.40000 -8.75980 17.34065 0.00000 -9.2233 -9.2233 -9.2233 -9.2233 -9.2233 -9.2233 -0.5486 -3.1502 -2.6853 -4.0576 -2.4152 -0.4583 -0.6743 -1.0544 -1.2582 -2.4257 -2.5193 -3.2814 -4.5601 -9.2233
-6.28000 -8.67330 17.30503 0.00000 -9.2233 -9.2233 -9.2233 -9.2233 -9.2233 -9.2233 -0.5316 -3.1927 -2.7411 -4.1148 -2.4547 -0.4799 -0.6788 -1.0418 -1.2284 -2.3789 -2.3883 -3.0211 -4.1614 -9.2233
-6.16000 -8.58195 17.26333 0.00000 -9.2233 -9.2233 -9.2233 -9.2233 -9.2233 -9.2233 -0.5147 -3.2389 -2.7996 -4.1715 -2.4946 -0.5029 -0.6849 -1.0308 -1.2003 -2.3338 -2.2668 -2.7717 -3.7717 -9.2233
-6.04000 -8.48640 17.21436 0.00000 -9.2233 -9.2233 -9.2233 -9.2233 -9.2233 -9.2233 -0.4979 -3.2877 -2.8597 -4.2270 -2.5344 -0.5273 -0.6925 -1.0217 -1.1746 -2.2914 -2.1569 -2.5366 -3.3948 -9.2233
-5.92000 -8.38476 17.15664 0.00000 -9.2233 -9.2233 -9.2233 -9.2233 -9.2233 -9.2233 -0.4815 -3.3379 -2.9197 -4.2849 -2.5764 -0.5532 -0.7020 -1.0148 -1.1513 -2.2516 -2.0597 -2.3196 -3.0340 -9.2233
-5.80000 -8.27895 17.08817 0.00000 -9.2233 -9.2233 -9.2233 -9.2233 -9.2233 -9.2233 -0.4658 -3.3897 -2.9800 -4.3431 -2.6191 -0.5804 -0.7135 -1.0105 -1.1313 -2.2160 -1.9751 -2.1231 -2.6944 -9.2233
-5.68000 -8.17090 17.00566 0.00000 -9.2233 -9.2233 -9.2233 -9.2233 -9.2233 -9.2233 -0.4513 -3.4418 -3.0393 -4.3983 -2.6607 -0.6084 -0.7270 -1.0095 -1.1159 -2.1860 -1.9032 -1.9491 -2.3798 -9.2233
-5.56000 -8.06088 16.90360 0.00000 -9.2233 -9.2233 -9.2233 -9.2233 -9.2233 -9.2233 -0.4381 -3.4932 -3.0966 -4.4524 -2.7022 -0.6375 -0.7428 -1.0121 -1.1053 -2.1624 -1.8433 -1.7982 -2.0933 -9.2233
-5.44000 -7.95005 16.77154 0.00000 -9.2233 -9.2233 -9.2233 -9.2233 -9.2233 -9.2233 -0.4264 -3.5434 -3.1517 -4.5056 -2.7439 -0.6676 -0.7612 -1.0189 -1.1004 -2.1458 -1.7950 -1.6691 -1.8376 -9.2233
-5.32000 -7.84037 16.58498 0.00000 -9.2233 -9.2233 -9.2233 -9.2233 -9.2233 -9.2233 -0.4163 -3.5919 -3.2045 -4.5562 -2.7850 -0.6991 -0.7826 -1.0302 -1.1019 -2.1373 -1.7577 -1.5591 -1.6138 -9.2233
-5.20000 -7.73273 16.25969 0.00000 -9.2233 -9.2233 -9.2233 -9.2233 -9.2233 -9.2233 -0.4078 -3.6388 -3.2549 -4.6092 -2.8281 -0.7323 -0.8074 -1.0465 -1.1095 -2.1364 -1.7301 -1.4646 -1.4219 -9.2233
-5.08000 -7.62943 0.00000 0.00000 -9.2233 -9.2233 -9.2233 -9.2233 -9.2233 -9.2233 -0.4008 -3.6841 -3.3045 -4.6562 -2.8692 -0.7676 -0.8356 -1.0678 -1.1240 -2.1440 -1.7107 -1.3828 -1.2606 -9.2233
-4.96000 -7.52811 0.00000 0.00000 -9.2233 -9.2233 -9.2233 -9.2233 -9.2233 -9.2233 -0.3947 -3.7297 -3.3538 -4.7049 -2.9124 -0.8053 -0.8673 -1.0935 -1.1439 -2.1580 -1.6973 -1.3118 -1.1279 -9.2233
-4.84000 -7.42590 0.00000 0.00000 -9.2233 -9.2233 -9.2233 -9.2233 -9.2233 -9.2233 -0.3892 -3.7765 -3.4042 -4.7524 -2.9561 -0.8453 -0.9019 -1.1227 -1.1680 -2.1768 -1.6880 -1.2512 -1.0207 -9.2233
-4.72000 -7.31683 0.00000 0.00000 -9.2233 -9.2233 -9.2233 -9.2233 -9.2233 -9.2233 -0.3837 -3.8255 -3.4568 -4.8083 -3.0052 -0.8874 -0.9385 -1.1540 -1.1935 -2.1966 -1.6815 -1.2009 -0.9360 -9.2233
-4.60000 -7.19785 0.00000 0.00000 -9.2233 -9.2233 -9.2233 -9.2233 -9.2233 -9.2233 -0.3780 -3.8764 -3.5108 -4.8571 -3.0509 -0.9302 -0.9757 -1.1855 -1.2199 -2.2176 -1.6768 -1.1607 -0.8704 -9.2233
-4.48000 -7.06339 0.00000 0.00000 -9.2233 -9.2233 -9.2233 -9.2233 -9.2233 -9.2233 -0.3721 -3.9281 -3.5651 -4.9088 -3.0978 -0.9725 -1.0120 -1.2160 -1.2445 -2.2365 -1.6736 -1.1296 -0.8204 -9.2233
-4.36000 -7.15426 0.00000 0.00000 -9.2233 -9.2233 -9.2233 -9.2233 -9.2233 -9.2233 -0.3649 -4.1496 -3.7586 -5.1261 -3.1620 -1.0188 -1.0503 -1.2464 -1.2666 -2.2506 -1.6707 -1.1047 -0.7800 -9.2233
-4.24000 -6.58514 0.00000 0.00000 -9.2233 -9.2233 -9.2233 -9.2233 -9.2233 -9.2233 -0.3558 -4.1358 -3.7661 -5.0957 -3.2153 -1.0635 -1.0867 -1.2744 -1.2868 -2.2813 -1.6901 -1.0939 -0.7478 -9.2233
-4.12000 -6.19370 0.00000 0.00000 -9.2233 -9.2233 -9.2233 -9.2233 -9.2233 -9.2233 -0.3505 -4.1350 -3.7719 -5.1014 -3.2389 -1.0820 -1.1003 -1.2833 -1.2912 -2.2844 -1.6932 -1.0931 -0.7420 -9.2233
-4.00000 -5.94688 0.00000 0.00000 -9.2233 -9.2233 -9.2233 -9.2233 -9.2233 -9.2233 -0.3479 -4.1350 -3.7756 -5.1051 -3.2527 -1.0933 -1.1091 -1.2896 -1.2949 -2.2864 -1.6936 -1.0911 -0.7375 -9.2233
