-16.000000000000 -16.966676038326 -17.55077895 -9.2233 -9.2233 -5.8306 28.2187 12.2187 7.0000 1.0000E8 -10.92877360 28.2184 12.2183 0.0000 0.0000 0.0000 0.0000 1.0000 0.0010 1.8685E-6 0.0000 1.0000 -17.0124 1.000000000000E-16 1.0000E-5 0 0
-15.880000000000 -16.862727528318 -17.07733247 -9.2233 -9.2233 -5.7106 28.2187 12.3387 7.0000 1.0000E8 -10.92877162 28.2184 12.3384 0.0000 0.0000 0.0000 0.0000 1.0000 0.0010 2.3737E-6 0.0000 1.0000 -16.9085 1.318256738556E-16 1.0000E-5 3 3
-15.760000000000 -16.742727528318 -16.95733247 -9.2233 -9.2233 -5.5906 28.2187 12.4587 7.0000 1.0000E8 -10.92876867 28.2184 12.4584 0.0000 0.0000 0.0000 0.0000 1.0000 0.0010 3.1292E-6 0.0000 1.0000 -16.7885 1.737800828749E-16 1.0000E-5 3 6
-15.640000000000 -16.622727528318 -16.83733247 -9.2233 -9.2233 -5.4706 28.2187 12.5787 7.0000 1.0000E8 -10.92876478 28.2184 12.5784 0.0000 0.0000 0.0000 0.0000 1.0000 0.0010 4.1250E-6 0.0000 1.0000 -16.6685 2.290867652768E-16 1.0000E-5 3 9
-15.520000000000 -16.502727528318 -16.71733247 -9.2233 -9.2233 -5.3506 28.2187 12.6987 7.0000 1.0000E8 -10.92875964 28.2184 12.6984 0.0000 0.0000 0.0000 0.0000 1.0000 0.0010 5.4378E-6 0.0000 1.0000 -16.5485 3.019951720402E-16 1.0000E-5 3 12
-15.400000000000 -16.382727528318 -16.59733247 -9.2233 -9.2233 -5.2306 28.2187 12.8187 7.0000 1.0000E8 -10.92875288 28.2183 12.8184 0.0000 0.0000 0.0000 0.0000 1.0000 0.0010 7.1683E-6 0.0000 1.0000 -16.4285 3.981071705535E-16 1.0000E-5 3 15
-15.280000000000 -16.262727528318 -16.47733247 -9.2233 -9.2233 -5.1106 28.2187 12.9387 7.0000 1.0000E8 -10.92874396 28.2183 12.9383 0.0000 0.0000 0.0000 0.0000 1.0000 0.0010 9.4495E-6 0.0000 1.0000 -16.3085 5.248074602498E-16 1.0000E-5 3 18
-15.160000000000 -16.142727528318 -16.35733247 -9.2233 -9.2233 -4.9906 28.2187 13.0587 7.0000 1.0000E8 -10.92873221 28.2183 13.0583 0.0000 0.0000 0.0000 0.0000 1.0000 0.0010 1.2457E-5 0.0000 1.0000 -16.1885 6.918309709189E-16 1.0000E-5 3 21
-15.040000000000 -16.022727528318 -16.23733247 -9.2233 -9.2233 -4.8706 28.2186 13.1787 7.0000 1.0000E8 -10.92871671 28.2183 13.1783 0.0000 0.0000 0.0000 0.0000 1.0000 0.0010 1.6420E-5 0.0000 1.0000 -16.0685 9.120108393559E-16 1.0000E-5 3 24
-14.920000000000 -15.902727528318 -16.11733247 -9.2233 -9.2233 -4.7507 28.2186 13.2987 7.0000 1.0000E8 -10.92869629 28.2182 13.2983 0.0000 0.0000 0.0000 0.0000 1.0000 0.0010 2.1645E-5 0.0000 1.0000 -15.9485 1.202264434617E-15 1.0000E-5 3 27
-14.800000000000 -15.782727528318 -15.99733247 -9.2233 -9.2233 -4.6307 28.2185 13.4186 7.0000 1.0000E8 -10.92866936 28.2182 13.4183 0.0000 0.0000 0.0000 0.0000 1.0000 0.0010 2.8533E-5 0.0000 1.0000 -15.8285 1.584893192461E-15 1.0000E-5 3 30
-14.680000000000 -15.662727528318 -15.87733247 -9.2233 -9.2233 -4.5107 28.2185 13.5386 7.0000 1.0000E8 -10.92863387 28.2181 13.5382 0.0000 0.0000 0.0000 0.0000 1.0000 0.0010 3.7610E-5 0.0000 1.0000 -15.7085 2.089296130854E-15 1.0000E-5 3 33
-14.560000000000 -15.542727528318 -15.75733247 -9.2233 -9.2233 -4.3908 28.2184 13.6586 7.0000 1.0000E8 -10.92858709 28.2180 13.6582 0.0000 0.0000 0.0000 0.0000 1.0000 0.0010 4.9575E-5 0.0000 1.0000 -15.5885 2.754228703338E-15 1.0000E-5 3 36
-14.440000000000 -15.422727528318 -15.63733247 -9.2233 -9.2233 -4.2708 28.2182 13.7785 7.0000 1.0000E8 -10.92852542 28.2179 13.7781 0.0000 0.0000 0.0000 0.0000 1.0000 0.0010 6.5344E-5 0.0000 1.0000 -15.4685 3.630780547701E-15 1.0000E-5 3 39
-14.320000000000 -15.302727528318 -15.51733247 -9.2233 -9.2233 -4.1509 28.2181 13.8984 7.0000 1.0000E8 -10.92844414 28.2177 13.8980 0.0000 0.0000 0.0000 0.0000 1.0000 0.0010 8.6126E-5 0.0000 1.0000 -15.3485 4.786300923226E-15 1.0000E-5 3 42
-14.200000000000 -15.182727528318 -15.39733247 -9.2233 -9.2233 -4.0310 28.2179 14.0183 7.0000 1.0000E8 -10.92833701 28.2175 14.0179 0.0000 0.0000 0.0000 0.0000 1.0000 0.0010 1.1351E-4 0.0000 1.0000 -15.2285 6.309573444802E-15 1.0000E-5 3 45
-14.080000000000 -15.062727528318 -15.27733247 -9.2233 -9.2233 -3.9111 28.2176 14.1382 7.0000 1.0000E8 -10.92819583 28.2172 14.1378 0.0000 0.0000 0.0000 0.0000 1.0000 0.0010 1.4959E-4 0.0000 1.0000 -15.1085 8.317637711026E-15 1.0000E-5 3 48
-13.960000000000 -14.942727528318 -15.15733247 -9.2233 -9.2233 -3.7913 28.2172 14.2580 7.0000 1.0000E8 -10.92800977 28.2168 14.2576 0.0000 0.0000 0.0000 0.0000 1.0000 0.0010 1.9712E-4 0.0000 1.0000 -14.9885 1.096478196143E-14 1.0000E-5 3 51
-13.840000000000 -14.822727528318 -15.03733247 -9.2233 -9.2233 -3.6715 28.2167 14.3777 7.0000 1.0000E8 -10.92776461 28.2164 14.3774 0.0000 0.0000 0.0000 0.0000 1.0000 0.0010 2.5972E-4 0.0000 1.0000 -14.8685 1.445439770746E-14 1.0000E-5 3 54
-13.720000000000 -14.702727528318 -14.91733247 -9.2233 -9.2233 -3.5519 28.2161 14.4974 7.0000 1.0000E8 -10.92744160 28.2157 14.4970 0.0000 0.0000 0.0000 0.0000 1.0000 0.0010 3.4215E-4 0.0000 1.0000 -14.7485 1.905460717963E-14 1.0000E-5 3 57
-13.600000000000 -14.582727528318 -14.79733247 -9.2233 -9.2233 -3.4323 28.2152 14.6169 7.0000 1.0000E8 -10.92701613 28.2148 14.6166 0.0000 0.0000 0.0000 0.0000 1.0000 0.0010 4.5064E-4 0.0000 1.0000 -14.6285 2.511886431509E-14 1.0000E-5 3 60
-13.480000000000 -14.462727528318 -14.67733247 -9.2233 -9.2233 -3.3128 28.2141 14.7364 7.0000 1.0000E8 -10.92645581 28.2137 14.7360 0.0000 0.0000 0.0000 0.0000 1.0000 0.0010 5.9336E-4 0.0000 1.0000 -14.5085 3.311311214826E-14 1.0000E-5 3 63
-13.360000000000 -14.342727528318 -14.55733247 -9.2233 -9.2233 -3.1935 28.2126 14.8556 7.0000 1.0000E8 -10.92571814 28.2122 14.8553 0.0000 0.0000 0.0000 0.0000 1.0000 0.0010 7.8098E-4 0.0000 1.0000 -14.3885 4.365158322401E-14 1.0000E-5 3 66
-13.240000000000 -14.222727528318 -14.43733247 -9.2233 -9.2233 -3.0745 28.2106 14.9746 7.0000 1.0000E8 -10.92474739 28.2103 14.9743 0.0000 0.0000 0.0000 0.0000 1.0000 0.0010 0.0010 0.0000 1.0000 -14.2685 5.754399373371E-14 1.0000E-5 3 69
-13.120000000000 -14.102727528318 -14.31733247 -9.2233 -9.2233 -2.9557 28.2081 15.0933 7.0000 1.0000E8 -10.92347063 28.2077 15.0930 0.0000 0.0000 0.0000 0.0000 1.0000 0.0010 0.0014 0.0000 1.0000 -14.1485 7.585775750292E-14 1.0000E-5 3 72
-13.000000000000 -13.982727528318 -14.19733247 -9.2233 -9.2233 -2.8373 28.2047 15.2116 7.0000 1.0000E8 -10.92179259 28.2043 15.2112 0.0000 0.0000 0.0000 0.0000 1.0000 0.0010 0.0018 0.0000 1.0000 -14.0285 10.000000000000E-14 1.0000E-5 3 75
-12.880000000000 -13.931259008405 -14.04356467 -9.2233 -9.2233 -2.7194 28.2004 15.3293 7.0000 1.0000E8 -10.91963926 28.2000 15.3290 0.0000 0.0000 0.0000 0.0000 1.0000 0.0010 0.0020 0.0000 1.0000 -13.9770 1.318256738556E-13 1.0000E-5 3 78
-12.760000000000 -13.924788995441 -14.18290494 -9.2233 -9.2233 -2.6022 28.1938 15.4463 7.0000 1.0000E8 -10.91637383 28.1934 15.4460 0.0000 0.0000 0.0000 0.0000 1.0000 0.0010 0.0020 0.0000 1.0000 -13.9705 1.737800828749E-13 1.0000E-5 4 82
-12.640000000000 -13.916916676495 -14.13350511 -9.2233 -9.2233 -2.4860 28.1858 15.5624 7.0000 1.0000E8 -10.91240038 28.1854 15.5620 0.0000 0.0000 0.0000 0.0000 1.0000 0.0010 0.0020 0.0000 1.0000 -13.9627 2.290867652768E-13 1.0000E-5 5 87
-12.520000000000 -13.907119890459 -13.93074005 -9.2233 -9.2233 -2.3709 28.1758 15.6771 7.0000 1.0000E8 -10.90745516 28.1755 15.6768 0.0000 0.0000 0.0000 0.0000 1.0000 0.0010 0.0020 0.0000 1.0000 -13.9529 3.019951720402E-13 1.0000E-5 6 93
-12.400000000000 -13.893042923698 -14.09611590 -9.2233 -9.2233 -2.2573 28.1615 15.7903 7.0000 1.0000E8 -10.90034857 28.1611 15.7900 0.0000 0.0000 0.0000 0.0000 1.0000 0.0010 0.0021 0.0000 1.0000 -13.9388 3.981071705535E-13 1.0000E-5 8 101
-12.280000000000 -13.875679365010 -14.02987220 -9.2233 -9.2233 -2.1456 28.1438 15.9014 7.0000 1.0000E8 -10.89158144 28.1434 15.9011 0.0000 0.0000 0.0000 0.0000 1.0000 0.0010 0.0021 0.0000 1.0000 -13.9214 5.248074602497E-13 1.0000E-5 10 111
-12.160000000000 -13.852224946545 -14.52496138 -9.2233 -9.2233 -2.0363 28.1199 16.0100 7.0000 1.0000E8 -10.87973654 28.1195 16.0096 0.0000 0.0000 0.0000 0.0000 1.0000 0.0010 0.0022 0.0000 1.0000 -13.8980 6.918309709189E-13 1.0000E-5 13 124
-12.040000000000 -13.823271922810 -14.58259639 -9.2233 -9.2233 -1.9299 28.0902 16.1153 7.0000 1.0000E8 -10.86511086 28.0899 16.1149 0.0000 0.0000 0.0000 0.0000 1.0000 0.0010 0.0023 0.0000 1.0000 -13.8690 9.120108393559E-13 1.0000E-5 16 140
-11.920000000000 -13.787365361744 -14.04687580 -9.2233 -9.2233 -1.8273 28.0534 16.2166 7.0000 1.0000E8 -10.84696646 28.0530 16.2163 0.0000 0.0000 0.0000 0.0000 1.0000 0.0010 0.0024 0.0000 1.0000 -13.8331 1.202264434617E-12 1.0000E-5 19 159
-11.800000000000 -13.740641394668 -14.37253176 -9.2233 -9.2233 -1.7290 28.0052 16.3131 7.0000 1.0000E8 -10.82334530 28.0048 16.3127 0.0000 0.0000 0.0000 0.0000 1.0000 0.0010 0.0025 0.0000 1.0000 -13.7864 1.584893192461E-12 1.0000E-5 23 182
-11.680000000000 -13.682915113261 -15.29582264 -9.2233 -9.2233 -1.6359 27.9453 16.4038 7.0000 1.0000E8 -10.79414490 27.9449 16.4034 0.0000 0.0000 0.0000 0.0000 1.0000 0.0010 0.0027 0.0000 1.0000 -13.7287 2.089296130854E-12 1.0000E-5 27 209
-11.560000000000 -13.614222067933 -13.81547072 -9.2233 -9.2233 -1.5486 27.8734 16.4877 7.0000 1.0000E8 -10.75937127 27.8730 16.4873 0.0000 0.0000 0.0000 0.0000 1.0000 0.0010 0.0029 0.0000 1.0000 -13.6600 2.754228703338E-12 1.0000E-5 30 239
-11.440000000000 -13.529881045131 -13.69146415 -9.2233 -9.2233 -1.4679 27.7840 16.5640 7.0000 1.0000E8 -10.71663585 27.7836 16.5636 0.0000 0.0000 0.0000 0.0000 1.0000 0.0010 0.0032 0.0000 1.0000 -13.5756 3.630780547701E-12 1.0000E-5 33 272
-11.320000000000 -13.430182573685 -13.50763235 -9.2233 -9.2233 -1.3940 27.6763 16.6319 7.0000 1.0000E8 -10.66605750 27.6760 16.6315 0.0000 0.0000 0.0000 0.0000 1.0000 0.0010 0.0036 0.0000 1.0000 -13.4759 4.786300923226E-12 1.0000E-5 35 307
-11.200000000000 -13.313502174309 -13.42241422 -9.2233 -9.2233 -1.3271 27.5467 16.6907 7.0000 1.0000E8 -10.60677373 27.5464 16.6904 0.0000 0.0000 0.0000 0.0000 1.0000 0.0010 0.0041 0.0000 1.0000 -13.3593 6.309573444801E-12 1.0000E-5 36 343
-11.080000000000 -13.178830598188 -13.60388640 -9.2233 -9.2233 -1.2669 27.3908 16.7402 7.0000 1.0000E8 -10.53821987 27.3905 16.7399 0.0000 0.0000 0.0000 0.0000 1.0000 0.0010 0.0048 0.0000 1.0000 -13.2246 8.317637711026E-12 1.0000E-5 36 379
-10.960000000000 -13.030904749766 -13.19468271 -9.2233 -9.2233 -1.2128 27.2079 16.7801 7.0000 1.0000E8 -10.46275233 27.2076 16.7798 0.0000 0.0000 0.0000 0.0000 1.0000 0.0010 0.0057 0.0000 1.0000 -13.0767 1.096478196143E-11 1.0000E-5 34 413
-10.840000000000 -12.868067102152 -12.89413048 -9.2233 -9.2233 -1.1638 26.9846 16.8105 7.0000 1.0000E8 -10.37947639 26.9844 16.8102 0.0000 0.0000 0.0000 0.0000 1.0000 0.0010 0.0069 0.0000 1.0000 -12.9138 1.445439770746E-11 1.0000E-5 31 444
-10.720000000000 -12.686951924654 -13.00281220 -9.2233 -9.2233 -1.1190 26.6876 16.8315 7.0000 1.0000E8 -10.28663721 26.6875 16.8312 0.0000 0.0000 0.0000 0.0000 1.0000 0.0010 0.0086 0.0000 1.0000 -12.7327 1.905460717963E-11 1.0000E-5 28 472
-10.600000000000 -12.542118953483 -13.04471428 -9.2233 -9.2233 -1.0771 26.2324 16.8435 7.0000 1.0000E8 -10.18771797 26.2328 16.8431 0.0000 0.0000 0.0000 0.0000 1.0000 0.0010 0.0039 0.0000 1.0000 -12.5879 2.511886431509E-11 1.0000E-5 25 497
-10.480000000000 -12.445228171924 -12.53858948 -9.2233 -9.2233 -1.0373 25.2012 16.8466 7.0000 1.0000E8 -10.08575293 25.1919 16.8463 0.0000 0.0000 0.0000 0.0000 1.0000 0.0010 0.0035 0.0000 1.0000 -12.4910 3.311311214826E-11 1.0000E-5 25 522
-10.360000000000 -12.345625473071 -13.25237235 -9.2233 -9.2233 -0.9990 26.0546 16.8418 7.0000 1.0000E8 -10.06131658 26.0530 16.8415 0.0000 0.0000 0.0000 0.0000 1.0000 0.0010 0.0032 0.0000 1.0000 -12.3914 4.365158322401E-11 1.0000E-5 27 549
-10.240000000000 -12.245544738413 -12.59881696 -9.2233 -9.2233 -0.9620 26.1429 16.8302 7.0000 1.0000E8 -10.06131658 26.1417 16.8300 0.0000 0.0000 0.0000 0.0000 1.0000 0.0010 0.0030 0.0000 1.0000 -12.2913 5.754399373371E-11 1.0000E-5 28 577
-10.120000000000 -12.132193629835 -12.63220514 -9.2233 -9.2233 -0.9270 26.0768 16.8145 7.0000 1.0000E8 -10.06131658 26.0755 16.8143 0.0000 0.0000 0.0000 0.0000 1.0000 0.0010 0.0027 0.0000 1.0000 -12.1780 7.585775750291E-11 1.0000E-5 29 606
-10.000000000000 -11.999698006110 -12.68368637 -9.2233 -9.2233 -0.8947 25.8684 16.7985 7.0000 1.0000E8 -10.06131658 25.8668 16.7984 0.0000 0.0000 0.0000 0.0000 1.0000 0.0010 0.0025 0.0000 1.0000 -12.0455 9.999999999999E-11 1.0000E-5 29 635
-9.880000000000 -11.846186182082 -11.99414038 -9.2233 -9.2233 -0.8661 25.3263 16.7882 7.0000 1.0000E8 -10.06131658 25.3223 16.7881 0.0000 0.0000 0.0000 0.0000 1.0000 0.0010 0.0024 0.0000 1.0000 -11.8919 1.318256738556E-10 1.0000E-5 27 662
-9.760000000000 -11.666238471278 -11.73392027 -9.2233 -9.2233 -0.8421 25.4331 16.7898 7.0000 1.0000E8 -10.06131658 25.4350 16.7898 0.0000 0.0000 0.0000 0.0000 1.0000 0.0010 0.0023 0.0000 1.0000 -11.7120 1.737800828749E-10 1.0000E-5 24 686
-9.640000000000 -11.465070083303 -11.99417527 -9.2233 -9.2233 -0.8227 25.8017 16.8080 7.0000 1.0000E8 -10.06131658 25.8021 16.8079 0.0000 0.0000 0.0000 0.0000 1.0000 0.0010 0.0022 0.0000 1.0000 -11.5108 2.290867652768E-10 1.0000E-5 21 707
-9.520000000000 -11.287240706712 -12.05747634 -9.2233 -9.2233 -0.8069 25.9208 16.8433 7.0000 1.0000E8 -10.06131658 25.9209 16.8433 0.0000 0.0000 0.0000 0.0000 1.0000 0.0010 0.0021 0.0000 1.0000 -11.3330 3.019951720402E-10 1.0000E-5 18 725
-9.400000000000 -11.333494207856 -12.87824974 -9.2233 -9.2233 -0.7932 25.9592 16.8930 7.0000 1.0000E8 -10.06131658 25.9593 16.8931 0.0000 0.0000 0.0000 0.0000 1.0000 0.0010 0.0022 0.0000 1.0000 -11.3793 3.981071705535E-10 1.0000E-5 21 746
-9.280000000000 -11.316269849823 -11.34580354 -9.2233 -9.2233 -0.7801 25.9617 16.9532 7.0000 1.0000E8 -10.06131658 25.9617 16.9532 0.0000 0.0000 0.0000 0.0000 1.0000 0.0010 0.0023 0.0000 1.0000 -11.3620 5.248074602497E-10 1.0000E-5 27 773
-9.160000000000 -11.270717065921 -11.34305491 -9.2233 -9.2233 -0.7669 25.9447 17.0204 7.0000 1.0000E8 -10.06131658 25.9448 17.0204 0.0000 0.0000 0.0000 0.0000 1.0000 0.0010 0.0025 0.0000 1.0000 -11.3165 6.918309709189E-10 1.0000E-5 33 806
-9.040000000000 -11.207801054746 -11.88176507 -9.2233 -9.2233 -0.7537 25.9096 17.0916 7.0000 1.0000E8 -10.06131658 25.9097 17.0916 0.0000 0.0000 0.0000 0.0000 1.0000 0.0010 0.0028 0.0000 1.0000 -11.2536 9.120108393558E-10 1.0000E-5 39 845
-8.920000000000 -11.163206083990 -11.90834414 -9.2233 -9.2233 -0.7408 25.8540 17.1633 7.0000 1.0000E8 -10.06131658 25.8540 17.1633 0.0000 0.0000 0.0000 0.0000 1.0000 0.0010 0.0029 0.0000 1.0000 -11.1760 1.202264434617E-9 1.0000E-5 46 891
-8.800000000000 -11.067836769188 -12.47727886 -9.2233 -9.2233 -0.7285 25.7731 17.2321 7.0000 1.0000E8 -10.06131658 25.7731 17.2321 0.0000 0.0000 0.0000 0.0000 1.0000 0.0010 0.0034 0.0000 1.0000 -11.0807 1.584893192461E-9 1.0000E-5 51 942
-8.680000000000 -10.954287262413 -11.04936989 -9.2233 -9.2233 -0.7168 25.6663 17.2948 7.0000 1.0000E8 -10.06131658 25.6663 17.2949 0.0000 0.0000 0.0000 0.0000 1.0000 0.0010 0.0042 0.0000 1.0000 -10.9671 2.089296130854E-9 1.0000E-5 52 994
-8.560000000000 -10.813988371751 -12.20052345 -9.2233 -9.2233 -0.7058 25.5271 17.3493 7.0000 1.0000E8 -10.06131658 25.5271 17.3494 0.0000 0.0000 0.0000 0.0000 1.0000 0.0010 0.0053 0.0000 1.0000 -10.8268 2.754228703338E-9 1.0000E-5 52 1046
-8.440000000000 -10.651727296978 -10.90155266 -9.2233 -9.2233 -0.6956 25.3628 17.3945 7.0000 1.0000E8 -10.06131658 25.3628 17.3946 0.0000 0.0000 0.0000 0.0000 1.0000 0.0010 0.0070 0.0000 1.0000 -10.6646 3.630780547701E-9 1.0000E-5 48 1094
-8.320000000000 -10.459679203936 -10.64839479 -9.2233 -9.2233 -0.6865 25.1680 17.4304 7.0000 1.0000E8 -10.06131658 25.1680 17.4304 0.0000 0.0000 0.0000 0.0000 1.0000 0.0010 0.0099 0.0000 1.0000 -10.4725 4.786300923226E-9 1.0000E-5 42 1136
-8.200000000000 -10.230192673285 -11.86708273 -9.2233 -9.2233 -0.6788 24.9368 17.4575 7.0000 1.0000E8 -10.06131658 24.9369 17.4575 0.0000 0.0000 0.0000 0.0000 1.0000 0.0010 0.0150 0.0000 1.0000 -10.2430 6.309573444801E-9 1.0000E-5 35 1171
-8.080000000000 -9.964803513531 -10.33033231 -9.2233 -9.2233 -0.6732 24.5123 17.4753 7.0000 1.0000E8 -10.06131658 24.8000 17.4774 0.0625 0.0417 0.0526 0.0059 1.0000 0.0010 0.0243 0.0000 1.0000 -9.9773 8.317637711026E-9 1.0000E-5 26 1197
-7.960000000000 -9.735078471548 -9.93594101 -9.2233 -9.2233 -0.6685 24.1903 17.4840 7.0000 1.0000E8 -10.06131658 24.4359 17.4900 0.1250 0.0417 0.0526 0.0054 1.0000 0.0010 0.0358 0.0000 1.0000 -9.6756 1.096478196143E-8 1.0000E-5 19 1216
-7.840000000000 -9.542520100971 -9.60094573 -9.2233 -9.2233 -0.6649 23.7948 17.4890 7.0000 1.0000E8 -10.06131658 24.0269 17.4975 0.1250 0.0417 0.0526 0.0046 1.0000 0.0010 9.4822E-4 0.0000 1.0000 -9.3897 1.445439770746E-8 1.0000E-5 15 1231
-7.720000000000 -9.375636179803 -9.38850491 -9.2233 -9.2233 -0.6618 22.9944 17.4910 7.0000 1.0000E8 -10.06131658 23.4608 17.5011 0.1250 0.0417 0.0526 0.0035 1.0000 0.0010 8.7550E-4 0.0000 1.0000 -9.1912 1.905460717963E-8 1.0000E-5 13 1244
-7.600000000000 -9.221589483341 -9.29296878 -9.2233 -9.2233 -0.6585 23.5369 17.4899 7.0000 1.0000E8 -10.06131658 22.9441 17.5015 0.0625 0.2917 0.2632 0.0142 0.9996 0.0010 0.0013 40750.2094 1.0000 -9.2089 2.511886431509E-8 1.0000E-5 12 1256
-7.480000000000 -9.186854195637 -9.56730057 -9.2233 -9.2233 -0.6543 23.5843 17.4857 7.0000 1.0000E8 -10.06131658 23.6729 17.4986 0.0625 0.2917 0.2632 0.0082 0.9998 0.0010 0.0014 28951.9247 1.0000 -9.1997 3.311311214826E-8 1.0000E-5 13 1269
-7.360000000000 -9.172701080364 -9.19335587 -9.2233 -9.2233 -0.6486 23.5795 17.4799 7.0000 1.0000E8 -10.06131658 23.5290 17.4938 0.0625 0.2917 0.2632 0.0061 0.9996 0.0010 0.0013 24912.4753 1.0000 -9.1855 4.365158322401E-8 1.0000E-5 16 1285
-7.240000000000 -9.145232902703 -10.50998326 -9.2233 -9.2233 -0.6414 23.5541 17.4725 7.0000 1.0000E8 -10.06131658 24.4300 17.4874 0.0625 0.2917 0.2632 0.0057 1.0000 0.0010 0.0013 23790.6912 1.0000 -9.1581 5.754399373371E-8 1.0000E-5 21 1306
-7.120000000000 -9.112173065793 -9.31237343 -9.2233 -9.2233 -0.6328 23.5216 17.4632 7.0000 1.0000E8 -10.06131658 23.5479 17.4796 0.0625 0.2917 0.2632 0.0058 0.9997 0.0010 0.0013 23231.2569 1.0000 -9.1250 7.585775750291E-8 1.0000E-5 25 1331
-7.000000000000 -9.071800832386 -9.17110265 -9.2233 -9.2233 -0.6227 23.4815 17.4516 7.0000 1.0000E8 -10.06131658 23.4553 17.4700 0.0625 0.2917 0.2632 0.0059 0.9996 0.0010 0.0013 22661.8329 1.0000 -9.0846 9.999999999999E-8 1.0000E-5 30 1361
-6.880000000000 -9.033621327572 -9.56253361 -9.2233 -9.2233 -0.6103 23.4561 17.4367 7.0000 1.0000E8 -10.06131658 23.6646 17.4573 0.0625 0.3333 0.3158 0.0060 0.9999 0.0010 0.0012 35774.6456 1.0000 -9.0465 1.318256738556E-7 1.0000E-5 37 1398
-6.760000000000 -8.974485440736 -9.47141325 -9.2233 -9.2233 -0.5964 23.3974 17.4185 7.0000 1.0000E8 -10.06131658 23.5728 17.4422 0.1250 0.3333 0.3158 0.0063 0.9999 0.0010 0.0012 34793.9100 1.0000 -8.9873 1.737800828749E-7 1.0000E-5 43 1441
-6.640000000000 -8.908061341784 -9.47504148 -9.2233 -9.2233 -0.5812 23.3312 17.3968 7.0000 1.0000E8 -10.06131658 23.5355 17.4246 0.1250 0.3333 0.3158 0.0067 0.9999 0.0010 0.0011 33716.5539 1.0000 -8.9209 2.290867652768E-7 1.0000E-5 49 1490
-6.520000000000 -8.834662753639 -9.59876101 -9.2233 -9.2233 -0.5652 23.2580 17.3710 7.0000 1.0000E8 -10.06131658 23.5776 17.4044 0.1250 0.3333 0.3158 0.0072 0.9999 0.0010 0.0011 32544.4362 1.0000 -8.8475 3.019951720402E-7 1.0000E-5 55 1545
-6.400000000000 -8.755832306072 -8.81945690 -9.2233 -9.2233 -0.5486 23.1789 17.3407 7.0000 1.0000E8 -10.06131658 23.1100 17.3815 0.1250 0.3333 0.3158 0.0078 0.9997 0.0010 0.0011 31306.2015 1.0000 -8.7687 3.981071705535E-7 1.0000E-5 60 1605
-6.280000000000 -8.669381208209 -9.29380129 -9.2233 -9.2233 -0.5316 23.0908 17.3050 7.0000 1.0000E8 -10.06131658 23.2688 17.3556 0.2500 0.3333 0.3158 0.0087 0.9999 0.0010 0.0010 29989.4770 1.0000 -8.6822 5.248074602497E-7 1.0000E-5 66 1671
-6.160000000000 -8.578071660495 -9.45408631 -9.2233 -9.2233 -0.5147 22.9981 17.2633 7.0000 1.0000E8 -10.06131658 23.3125 17.3270 0.3125 0.3333 0.3158 0.0097 0.9999 0.0010 9.8260E-4 28605.5917 1.0000 -8.5909 6.918309709189E-7 1.0000E-5 71 1742
-6.040000000000 -8.482547226120 -8.77138420 -9.2233 -9.2233 -0.4979 22.9003 17.2144 7.0000 1.0000E8 -10.06131658 22.8591 17.2957 0.3125 0.3333 0.3684 0.0110 0.9998 0.0010 9.4545E-4 27180.5870 1.0000 -8.4954 9.120108393558E-7 1.0000E-5 75 1817
-5.920000000000 -8.380883544158 -8.64538529 -9.2233 -9.2233 -0.4815 22.7947 17.1566 7.0000 1.0000E8 -10.06131658 22.7300 17.2613 0.1875 0.4583 0.4737 0.0024 0.9998 0.0010 9.1033E-4 26332.3029 1.0000 -8.3937 1.202264434617E-6 1.0000E-5 79 1896
-5.800000000000 -8.275058822919 -8.64555273 -9.2233 -9.2233 -0.4658 22.6829 17.0882 7.0000 1.0000E8 -10.06131658 22.6165 17.2247 0.1875 0.4583 0.4737 0.0759 0.9998 0.0010 8.7810E-4 24836.2481 1.0000 -8.2879 1.584893192461E-6 1.0000E-5 82 1978
-5.680000000000 -8.167035391571 -8.34993899 -9.2233 -9.2233 -0.4513 22.5662 17.0057 7.0000 1.0000E8 -10.06131658 22.3990 17.1871 0.1875 0.4583 0.4737 0.0123 0.9997 0.0010 8.4917E-4 23241.7663 1.0000 -8.1799 2.089296130854E-6 1.0000E-5 84 2062
-5.560000000000 -8.057056462088 -8.18197728 -9.2233 -9.2233 -0.4381 22.4442 16.9036 7.0000 1.0000E8 -10.06131658 22.2103 17.1496 0.1875 0.4583 0.4737 0.0057 0.9996 0.0010 8.2371E-4 21656.8206 1.0000 -8.0699 2.754228703338E-6 1.0000E-5 86 2148
-5.440000000000 -7.946310364312 -8.13133134 -9.2233 -9.2233 -0.4264 22.3176 16.7715 7.0000 1.0000E8 -10.06131658 22.0059 17.1142 0.1875 0.4583 0.4737 0.0082 0.9997 0.0010 8.0182E-4 20136.9142 1.0000 -7.9591 3.630780547701E-6 1.0000E-5 88 2236
-5.320000000000 -7.836785008929 -8.02562030 -9.2233 -9.2233 -0.4163 22.1893 16.5850 7.0000 1.0000E8 -10.06131658 21.7501 17.0827 0.1875 0.4583 0.4737 0.0061 0.9997 0.0010 7.8343E-4 18771.6246 1.0000 -7.8496 4.786300923226E-6 1.0000E-5 90 2326
-5.200000000000 -7.729365051283 -8.71983922 -9.2233 -9.2233 -0.4078 22.0623 16.2597 7.0000 1.0000E8 -10.06131658 21.8989 17.0572 0.1875 0.4583 0.4737 0.0060 0.9999 0.0010 7.6833E-4 17651.2361 1.0000 -7.7422 6.309573444801E-6 1.0000E-5 93 2419
-5.080000000000 -7.626284353840 -8.12119676 -9.2233 -9.2233 -0.4008 21.9425 15.2824 7.0000 1.0000E8 -10.06131658 21.0853 17.0379 0.1875 0.4583 0.4737 0.0031 0.9998 0.0010 7.5595E-4 16849.2138 1.0000 -7.6391 8.317637711026E-6 1.0000E-5 96 2515
-4.960000000000 -7.525125706729 -7.98614919 -9.2233 -9.2233 -0.3947 21.8307 16.3465 7.0000 1.0000E8 -10.06131658 21.1736 17.0236 0.1875 0.4583 0.4737 0.0030 0.9998 0.0010 7.4552E-4 16316.8648 1.0000 -7.5380 1.096478196143E-5 1.0000E-5 100 2615
-4.840000000000 -7.422927477107 -7.59242687 -9.2233 -9.2233 -0.3892 21.7255 16.6340 7.0000 1.0000E8 -10.06131658 20.2733 17.0117 0.1875 0.4583 0.4737 0.0030 0.9996 0.0010 7.3610E-4 15929.0166 1.0000 -7.4358 1.445439770746E-5 1.0000E-5 104 2719
-4.720000000000 -7.313690340878 -7.90559874 -9.2233 -9.2233 -0.3837 21.6196 16.8105 7.0000 1.0000E8 -10.06131658 21.2417 16.9987 0.1875 0.4583 0.4737 0.0030 0.9998 0.0010 7.2689E-4 15537.8218 1.0000 -7.3265 1.905460717963E-5 1.0000E-5 108 2827
-4.600000000000 -7.194343530751 -7.30632095 -9.2233 -9.2233 -0.3780 21.5071 16.9385 7.0000 1.0000E8 -10.06131658 20.6476 16.9819 0.1875 0.4583 0.4737 0.0023 0.9996 0.0010 7.1738E-4 15068.8432 1.0000 -7.2072 2.511886431509E-5 1.0000E-5 109 2936
-4.480000000000 -7.059277688333 -7.08553221 -9.2233 -9.2233 -0.3721 21.3798 17.0373 7.0000 1.0000E8 -10.06131658 20.7261 16.9601 0.1875 0.4583 0.4737 0.0018 0.9995 0.0010 7.0762E-4 14522.1623 1.0000 -7.0721 3.311311214826E-5 1.0000E-5 107 3043
-4.360000000000 -7.146586251767 -7.73444300 -9.2233 -9.2233 -0.3649 21.9314 17.1705 7.0000 1.0000E8 -9.84848887 21.5867 16.9268 0.1875 0.6250 0.6316 0.0016 1.0000 0.0010 2.6176 4308.8645 1.0000 -7.1594 4.365158322401E-5 1.0000E-5 103 3146
-4.240000000000 -6.566795189998 -6.97760552 -9.2233 -9.2233 -0.3558 21.3926 17.3143 7.0000 1.0000E8 -9.85760921 20.8247 16.8706 0.1250 0.8333 0.8421 0.0014 0.9998 0.0010 2.9589 31510.2286 1.0000 -6.5796 5.754399373371E-5 1.0000E-5 103 3249
-4.120000000000 -6.156062234520 -6.81378111 -9.2233 -9.2233 -0.3505 20.9817 17.3711 7.0000 1.0000E8 -9.86293741 19.9601 16.8283 0.1250 0.8333 0.8421 0.0017 0.9999 0.0010 3.1231 37570.4590 1.0000 -6.1687 7.585775750291E-5 1.0000E-5 44 3293
-4.000000000000 -5.908752683701 -6.00394834 -9.2233 -9.2233 -0.3479 20.6637 17.4004 7.0000 1.0000E8 -9.86546108 19.9195 16.8069 0.1875 0.8333 0.8421 0.0012 0.9997 0.0010 2.7399 38668.4448 1.0000 -5.8507 9.999999999999E-5 1.0000E-5 29 3322
