-8.920000 -11.16321 -7.394 -8.686 -8.978 -10.071 -9.438 -5.169 -9.489 -6.054 -9.206 -9.543 -8.971 -8.300 -9.756 -6.655 -6.052 -5.790 -9.005 -8.158 -8.655 -10.061 -10.071 25.000 -10.071 
-8.800000 -11.06784 -7.394 -8.678 -8.965 -10.071 -9.367 -5.147 -9.501 -6.061 -9.225 -9.550 -8.974 -8.304 -9.757 -6.662 -6.060 -5.796 -9.005 -8.158 -8.655 -10.061 -10.071 25.000 -10.071 
-8.680000 -10.95429 -7.394 -8.669 -8.949 -10.071 -9.282 -5.122 -9.512 -6.063 -9.242 -9.557 -8.978 -8.307 -9.757 -6.669 -6.067 -5.801 -9.005 -8.158 -8.655 -10.061 -10.071 25.000 -10.071 
-8.560000 -10.81399 -7.394 -8.660 -8.926 -10.070 -9.174 -5.094 -9.523 -6.057 -9.259 -9.563 -8.981 -8.311 -9.758 -6.676 -6.074 -5.807 -9.005 -8.158 -8.655 -10.061 -10.070 25.000 -10.070 
-8.440000 -10.65173 -7.394 -8.651 -8.897 -10.070 -9.046 -5.065 -9.533 -6.039 -9.272 -9.569 -8.985 -8.314 -9.758 -6.683 -6.080 -5.812 -9.005 -8.158 -8.655 -10.061 -10.070 25.000 -10.070 
-8.320000 -10.45968 -7.394 -8.643 -8.861 -10.070 -8.891 -5.037 -9.542 -6.007 -9.284 -9.573 -8.988 -8.317 -9.759 -6.688 -6.086 -5.816 -9.005 -8.158 -8.655 -10.061 -10.070 25.000 -10.070 
-8.200000 -10.23019 -7.394 -8.637 -8.816 -10.069 -8.700 -5.012 -9.550 -5.956 -9.294 -9.577 -8.991 -8.320 -9.759 -6.693 -6.091 -5.820 -9.005 -8.158 -8.655 -10.061 -10.069 25.000 -10.069 
-8.080000 -9.96480 -7.394 -8.632 -8.765 -10.069 -8.482 -4.990 -9.555 -5.883 -9.300 -9.580 -8.993 -8.322 -9.759 -6.697 -6.094 -5.823 -9.005 -8.158 -8.655 -10.061 -9.759 -9.555 -9.555 
-7.960000 -9.73508 -7.394 -8.629 -8.705 -10.069 -8.228 -4.975 -9.560 -5.790 -9.306 -9.581 -8.994 -8.324 -9.760 -6.700 -6.097 -5.825 -9.005 -8.158 -8.655 -10.061 -9.306 -9.760 -9.306 
-7.840000 -9.54252 -7.394 -8.627 -8.639 -10.069 -7.942 -4.964 -9.564 -5.675 -9.310 -9.583 -8.995 -8.325 -9.760 -6.702 -6.100 -5.827 -9.005 -8.158 -8.656 -10.061 -9.310 -9.760 -9.310 
-7.720000 -9.37564 -7.394 -8.627 -8.568 -10.069 -7.633 -4.958 -9.567 -5.541 -9.313 -9.583 -8.996 -8.327 -9.760 -6.704 -6.102 -5.828 -9.005 -8.158 -8.656 -10.061 -9.313 -9.760 -9.313 
-7.600000 -9.22159 -7.394 -8.627 -8.505 -10.069 -7.365 -4.955 -9.570 -5.403 -9.316 -9.584 -8.997 -8.328 -9.760 -6.706 -6.104 -5.830 -9.005 -8.158 -8.656 -10.061 -9.005 -10.069 -9.005 
-7.480000 -9.18685 -7.394 -8.629 -8.489 -10.069 -7.306 -4.954 -9.574 -5.359 -9.320 -9.585 -8.998 -8.329 -9.760 -6.709 -6.106 -5.832 -9.005 -8.158 -8.656 -10.061 -9.005 -10.069 -9.005 
-7.360000 -9.17270 -7.394 -8.631 -8.486 -10.069 -7.286 -4.954 -9.580 -5.347 -9.326 -9.586 -8.999 -8.331 -9.761 -6.713 -6.110 -5.835 -9.005 -8.158 -8.656 -10.061 -9.005 -10.069 -9.005 
-7.240000 -9.14523 -7.394 -8.635 -8.483 -10.069 -7.260 -4.954 -9.587 -5.333 -9.333 -9.587 -9.000 -8.334 -9.761 -6.718 -6.115 -5.839 -9.005 -8.158 -8.656 -10.061 -9.005 -10.069 -9.005 
-7.120000 -9.11217 -7.394 -8.639 -8.480 -10.070 -7.232 -4.954 -9.595 -5.317 -9.341 -9.589 -9.002 -8.336 -9.761 -6.723 -6.121 -5.843 -9.005 -8.158 -8.656 -10.061 -9.005 -10.070 -9.005 
-7.000000 -9.07180 -7.394 -8.643 -8.476 -10.070 -7.198 -4.954 -9.605 -5.298 -9.351 -9.591 -9.005 -8.340 -9.762 -6.730 -6.127 -5.848 -9.005 -8.158 -8.656 -10.061 -9.005 -10.070 -9.005 
-6.880000 -9.03362 -7.394 -8.649 -8.472 -10.070 -7.157 -4.954 -9.617 -5.273 -9.363 -9.594 -9.008 -8.344 -9.763 -6.739 -6.136 -5.855 -9.005 -8.158 -8.656 -10.061 -9.005 -10.070 -9.005 
-6.760000 -8.97449 -7.394 -8.656 -8.466 -10.070 -7.110 -4.954 -9.630 -5.244 -9.377 -9.597 -9.011 -8.349 -9.763 -6.748 -6.145 -5.863 -9.005 -8.158 -8.656 -10.061 -8.656 -9.005 -8.656 
-6.640000 -8.90806 -7.394 -8.663 -8.460 -10.071 -7.060 -4.953 -9.645 -5.211 -9.392 -9.601 -9.015 -8.354 -9.764 -6.758 -6.155 -5.871 -9.005 -8.158 -8.656 -10.061 -8.663 -9.005 -8.663 
-6.520000 -8.83466 -7.394 -8.671 -8.453 -10.071 -7.008 -4.952 -9.660 -5.175 -9.407 -9.605 -9.019 -8.360 -9.765 -6.770 -6.166 -5.880 -9.005 -8.158 -8.656 -10.061 -8.671 -9.005 -8.671 
-6.400000 -8.75583 -7.394 -8.680 -8.446 -10.071 -6.956 -4.950 -9.677 -5.136 -9.424 -9.609 -9.023 -8.366 -9.766 -6.781 -6.178 -5.889 -9.005 -8.158 -8.656 -10.061 -8.680 -9.005 -8.680 
-6.280000 -8.66938 -7.394 -8.688 -8.439 -10.072 -6.904 -4.947 -9.693 -5.095 -9.440 -9.613 -9.027 -8.372 -9.767 -6.794 -6.190 -5.899 -9.005 -8.158 -8.656 -10.061 -8.656 -8.158 -8.158 
-6.160000 -8.57807 -7.394 -8.697 -8.432 -10.072 -6.853 -4.944 -9.710 -5.050 -9.457 -9.618 -9.032 -8.378 -9.768 -6.806 -6.202 -5.909 -9.005 -8.158 -8.656 -10.061 -6.806 -8.656 -6.806 
-6.040000 -8.48255 -7.394 -8.706 -8.424 -10.072 -6.806 -4.940 -9.726 -5.003 -9.473 -9.623 -9.037 -8.385 -9.769 -6.818 -6.214 -5.919 -9.005 -8.158 -8.656 -10.061 -6.818 -8.656 -6.818 
-5.920000 -8.38088 -7.394 -8.715 -8.416 -10.073 -6.761 -4.935 -9.742 -4.954 -9.490 -9.627 -9.041 -8.391 -9.770 -6.830 -6.226 -5.929 -9.005 -8.158 -8.656 -10.061 -6.830 -4.954 -4.954 
-5.800000 -8.27506 -7.394 -8.724 -8.408 -10.073 -6.720 -4.929 -9.757 -4.903 -9.505 -9.632 -9.046 -8.398 -9.772 -6.842 -6.238 -5.938 -9.005 -8.158 -8.656 -10.061 -6.842 -4.903 -4.903 
-5.680000 -8.16704 -7.394 -8.732 -8.401 -10.074 -6.683 -4.922 -9.772 -4.853 -9.519 -9.637 -9.050 -8.404 -9.773 -6.853 -6.249 -5.947 -9.005 -8.158 -8.656 -10.061 -6.853 -4.853 -4.853 
-5.560000 -8.05706 -7.394 -8.740 -8.395 -10.074 -6.650 -4.914 -9.785 -4.803 -9.532 -9.641 -9.054 -8.409 -9.774 -6.863 -6.259 -5.956 -9.005 -8.158 -8.656 -10.061 -6.863 -4.803 -4.803 
-5.440000 -7.94631 -7.394 -8.747 -8.388 -10.074 -6.620 -4.905 -9.796 -4.754 -9.544 -9.644 -9.057 -8.414 -9.774 -6.872 -6.268 -5.963 -9.005 -8.158 -8.656 -10.061 -6.872 -4.754 -4.754 
-5.320000 -7.83679 -7.394 -8.753 -8.382 -10.075 -6.592 -4.894 -9.806 -4.707 -9.554 -9.647 -9.060 -8.418 -9.775 -6.879 -6.275 -5.970 -9.005 -8.158 -8.656 -10.061 -6.879 -4.707 -4.707 
-5.200000 -7.72937 -7.394 -8.758 -8.377 -10.075 -6.565 -4.882 -9.814 -4.662 -9.562 -9.650 -9.062 -8.421 -9.776 -6.886 -6.282 -5.976 -9.005 -8.158 -8.656 -10.061 -6.886 -4.662 -4.662 
-5.080000 -7.62628 -7.394 -8.762 -8.371 -10.075 -6.540 -4.868 -9.821 -4.619 -9.569 -9.652 -9.064 -8.424 -9.776 -6.891 -6.288 -5.981 -9.005 -8.158 -8.656 -10.061 -6.891 -4.619 -4.619 
-4.960000 -7.52513 -7.394 -8.765 -8.365 -10.075 -6.515 -4.852 -9.827 -4.576 -9.575 -9.653 -9.066 -8.427 -9.777 -6.896 -6.292 -5.985 -9.005 -8.158 -8.656 -10.061 -6.896 -4.576 -4.576 
-4.840000 -7.42293 -7.394 -8.769 -8.360 -10.076 -6.489 -4.835 -9.833 -4.532 -9.581 -9.655 -9.067 -8.429 -9.777 -6.900 -6.297 -5.989 -9.005 -8.158 -8.656 -10.061 -6.900 -4.532 -4.532 
-4.720000 -7.31369 -7.394 -8.772 -8.355 -10.076 -6.463 -4.816 -9.838 -4.485 -9.586 -9.656 -9.069 -8.431 -9.778 -6.905 -6.301 -5.994 -9.005 -8.158 -8.656 -10.061 -6.905 -4.485 -4.485 
-4.600000 -7.19434 -7.394 -8.776 -8.350 -10.076 -6.437 -4.798 -9.844 -4.438 -9.592 -9.658 -9.070 -8.433 -9.778 -6.909 -6.306 -5.998 -9.005 -8.158 -8.656 -10.061 -6.909 -4.438 -4.438 
-4.480000 -7.05928 -7.394 -8.779 -8.346 -10.076 -6.412 -4.779 -9.849 -4.390 -9.598 -9.660 -9.072 -8.436 -9.779 -6.914 -6.311 -6.002 -9.005 -8.158 -8.656 -10.061 -6.914 -4.390 -4.390 
-4.360000 -7.14659 -7.394 -8.784 -8.322 -10.076 -6.358 -4.760 -9.856 -4.197 -9.605 -9.662 -9.074 -8.439 -9.779 -6.919 -6.316 -6.007 -9.005 -8.158 -8.656 -9.848 -6.919 -4.197 -4.197 
-4.240000 -6.56680 -7.394 -8.789 -8.334 -10.077 -6.342 -4.742 -9.865 -4.212 -9.614 -9.666 -9.077 -8.443 -9.780 -6.927 -6.323 -6.013 -9.005 -8.158 -8.656 -9.858 25.000 -4.212 25.000 
-4.120000 -6.15606 -7.394 -8.793 -8.339 -10.077 -6.335 -4.735 -9.870 -4.212 -9.619 -9.668 -9.079 -8.445 -9.780 -6.931 -6.328 -6.017 -9.005 -8.158 -8.656 -9.863 25.000 -4.212 25.000 
-4.000000 -5.90875 -7.394 -8.794 -8.341 -10.077 -6.331 -4.731 -9.873 -4.209 -9.621 -9.669 -9.080 -8.446 -9.781 -6.933 -6.330 -6.019 -9.005 -8.158 -8.656 -9.865 25.000 -4.209 25.000 
