-8.920000 -11.16321 1.6998E-4 0.0033 0.0065 0.0809 0.0188 1.0129E-6 0.0212 7.7809E-6 0.0110 0.0240 0.0064 0.0014 0.0392 3.0999E-5 7.7464E-6 4.2367E-6 0.0069 9.8838E-4 0.0031 
-8.800000 -11.06784 2.1172E-4 0.0041 0.0079 0.1007 0.0199 1.1990E-6 0.0271 9.8350E-6 0.0144 0.0303 0.0081 0.0017 0.0489 3.9292E-5 9.8170E-6 5.3473E-6 0.0087 0.0012 0.0039 
-8.680000 -10.95429 2.7499E-4 0.0052 0.0099 0.1307 0.0213 1.4706E-6 0.0361 1.2831E-5 0.0194 0.0400 0.0105 0.0023 0.0636 5.1878E-5 1.2960E-5 7.0324E-6 0.0112 0.0016 0.0050 
-8.560000 -10.81399 3.7985E-4 0.0070 0.0129 0.1804 0.0229 1.9045E-6 0.0512 1.7481E-5 0.0278 0.0561 0.0147 0.0031 0.0879 7.2822E-5 1.8189E-5 9.8339E-6 0.0155 0.0022 0.0069 
-8.440000 -10.65173 5.5191E-4 0.0100 0.0176 0.2619 0.0248 2.5921E-6 0.0761 2.4417E-5 0.0418 0.0826 0.0215 0.0046 0.1278 1.0737E-4 2.6814E-5 1.4449E-5 0.0226 0.0032 0.0101 
-8.320000 -10.45968 8.5886E-4 0.0153 0.0252 0.4074 0.0270 3.7827E-6 0.1209 3.5298E-5 0.0668 0.1299 0.0337 0.0072 0.1991 1.6931E-4 4.2280E-5 2.2715E-5 0.0351 0.0050 0.0157 
-8.200000 -10.23019 0.0015 0.0255 0.0386 0.6906 0.0295 6.0465E-6 0.2088 5.3179E-5 0.1158 0.2222 0.0576 0.0123 0.3380 2.9055E-4 7.2551E-5 3.8878E-5 0.0595 0.0085 0.0266 
-8.080000 -9.96480 0.0027 0.0464 0.0631 1.2719 0.0329 1.0600E-5 0.3895 8.2901E-5 0.2166 0.4119 0.1066 0.0228 0.6231 5.3963E-4 1.3474E-4 7.2076E-5 0.1097 0.0156 0.0491 
-7.960000 -9.73508 0.0046 0.0783 0.0934 2.1581 0.0311 1.7367E-5 0.6683 1.1343E-4 0.3721 0.7020 0.1815 0.0388 1.0581 9.2227E-4 2.3027E-4 1.2299E-4 0.1862 0.0265 0.0833 
-7.840000 -9.54252 0.0071 0.1215 0.1248 3.3618 0.0251 2.6422E-5 1.0497 1.3553E-4 0.5850 1.0966 0.2835 0.0606 1.6493 0.0014 3.6066E-4 1.9241E-4 0.2900 0.0413 0.1297 
-7.720000 -9.37564 0.0104 0.1782 0.1556 4.9367 0.0181 3.8233E-5 1.5521 1.4634E-4 0.8653 1.6132 0.4170 0.0893 2.4231 0.0021 5.3203E-4 2.8355E-4 0.4259 0.0606 0.1905 
-7.600000 -9.22159 0.0149 0.2544 0.1918 7.0390 0.0139 5.4089E-5 2.2314 1.5187E-4 1.2441 2.3037 0.5958 0.1277 3.4563 0.0031 7.6221E-4 4.0581E-4 0.6072 0.0864 0.2716 
-7.480000 -9.18685 0.0161 0.2768 0.2003 7.6264 0.0132 5.8482E-5 2.4394 1.4851E-4 1.3602 2.4999 0.6468 0.1389 3.7459 0.0033 8.3102E-4 4.4183E-4 0.6578 0.0936 0.2942 
-7.360000 -9.17270 0.0166 0.2876 0.2057 7.8808 0.0130 6.0416E-5 2.5531 1.4935E-4 1.4236 2.5897 0.6702 0.1441 3.8726 0.0035 8.6569E-4 4.5944E-4 0.6796 0.0967 0.3040 
-7.240000 -9.14523 0.0177 0.3087 0.2178 8.3979 0.0130 6.4384E-5 2.7623 1.5407E-4 1.5405 2.7679 0.7166 0.1543 4.1287 0.0037 9.3271E-4 4.9382E-4 0.7240 0.1030 0.3238 
-7.120000 -9.11217 0.0191 0.3361 0.2334 9.0654 0.0132 6.9498E-5 3.0394 1.6025E-4 1.6952 2.9996 0.7768 0.1676 4.4597 0.0041 0.0010 5.3827E-4 0.7813 0.1112 0.3494 
-7.000000 -9.07180 0.0210 0.3728 0.2539 9.9528 0.0134 7.6276E-5 3.4115 1.6817E-4 1.9029 3.3084 0.8571 0.1853 4.8999 0.0046 0.0011 5.9790E-4 0.8574 0.1220 0.3835 
-6.880000 -9.03362 0.0229 0.4127 0.2743 10.8735 0.0133 8.3273E-5 3.8287 1.7348E-4 2.1361 3.6351 0.9421 0.2043 5.3581 0.0051 0.0013 6.6298E-4 0.9362 0.1332 0.4187 
-6.760000 -8.97449 0.0262 0.4802 0.3103 12.4675 0.0137 9.5332E-5 4.5263 1.8599E-4 2.5257 4.1961 1.0879 0.2367 6.1503 0.0059 0.0015 7.7297E-4 1.0728 0.1527 0.4798 
-6.640000 -8.90806 0.0306 0.5691 0.3566 14.5383 0.0142 1.1088E-4 5.4555 2.0107E-4 3.0449 4.9298 1.2785 0.2792 7.1805 0.0071 0.0018 9.1806E-4 1.2501 0.1779 0.5592 
-6.520000 -8.83466 0.0362 0.6864 0.4157 17.2288 0.0149 1.3092E-4 6.6954 2.1908E-4 3.7379 5.8902 1.5280 0.3350 8.5206 0.0086 0.0021 0.0011 1.4804 0.2106 0.6621 
-6.400000 -8.75583 0.0434 0.8389 0.4904 20.6751 0.0159 1.5631E-4 8.3352 2.4017E-4 4.6546 7.1320 1.8503 0.4073 10.2398 0.0106 0.0026 0.0014 1.7751 0.2526 0.7940 
-6.280000 -8.66938 0.0530 1.0448 0.5887 25.2518 0.0172 1.8963E-4 10.5622 2.6639E-4 5.8999 8.7913 2.2808 0.5042 12.5250 0.0133 0.0033 0.0017 2.1662 0.3082 0.9689 
-6.160000 -8.57807 0.0654 1.3162 0.7136 31.1895 0.0188 2.3226E-4 13.5392 2.9631E-4 7.5649 10.9637 2.8441 0.6314 15.4941 0.0169 0.0042 0.0021 2.6731 0.3803 1.1956 
-6.040000 -8.48255 0.0815 1.6741 0.8734 38.8996 0.0211 2.8674E-4 17.5189 3.3141E-4 9.7912 13.8100 3.5814 0.7986 19.3551 0.0216 0.0054 0.0027 3.3309 0.4739 1.4899 
-5.920000 -8.38088 0.1030 2.1600 1.0841 49.2076 0.0240 3.5829E-4 22.9737 3.7379E-4 12.8435 17.6446 4.5741 1.0244 24.5233 0.0281 0.0070 0.0035 4.2097 0.5989 1.8829 
-5.800000 -8.27506 0.1314 2.8120 1.3594 62.8458 0.0279 4.5100E-4 30.3628 4.2451E-4 16.9788 22.7554 5.8962 1.3260 31.3692 0.0369 0.0092 0.0046 5.3715 0.7642 2.4026 
-5.680000 -8.16704 0.1685 3.6749 1.7149 80.6679 0.0328 5.6927E-4 40.2386 4.8471E-4 22.5067 29.4812 7.6348 1.7238 40.3257 0.0485 0.0121 0.0060 6.8887 0.9800 3.0813 
-5.560000 -8.05706 0.2171 4.8174 2.1754 104.0055 0.0392 7.1992E-4 53.4052 5.5673E-4 29.8778 38.3360 9.9226 2.2485 52.0645 0.0639 0.0159 0.0079 8.8743 1.2625 3.9694 
-5.440000 -7.94631 0.2801 6.3150 2.7671 134.3218 0.0471 9.0931E-4 70.7586 6.4246E-4 39.5937 49.8842 12.9053 2.9341 67.3239 0.0842 0.0210 0.0104 11.4524 1.6292 5.1227 
-5.320000 -7.83679 0.3604 8.2380 3.5128 172.9718 0.0569 0.0011 93.1505 7.4252E-4 52.1316 64.6498 16.7186 3.8120 86.7888 0.1103 0.0275 0.0136 14.7380 2.0966 6.5923 
-5.200000 -7.72937 0.4616 10.6731 4.4395 221.6444 0.0686 0.0014 121.5567 8.5715E-4 68.0378 83.2603 21.5259 4.9202 111.3072 0.1434 0.0357 0.0176 18.8743 2.6850 8.4425 
-5.080000 -7.62628 0.5853 13.6637 5.5564 281.1623 0.0820 0.0017 156.6141 9.8339E-4 87.6687 106.0539 27.4143 6.2797 141.3009 0.1841 0.0459 0.0226 23.9312 3.4043 10.7045 
-4.960000 -7.52513 0.7388 17.3920 6.9234 355.0643 0.0976 0.0021 200.4080 0.0011 112.1924 134.3684 34.7308 7.9706 178.5501 0.2349 0.0585 0.0289 30.2089 4.2973 13.5124 
-4.840000 -7.42293 0.9348 22.1752 8.6493 449.4504 0.1164 0.0026 256.8116 0.0013 143.7784 170.5991 44.0920 10.1368 226.1414 0.3002 0.0748 0.0369 38.2247 5.4374 17.0979 
-4.720000 -7.31369 1.2021 28.7370 10.9895 578.2259 0.1410 0.0032 334.2838 0.0015 187.1659 220.1180 56.8841 13.0997 291.0897 0.3899 0.0972 0.0478 49.1577 6.9926 21.9882 
-4.600000 -7.19434 1.5823 38.1285 14.3144 761.4321 0.1749 0.0040 445.8536 0.0018 249.6539 290.8966 75.1532 17.3373 383.5538 0.5185 0.1293 0.0636 64.7068 9.2042 28.9432 
-4.480000 -7.05928 2.1595 52.4750 19.3733 1039.6684 0.2253 0.0053 616.7804 0.0021 345.3947 398.7610 102.9768 23.7976 524.0442 0.7153 0.1783 0.0877 88.3136 12.5620 39.5024 
-4.360000 -7.14659 1.7662 43.3622 14.9760 850.8073 0.1628 0.0041 512.3768 0.0011 287.0325 327.9395 84.6347 19.5978 429.1739 0.5927 0.1478 0.0725 72.2323 10.2744 32.3094 
-4.240000 -6.56680 6.7118 166.9554 58.5199 3235.4788 0.5955 0.0150 1987.6587 0.0044 1113.7052 1256.2080 323.8361 75.1716 1633.7998 2.2901 0.5711 0.2797 274.4981 39.0441 122.7826 
-4.120000 -6.15606 17.2812 433.1475 152.2250 8334.0599 1.5096 0.0380 5179.7856 0.0114 2902.1940 3250.4018 837.2782 194.6223 4211.0778 5.9532 1.4844 0.7261 706.7753 100.5292 316.1406 
-4.000000 -5.90875 30.5410 768.4471 270.3791 14731.9487 2.6413 0.0664 9206.6620 0.0200 5160.2046 5758.5765 1482.8105 344.9149 7446.2212 10.5722 2.6360 1.2885 1249.0953 177.6660 558.7211 
