-16.000000000000 -17.09914 12.2187 28.2187 7.00000 8.0000 0.5000 1.0000 1.6548E28 1.6546E12 1.4770E-6 1.0000 7.0293E-9 4.1847E-79 1.4770E-6
-15.880000000000 -17.00181 12.3387 28.2187 7.00000 8.0000 0.5000 1.0000 1.6547E28 2.1813E12 1.9471E-6 1.0000 9.2666E-9 9.1899E-78 1.9471E-6
-15.760000000000 -16.89213 12.4587 28.2187 7.00000 8.0000 0.5000 1.0000 1.6547E28 2.8755E12 2.5668E-6 1.0000 1.2216E-8 1.9681E-76 2.5668E-6
-15.640000000000 -16.77453 12.5787 28.2187 7.00000 8.0000 0.5000 1.0000 1.6547E28 3.7907E12 3.3837E-6 1.0000 1.6104E-8 4.1594E-75 3.3837E-6
-15.520000000000 -16.65453 12.6987 28.2187 7.00000 8.0000 0.5000 1.0000 1.6547E28 4.9971E12 4.4606E-6 1.0000 2.1230E-8 8.7353E-74 4.4606E-6
-15.400000000000 -16.53453 12.8187 28.2187 7.00000 8.0000 0.5000 1.0000 1.6546E28 6.5874E12 5.8802E-6 1.0000 2.7987E-8 1.8293E-72 5.8802E-6
-15.280000000000 -16.41453 12.9387 28.2187 7.00000 8.0000 0.5000 1.0000 1.6545E28 8.6837E12 7.7516E-6 1.0000 3.6894E-8 3.8257E-71 7.7516E-6
-15.160000000000 -16.29453 13.0587 28.2187 7.00000 8.0000 0.5000 1.0000 1.6544E28 1.1447E13 1.0218E-5 1.0000 4.8637E-8 7.9963E-70 1.0218E-5
-15.040000000000 -16.17453 13.1787 28.2186 7.00000 8.0000 0.5000 1.0000 1.6543E28 1.5090E13 1.3470E-5 1.0000 6.4117E-8 1.6709E-68 1.3470E-5
-14.920000000000 -16.05453 13.2987 28.2186 7.00000 8.0000 0.5000 1.0000 1.6542E28 1.9891E13 1.7756E-5 1.0000 8.4524E-8 3.4909E-67 1.7756E-5
-14.800000000000 -15.93453 13.4186 28.2185 7.00000 8.0000 0.5000 1.0000 1.6540E28 2.6220E13 2.3406E-5 1.0000 1.1143E-7 7.2927E-66 2.3406E-5
-14.680000000000 -15.81453 13.5386 28.2185 7.00000 8.0000 0.5000 1.0000 1.6537E28 3.4562E13 3.0852E-5 1.0000 1.4690E-7 1.5234E-64 3.0852E-5
-14.560000000000 -15.69453 13.6586 28.2184 7.00000 8.0000 0.5000 1.0000 1.6533E28 4.5557E13 4.0667E-5 1.0000 1.9365E-7 3.1819E-63 4.0667E-5
-14.440000000000 -15.57453 13.7785 28.2182 7.00000 8.0000 0.5000 1.0000 1.6529E28 6.0047E13 5.3603E-5 0.9999 2.5530E-7 6.6453E-62 5.3603E-5
-14.320000000000 -15.45453 13.8984 28.2181 7.00000 8.0000 0.5000 1.0000 1.6522E28 7.9142E13 7.0649E-5 0.9999 3.3658E-7 1.3877E-60 7.0649E-5
-14.200000000000 -15.33453 14.0183 28.2179 7.00000 8.0000 0.5000 1.0000 1.6514E28 1.0430E14 9.3112E-5 0.9999 4.4374E-7 2.8973E-59 9.3112E-5
-14.080000000000 -15.21453 14.1382 28.2176 7.00000 8.0000 0.5000 1.0000 1.6503E28 1.3745E14 1.2271E-4 0.9999 5.8504E-7 6.0477E-58 1.2271E-4
-13.960000000000 -15.09453 14.2580 28.2172 7.00000 8.0000 0.5000 1.0000 1.6489E28 1.8112E14 1.6169E-4 0.9998 7.7136E-7 1.2620E-56 1.6169E-4
-13.840000000000 -14.97453 14.3777 28.2167 7.00000 8.0000 0.5000 1.0000 1.6471E28 2.3862E14 2.1304E-4 0.9998 1.0171E-6 2.6325E-55 2.1304E-4
-13.720000000000 -14.85453 14.4974 28.2161 7.00000 8.0000 0.5000 1.0000 1.6446E28 3.1433E14 2.8064E-4 0.9997 1.3412E-6 5.4885E-54 2.8064E-4
-13.600000000000 -14.73453 14.6169 28.2152 7.00000 8.0000 0.5000 1.0000 1.6414E28 4.1395E14 3.6960E-4 0.9996 1.7687E-6 1.1435E-52 3.6960E-4
-13.480000000000 -14.61453 14.7364 28.2141 7.00000 8.0000 0.5000 1.0000 1.6371E28 5.4497E14 4.8662E-4 0.9995 2.3328E-6 2.3805E-51 4.8662E-4
-13.360000000000 -14.49453 14.8556 28.2126 7.00000 8.0000 0.5000 1.0000 1.6315E28 7.1716E14 6.4045E-4 0.9994 3.0773E-6 4.9496E-50 6.4045E-4
-13.240000000000 -14.37453 14.9746 28.2106 7.00000 8.0000 0.5000 1.0000 1.6242E28 9.4325E14 8.4246E-4 0.9992 4.0603E-6 1.0276E-48 8.4246E-4
-13.120000000000 -14.25453 15.0933 28.2081 7.00000 8.0000 0.5000 1.0000 1.6146E28 1.2397E15 0.0011 0.9989 5.3587E-6 2.1291E-47 0.0011
-13.000000000000 -14.13453 15.2116 28.2047 7.00000 8.0000 0.5000 1.0000 1.6021E28 1.6278E15 0.0015 0.9985 7.0748E-6 4.3998E-46 0.0015
-12.880000000000 -14.02065 15.3293 28.2004 7.00000 8.0000 0.5000 1.0000 1.5862E28 2.1348E15 0.0019 0.9981 9.3447E-6 9.1140E-45 0.0019
-12.760000000000 -13.93426 15.4463 28.1938 7.00000 8.0000 0.5000 1.0000 1.5624E28 2.7947E15 0.0025 0.9975 1.2351E-5 2.2976E-43 0.0025
-12.640000000000 -13.92229 15.5624 28.1858 7.00000 8.0000 0.5000 1.0000 1.5339E28 3.6505E15 0.0033 0.9967 1.6337E-5 5.8964E-42 0.0033
-12.520000000000 -13.91236 15.6771 28.1758 7.00000 8.0000 0.5000 1.0000 1.4991E28 4.7548E15 0.0043 0.9957 2.1630E-5 1.4388E-40 0.0043
-12.400000000000 -13.89837 15.7903 28.1615 7.00000 8.0000 0.5000 1.0000 1.4504E28 6.1703E15 0.0055 0.9944 2.8674E-5 3.4435E-39 0.0055
-12.280000000000 -13.88112 15.9014 28.1438 7.00000 8.0000 0.5000 1.0000 1.3925E28 7.9696E15 0.0072 0.9928 3.8065E-5 7.7608E-38 0.0072
-12.160000000000 -13.85781 16.0100 28.1199 7.00000 8.0000 0.5000 1.0000 1.3178E28 1.0233E16 0.0092 0.9908 5.0619E-5 1.6593E-36 0.0092
-12.040000000000 -13.82905 16.1153 28.0902 7.00000 8.0000 0.5000 1.0000 1.2309E28 1.3041E16 0.0118 0.9882 6.7442E-5 3.3763E-35 0.0118
-11.920000000000 -13.79338 16.2166 28.0534 7.00000 8.0000 0.5000 1.0000 1.1307E28 1.6467E16 0.0149 0.9850 9.0042E-5 6.5455E-34 0.0149
-11.800000000000 -13.74699 16.3131 28.0052 7.00000 8.0000 0.5000 1.0000 1.0120E28 2.0563E16 0.0187 0.9812 1.2047E-4 1.2033E-32 0.0187
-11.680000000000 -13.68970 16.4038 27.9453 7.00000 8.0000 0.5000 1.0000 8.8160E27 2.5337E16 0.0231 0.9767 1.6152E-4 2.0905E-31 0.0231
-11.560000000000 -13.62156 16.4877 27.8734 7.00000 8.0000 0.5000 1.0000 7.4707E27 3.0739E16 0.0283 0.9715 2.1694E-4 3.4216E-30 0.0283
-11.440000000000 -13.53796 16.5640 27.7840 7.00000 8.0000 0.5000 1.0000 6.0807E27 3.6643E16 0.0341 0.9657 2.9180E-4 5.2373E-29 0.0341
-11.320000000000 -13.43924 16.6319 27.6763 7.00000 8.0000 0.5000 1.0000 4.7455E27 4.2842E16 0.0404 0.9592 3.9295E-4 7.4603E-28 0.0404
-11.200000000000 -13.32386 16.6907 27.5467 7.00000 8.0000 0.5000 1.0000 3.5216E27 4.9061E16 0.0471 0.9524 5.2979E-4 9.8575E-27 0.0471
-11.080000000000 -13.19091 16.7402 27.3908 7.00000 8.0000 0.5000 1.0000 2.4590E27 5.4980E16 0.0541 0.9452 7.1541E-4 1.2063E-25 0.0541
-10.960000000000 -13.04521 16.7801 27.2079 7.00000 8.0000 0.5000 1.0000 1.6139E27 6.0273E16 0.0613 0.9378 9.6870E-4 1.3687E-24 0.0613
-10.840000000000 -12.88530 16.8105 26.9846 7.00000 8.0000 0.5000 1.0000 9.6523E26 6.4642E16 0.0686 0.9301 0.0013 1.4453E-23 0.0686
-10.720000000000 -12.70817 16.8315 26.6876 7.00000 8.0000 0.5000 1.0000 4.8705E26 6.7848E16 0.0760 0.9222 0.0018 1.4320E-22 0.0760
-10.600000000000 -12.55469 16.8435 26.2324 7.00000 8.0000 0.5000 1.0000 1.7075E26 6.9735E16 0.0837 0.9138 0.0025 1.3444E-21 0.0837
-10.480000000000 -12.45672 16.8466 25.2012 7.00000 8.0000 0.5000 1.0000 -1.5893E25 7.0247E16 0.0918 0.9047 0.0035 1.2197E-20 0.0918
-10.360000000000 -12.35657 16.8418 26.0546 7.00000 8.0000 0.5000 1.0000 -1.1339E26 6.9467E16 0.1002 0.8947 0.0050 1.0777E-19 0.1002
-10.240000000000 -12.25679 16.8302 26.1429 7.00000 8.0000 0.5000 1.0000 -1.3898E26 6.7645E16 0.1091 0.8836 0.0073 9.3322E-19 0.1091
-10.120000000000 -12.14480 16.8145 26.0768 7.00000 8.0000 0.5000 1.0000 -1.1935E26 6.5232E16 0.1183 0.8710 0.0107 7.9359E-18 0.1183
-10.000000000000 -12.01498 16.7985 25.8684 7.00000 8.0000 0.5000 1.0000 -7.3860E25 6.2883E16 0.1275 0.8566 0.0160 6.6166E-17 0.1275
-9.880000000000 -11.86565 16.7882 25.3263 7.00000 8.0000 0.5000 1.0000 -2.1199E25 6.1406E16 0.1361 0.8400 0.0238 5.3717E-16 0.1361
-9.760000000000 -11.69149 16.7898 25.4331 7.00000 8.0000 0.5000 1.0000 2.7107E25 6.1637E16 0.1438 0.8208 0.0354 4.1949E-15 0.1438
-9.640000000000 -11.49606 16.8080 25.8017 7.00000 8.0000 0.5000 1.0000 6.3336E25 6.4265E16 0.1504 0.7978 0.0518 3.1123E-14 0.1504
-9.520000000000 -11.31130 16.8433 25.9208 7.00000 8.0000 0.5000 1.0000 8.3326E25 6.9711E16 0.1560 0.7699 0.0741 2.1710E-13 0.1560
-9.400000000000 -11.33229 16.8930 25.9592 7.00000 8.0000 0.5000 1.0000 9.1043E25 7.8171E16 0.1610 0.7356 0.1034 1.4444E-12 0.1610
-9.280000000000 -11.31961 16.9532 25.9617 7.00000 8.0000 0.5000 1.0000 9.1557E25 8.9789E16 0.1659 0.6932 0.1409 9.0742E-12 0.1659
-9.160000000000 -11.27526 17.0204 25.9447 7.00000 8.0000 0.5000 1.0000 8.8048E25 1.0481E17 0.1710 0.6417 0.1873 5.2942E-11 0.1710
-9.040000000000 -11.21289 17.0916 25.9096 7.00000 8.0000 0.5000 1.0000 8.1214E25 1.2347E17 0.1763 0.5806 0.2431 2.8489E-10 0.1763
-8.920000000000 -11.16849 17.1633 25.8540 7.00000 8.0000 0.5000 1.0000 7.1448E25 1.4565E17 0.1816 0.5109 0.3075 1.4060E-9 0.1816
-8.800000000000 -11.07392 17.2321 25.7731 7.00000 8.0000 0.5000 1.0000 5.9300E25 1.7065E17 0.1869 0.4350 0.3782 6.3124E-9 0.1869
-8.680000000000 -10.96152 17.2948 25.6663 7.00000 8.0000 0.5000 1.0000 4.6375E25 1.9717E17 0.1920 0.3566 0.4515 2.5634E-8 0.1920
-8.560000000000 -10.82299 17.3493 25.5271 7.00000 8.0000 0.5000 1.0000 3.3656E25 2.2352E17 0.1969 0.2803 0.5228 9.3794E-8 0.1969
-8.440000000000 -10.66341 17.3945 25.3628 7.00000 8.0000 0.5000 1.0000 2.3055E25 2.4804E17 0.2015 0.2105 0.5879 3.0866E-7 0.2015
-8.320000000000 -10.47572 17.4304 25.1680 7.00000 8.0000 0.5000 1.0000 1.4722E25 2.6938E17 0.2058 0.1504 0.6437 9.1306E-7 0.2058
-8.200000000000 -10.25391 17.4575 24.9368 7.00000 8.0000 0.5000 1.0000 8.6467E24 2.8673E17 0.2095 0.1020 0.6885 2.4306E-6 0.2095
-8.080000000000 -10.00227 17.4753 24.5123 7.00000 8.0000 0.5000 1.0000 3.2528E24 2.9876E17 0.2122 0.0660 0.7218 5.8335E-6 0.2122
-7.960000000000 -9.77321 17.4840 24.1903 7.00000 8.0000 0.5000 1.0000 1.5500E24 3.0478E17 0.2145 0.0413 0.7442 1.2687E-5 0.2146
-7.840000000000 -9.58065 17.4890 23.7948 7.00000 8.0000 0.5000 1.0000 6.2350E23 3.0830E17 0.2163 0.0258 0.7579 2.4978E-5 0.2164
-7.720000000000 -9.41377 17.4910 22.9944 7.00000 8.0000 0.5000 1.0000 9.8719E22 3.0971E17 0.2179 0.0170 0.7651 4.5433E-5 0.2179
-7.600000000000 -9.25972 17.4899 23.5369 7.00000 8.0000 0.5000 1.0000 -3.4427E23 3.0897E17 0.2195 0.0129 0.7675 7.7106E-5 0.2196
-7.480000000000 -9.18818 17.4857 23.5843 7.00000 8.0000 0.5000 1.0000 -3.8401E23 3.0600E17 0.2216 0.0121 0.7661 1.2402E-4 0.2218
-7.360000000000 -9.17611 17.4799 23.5795 7.00000 8.0000 0.5000 1.0000 -3.7979E23 3.0196E17 0.2246 0.0117 0.7635 1.9026E-4 0.2248
-7.240000000000 -9.14932 17.4725 23.5541 7.00000 8.0000 0.5000 1.0000 -3.5821E23 2.9683E17 0.2283 0.0113 0.7601 2.8216E-4 0.2286
-7.120000000000 -9.11629 17.4632 23.5216 7.00000 8.0000 0.5000 1.0000 -3.3232E23 2.9051E17 0.2329 0.0108 0.7559 4.0982E-4 0.2333
-7.000000000000 -9.07585 17.4516 23.4815 7.00000 8.0000 0.5000 1.0000 -3.0302E23 2.8286E17 0.2384 0.0102 0.7508 5.8835E-4 0.2390
-6.880000000000 -9.03785 17.4367 23.4561 7.00000 8.0000 0.5000 1.0000 -2.8579E23 2.7331E17 0.2453 0.0095 0.7443 8.4363E-4 0.2461
-6.760000000000 -8.97864 17.4185 23.3974 7.00000 8.0000 0.5000 1.0000 -2.4966E23 2.6211E17 0.2533 0.0088 0.7367 0.0012 0.2545
-6.640000000000 -8.91215 17.3968 23.3312 7.00000 8.0000 0.5000 1.0000 -2.1441E23 2.4932E17 0.2623 0.0081 0.7279 0.0017 0.2640
-6.520000000000 -8.83869 17.3710 23.2580 7.00000 8.0000 0.5000 1.0000 -1.8112E23 2.3497E17 0.2721 0.0074 0.7180 0.0025 0.2746
-6.400000000000 -8.75980 17.3407 23.1789 7.00000 8.0000 0.5000 1.0000 -1.5098E23 2.1910E17 0.2828 0.0067 0.7069 0.0036 0.2863
-6.280000000000 -8.67330 17.3050 23.0908 7.00000 8.0000 0.5000 1.0000 -1.2326E23 2.0185E17 0.2940 0.0060 0.6948 0.0051 0.2991
-6.160000000000 -8.58195 17.2633 22.9981 7.00000 8.0000 0.5000 1.0000 -9.9569E22 1.8337E17 0.3057 0.0054 0.6816 0.0073 0.3130
-6.040000000000 -8.48640 17.2144 22.9003 7.00000 8.0000 0.5000 1.0000 -7.9480E22 1.6382E17 0.3177 0.0049 0.6671 0.0103 0.3280
-5.920000000000 -8.38476 17.1566 22.7947 7.00000 8.0000 0.5000 1.0000 -6.2334E22 1.4343E17 0.3300 0.0044 0.6512 0.0144 0.3444
-5.800000000000 -8.27895 17.0882 22.6829 7.00000 8.0000 0.5000 1.0000 -4.8188E22 1.2251E17 0.3421 0.0039 0.6338 0.0201 0.3623
-5.680000000000 -8.17090 17.0057 22.5662 7.00000 8.0000 0.5000 1.0000 -3.6834E22 1.0131E17 0.3538 0.0035 0.6148 0.0279 0.3817
-5.560000000000 -8.06088 16.9036 22.4442 7.00000 8.0000 0.5000 1.0000 -2.7809E22 8.0095E16 0.3647 0.0031 0.5938 0.0383 0.4030
-5.440000000000 -7.95005 16.7715 22.3176 7.00000 8.0000 0.5000 1.0000 -2.0779E22 5.9093E16 0.3747 0.0028 0.5705 0.0520 0.4267
-5.320000000000 -7.84037 16.5850 22.1893 7.00000 8.0000 0.5000 1.0000 -1.5465E22 3.8458E16 0.3835 0.0025 0.5445 0.0694 0.4529
-5.200000000000 -7.73273 16.2597 22.0623 7.00000 8.0000 0.5000 1.0000 -1.1542E22 1.8184E16 0.3910 0.0023 0.5159 0.0908 0.4818
-5.080000000000 -7.62943 15.2824 21.9425 7.00000 8.0000 0.5000 1.0000 -8.7594E21 -1.9161E15 0.3974 0.0021 0.4847 0.1158 0.5133
-4.960000000000 -7.52811 16.3465 21.8307 7.00000 8.0000 0.5000 1.0000 -6.7724E21 -2.2207E16 0.4030 0.0019 0.4517 0.1435 0.5464
-4.840000000000 -7.42590 16.6340 21.7255 7.00000 8.0000 0.5000 1.0000 -5.3155E21 -4.3052E16 0.4081 0.0017 0.4181 0.1721 0.5802
-4.720000000000 -7.31683 16.8105 21.6196 7.00000 8.0000 0.5000 1.0000 -4.1649E21 -6.4641E16 0.4133 0.0015 0.3854 0.1999 0.6131
-4.600000000000 -7.19785 16.9385 21.5071 7.00000 8.0000 0.5000 1.0000 -3.2146E21 -8.6792E16 0.4188 0.0013 0.3547 0.2251 0.6439
-4.480000000000 -7.06339 17.0373 21.3798 7.00000 8.0000 0.5000 1.0000 -2.3977E21 -1.0896E17 0.4245 0.0012 0.3274 0.2469 0.6714
-4.360000000000 -7.15426 17.1705 21.9314 7.00000 8.0000 0.5000 1.0000 -8.5382E21 -1.4807E17 0.4316 9.4129E-4 0.3013 0.2662 0.6978
-4.240000000000 -6.58514 17.3143 21.3926 7.00000 8.0000 0.5000 1.0000 -2.4693E21 -2.0622E17 0.4408 8.6169E-4 0.2784 0.2800 0.7208
-4.120000000000 -6.19370 17.3711 20.9817 7.00000 8.0000 0.5000 1.0000 -9.5868E20 -2.3503E17 0.4462 8.2720E-4 0.2706 0.2824 0.7286
-4.000000000000 -5.94688 17.4004 20.6637 7.00000 8.0000 0.5000 1.0000 -4.6098E20 -2.5140E17 0.4488 8.0760E-4 0.2657 0.2847 0.7335
