-16.000000000000 -16.966676038326 -17.55077895 -9.2233 -9.2233 -5.8306 28.2187 12.2187 7.0000 1.0000E8 -10.92877360 28.2184 12.2183 0.0000 0.0000 0.0000 0.0000 1.0000 0.0100 1.8685E-6 0.0000 1.0000 -17.0124 1.000000000000E-16 1.0000E-8 0 0
-15.860000000000 -16.816970037757 -18.06337809 -9.2233 -9.2233 -5.6906 28.2187 12.3587 7.0000 1.0000E8 -10.92877059 28.2184 12.3584 0.0000 0.0000 0.0000 0.0000 1.0000 0.0100 2.6375E-6 0.0000 1.0000 -16.8627 1.380384264603E-16 1.0000E-8 4 4
-15.720000000000 -16.676970037757 -17.92337809 -9.2233 -9.2233 -5.5506 28.2187 12.4987 7.0000 1.0000E8 -10.92876667 28.2184 12.4984 0.0000 0.0000 0.0000 0.0000 1.0000 0.0100 3.6407E-6 0.0000 1.0000 -16.7227 1.905460717963E-16 1.0000E-8 4 8
-15.580000000000 -16.536970037757 -17.78337809 -9.2233 -9.2233 -5.4106 28.2187 12.6387 7.0000 1.0000E8 -10.92876126 28.2184 12.6384 0.0000 0.0000 0.0000 0.0000 1.0000 0.0100 5.0255E-6 0.0000 1.0000 -16.5827 2.630267991895E-16 1.0000E-8 4 12
-15.440000000000 -16.396970037757 -17.64337809 -9.2233 -9.2233 -5.2706 28.2187 12.7787 7.0000 1.0000E8 -10.92875378 28.2183 12.7784 0.0000 0.0000 0.0000 0.0000 1.0000 0.0100 6.9370E-6 0.0000 1.0000 -16.4427 3.630780547701E-16 1.0000E-8 4 16
-15.300000000000 -16.256970037757 -17.50337809 -9.2233 -9.2233 -5.1306 28.2187 12.9187 7.0000 1.0000E8 -10.92874347 28.2183 12.9184 0.0000 0.0000 0.0000 0.0000 1.0000 0.0100 9.5755E-6 0.0000 1.0000 -16.3027 5.011872336273E-16 1.0000E-8 4 20
-15.160000000000 -16.116970037757 -17.36337809 -9.2233 -9.2233 -4.9906 28.2186 13.0587 7.0000 1.0000E8 -10.92872923 28.2183 13.0583 0.0000 0.0000 0.0000 0.0000 1.0000 0.0100 1.3218E-5 0.0000 1.0000 -16.1627 6.918309709189E-16 1.0000E-8 4 24
-15.020000000000 -15.976970037757 -17.22337809 -9.2233 -9.2233 -4.8506 28.2186 13.1987 7.0000 1.0000E8 -10.92870958 28.2183 13.1983 0.0000 0.0000 0.0000 0.0000 1.0000 0.0100 1.8244E-5 0.0000 1.0000 -16.0227 9.549925860214E-16 1.0000E-8 4 28
-14.880000000000 -15.836970037757 -17.08337809 -9.2233 -9.2233 -4.7107 28.2186 13.3387 7.0000 1.0000E8 -10.92868246 28.2182 13.3383 0.0000 0.0000 0.0000 0.0000 1.0000 0.0100 2.5183E-5 0.0000 1.0000 -15.8827 1.318256738556E-15 1.0000E-8 4 32
-14.740000000000 -15.696970037757 -16.94337809 -9.2233 -9.2233 -4.5707 28.2185 13.4786 7.0000 1.0000E8 -10.92864502 28.2181 13.4783 0.0000 0.0000 0.0000 0.0000 1.0000 0.0100 3.4759E-5 0.0000 1.0000 -15.7427 1.819700858610E-15 1.0000E-8 4 36
-14.600000000000 -15.556970037757 -16.80337809 -9.2233 -9.2233 -4.4307 28.2184 13.6186 7.0000 1.0000E8 -10.92859334 28.2180 13.6182 0.0000 0.0000 0.0000 0.0000 1.0000 0.0100 4.7975E-5 0.0000 1.0000 -15.6027 2.511886431510E-15 1.0000E-8 4 40
-14.460000000000 -15.416970037757 -16.66337809 -9.2233 -9.2233 -4.2908 28.2182 13.7585 7.0000 1.0000E8 -10.92852201 28.2179 13.7581 0.0000 0.0000 0.0000 0.0000 1.0000 0.0100 6.6214E-5 0.0000 1.0000 -15.4627 3.467368504525E-15 1.0000E-8 4 44
-14.320000000000 -15.276970037757 -16.52337809 -9.2233 -9.2233 -4.1509 28.2180 13.8984 7.0000 1.0000E8 -10.92842357 28.2177 13.8980 0.0000 0.0000 0.0000 0.0000 1.0000 0.0100 9.1380E-5 0.0000 1.0000 -15.3227 4.786300923226E-15 1.0000E-8 4 48
-14.180000000000 -15.136970037757 -16.38337809 -9.2233 -9.2233 -4.0110 28.2177 14.0383 7.0000 1.0000E8 -10.92828771 28.2174 14.0379 0.0000 0.0000 0.0000 0.0000 1.0000 0.0100 1.2610E-4 0.0000 1.0000 -15.1827 6.606934480076E-15 1.0000E-8 4 52
-14.040000000000 -14.996970037757 -16.24337809 -9.2233 -9.2233 -3.8712 28.2174 14.1781 7.0000 1.0000E8 -10.92810024 28.2170 14.1777 0.0000 0.0000 0.0000 0.0000 1.0000 0.0100 1.7399E-4 0.0000 1.0000 -15.0427 9.120108393559E-15 1.0000E-8 4 56
-13.900000000000 -14.856970037757 -16.10337809 -9.2233 -9.2233 -3.7314 28.2168 14.3178 7.0000 1.0000E8 -10.92784158 28.2165 14.3175 0.0000 0.0000 0.0000 0.0000 1.0000 0.0100 2.4004E-4 0.0000 1.0000 -14.9027 1.258925411794E-14 1.0000E-8 4 60
-13.760000000000 -14.716970037757 -15.96337809 -9.2233 -9.2233 -3.5917 28.2161 14.4575 7.0000 1.0000E8 -10.92748474 28.2158 14.4571 0.0000 0.0000 0.0000 0.0000 1.0000 0.0100 3.3108E-4 0.0000 1.0000 -14.7627 1.737800828749E-14 1.0000E-8 4 64
-13.620000000000 -14.576970037757 -15.82337809 -9.2233 -9.2233 -3.4522 28.2151 14.5970 7.0000 1.0000E8 -10.92699260 28.2148 14.5967 0.0000 0.0000 0.0000 0.0000 1.0000 0.0100 4.5652E-4 0.0000 1.0000 -14.6227 2.398832919020E-14 1.0000E-8 4 68
-13.480000000000 -14.436970037757 -15.68337809 -9.2233 -9.2233 -3.3128 28.2137 14.7364 7.0000 1.0000E8 -10.92631405 28.2134 14.7360 0.0000 0.0000 0.0000 0.0000 1.0000 0.0100 6.2921E-4 0.0000 1.0000 -14.4827 3.311311214826E-14 1.0000E-8 4 72
-13.340000000000 -14.296970037757 -15.54337809 -9.2233 -9.2233 -3.1736 28.2118 14.8755 7.0000 1.0000E8 -10.92537893 28.2115 14.8751 0.0000 0.0000 0.0000 0.0000 1.0000 0.0100 8.6673E-4 0.0000 1.0000 -14.3427 4.570881896149E-14 1.0000E-8 4 76
-13.200000000000 -14.156970037757 -15.40337809 -9.2233 -9.2233 -3.0348 28.2092 15.0142 7.0000 1.0000E8 -10.92409100 28.2089 15.0138 0.0000 0.0000 0.0000 0.0000 1.0000 0.0100 0.0012 0.0000 1.0000 -14.2027 6.309573444802E-14 1.0000E-8 4 80
-13.060000000000 -14.016970037757 -15.26337809 -9.2233 -9.2233 -2.8963 28.2056 15.1525 7.0000 1.0000E8 -10.92231867 28.2053 15.1521 0.0000 0.0000 0.0000 0.0000 1.0000 0.0100 0.0016 0.0000 1.0000 -14.0627 8.709635899561E-14 1.0000E-8 4 84
-12.920000000000 -13.876970037757 -15.12337809 -9.2233 -9.2233 -2.7585 28.2007 15.2901 7.0000 1.0000E8 -10.91988257 28.2003 15.2898 0.0000 0.0000 0.0000 0.0000 1.0000 0.0100 0.0023 0.0000 1.0000 -13.9227 1.202264434617E-13 1.0000E-8 4 88
-12.780000000000 -13.736970037757 -14.98337809 -9.2233 -9.2233 -2.6215 28.1938 15.4269 7.0000 1.0000E8 -10.91653947 28.1935 15.4265 0.0000 0.0000 0.0000 0.0000 1.0000 0.0100 0.0031 0.0000 1.0000 -13.7827 1.659586907438E-13 1.0000E-8 4 92
-12.640000000000 -13.596970037757 -14.84337809 -9.2233 -9.2233 -2.4856 28.1845 15.5624 7.0000 1.0000E8 -10.91196164 28.1842 15.5621 0.0000 0.0000 0.0000 0.0000 1.0000 0.0100 0.0042 0.0000 1.0000 -13.6427 2.290867652768E-13 1.0000E-8 4 96
-12.500000000000 -13.456970037757 -14.70337809 -9.2233 -9.2233 -2.3511 28.1718 15.6963 7.0000 1.0000E8 -10.90571158 28.1714 15.6960 0.0000 0.0000 0.0000 0.0000 1.0000 0.0100 0.0057 0.0000 1.0000 -13.5027 3.162277660168E-13 1.0000E-8 4 100
-12.360000000000 -13.316970037757 -14.56337809 -9.2233 -9.2233 -2.2187 28.1544 15.8281 7.0000 1.0000E8 -10.89721252 28.1540 15.8277 0.0000 0.0000 0.0000 0.0000 1.0000 0.0100 0.0078 0.0000 1.0000 -13.3627 4.365158322402E-13 1.0000E-8 4 104
-12.220000000000 -13.176970037757 -14.42337809 -9.2233 -9.2233 -2.0889 28.1309 15.9569 7.0000 1.0000E8 -10.88571708 28.1305 15.9565 0.0000 0.0000 0.0000 0.0000 1.0000 0.0100 0.0105 0.0000 1.0000 -13.2227 6.025595860744E-13 1.0000E-8 4 108
-12.080000000000 -13.036970037757 -14.28337809 -9.2233 -9.2233 -1.9626 28.0991 16.0818 7.0000 1.0000E8 -10.87027935 28.0988 16.0815 0.0000 0.0000 0.0000 0.0000 1.0000 0.0100 0.0139 0.0000 1.0000 -13.0827 8.317637711027E-13 1.0000E-8 4 112
-11.940000000000 -12.896970037757 -14.14337809 -9.2233 -9.2233 -1.8407 28.0567 16.2017 7.0000 1.0000E8 -10.84974009 28.0564 16.2014 0.0000 0.0000 0.0000 0.0000 1.0000 0.0100 0.0184 0.0000 1.0000 -12.9427 1.148153621497E-12 1.0000E-8 4 116
-11.800000000000 -12.756970037757 -14.00337809 -9.2233 -9.2233 -1.7245 28.0006 16.3152 7.0000 1.0000E8 -10.82273998 28.0003 16.3149 0.0000 0.0000 0.0000 0.0000 1.0000 0.0100 0.0239 0.0000 1.0000 -12.8027 1.584893192461E-12 1.0000E-8 4 120
-11.660000000000 -12.672590110631 -13.47604891 -9.2233 -9.2233 -1.6152 27.9296 16.4206 7.0000 1.0000E8 -10.78891821 27.9293 16.4203 0.0000 0.0000 0.0000 0.0000 1.0000 0.0100 0.0269 0.0000 1.0000 -12.7183 2.187761623950E-12 1.0000E-8 4 124
-11.520000000000 -12.596662044827 -12.81644075 -9.2233 -9.2233 -1.5142 27.8477 16.5160 7.0000 1.0000E8 -10.75047412 27.8474 16.5157 0.0000 0.0000 0.0000 0.0000 1.0000 0.0100 0.0298 0.0000 1.0000 -12.6424 3.019951720402E-12 1.0000E-8 4 128
-11.380000000000 -12.501020994613 -12.50563228 -9.2233 -9.2233 -1.4220 27.7423 16.6003 7.0000 1.0000E8 -10.70199565 27.7419 16.5999 0.0000 0.0000 0.0000 0.0000 1.0000 0.0100 0.0339 0.0000 1.0000 -12.5468 4.168693834704E-12 1.0000E-8 4 132
-11.240000000000 -12.348276308648 -13.06373773 -9.2233 -9.2233 -1.3391 27.5667 16.6718 7.0000 1.0000E8 -10.62443912 27.5664 16.6715 0.0000 0.0000 0.0000 0.0000 1.0000 0.0100 0.0395 0.0000 1.0000 -12.3940 5.754399373372E-12 1.0000E-8 5 137
-11.100000000000 -12.195119406353 -12.91121030 -9.2233 -9.2233 -1.2652 27.3778 16.7299 7.0000 1.0000E8 -10.54649383 27.3775 16.7295 0.0000 0.0000 0.0000 0.0000 1.0000 0.0100 0.0473 0.0000 1.0000 -12.2409 7.943282347243E-12 1.0000E-8 5 142
-10.960000000000 -12.057069710896 -12.06132696 -9.2233 -9.2233 -1.1990 27.1899 16.7740 7.0000 1.0000E8 -10.47607295 27.1896 16.7737 0.0000 0.0000 0.0000 0.0000 1.0000 0.0100 0.0583 0.0000 1.0000 -12.1028 1.096478196143E-11 1.0000E-8 4 146
-10.820000000000 -11.874039748653 -12.04039944 -9.2233 -9.2233 -1.1394 26.8485 16.8036 7.0000 1.0000E8 -10.36979162 26.8484 16.8033 0.0000 0.0000 0.0000 0.0000 1.0000 0.0100 0.0697 0.0000 1.0000 -11.8951 1.513561248436E-11 1.0000E-8 4 150
-10.680000000000 -11.691009786410 -12.10285962 -9.2233 -9.2233 -1.0845 26.2069 16.8185 7.0000 1.0000E8 -10.25048991 26.2075 16.8182 0.0000 0.0000 0.0000 0.0000 1.0000 0.0100 0.0367 0.0000 1.0000 -11.7067 2.089296130854E-11 1.0000E-8 4 154
-10.540000000000 -11.543249413406 -12.21793662 -9.2233 -9.2233 -1.0328 26.1133 16.8189 7.0000 1.0000E8 -10.18842137 26.1118 16.8186 0.0000 0.0000 0.0000 0.0000 1.0000 0.0100 0.0349 0.0000 1.0000 -11.5890 2.884031503127E-11 1.0000E-8 4 158
-10.400000000000 -11.437403985127 -11.81360483 -9.2233 -9.2233 -0.9837 26.3705 16.8050 7.0000 1.0000E8 -10.18842137 26.3695 16.8047 0.0000 0.0000 0.0000 0.0000 1.0000 0.0100 0.0312 0.0000 1.0000 -11.4832 3.981071705535E-11 1.0000E-8 4 162
-10.260000000000 -11.319984152987 -11.53920368 -9.2233 -9.2233 -0.9374 26.3760 16.7793 7.0000 1.0000E8 -10.18842137 26.3751 16.7790 0.0000 0.0000 0.0000 0.0000 1.0000 0.0100 0.0281 0.0000 1.0000 -11.3657 5.495408738577E-11 1.0000E-8 4 166
-10.120000000000 -11.175120806866 -11.36470989 -9.2233 -9.2233 -0.8951 26.2433 16.7471 7.0000 1.0000E8 -10.18842137 26.2423 16.7469 0.0000 0.0000 0.0000 0.0000 1.0000 0.0100 0.0255 0.0000 1.0000 -11.2209 7.585775750292E-11 1.0000E-8 4 170
-9.980000000000 -11.007995434496 -11.30891734 -9.2233 -9.2233 -0.8587 25.9072 16.7186 7.0000 1.0000E8 -10.18842137 25.9058 16.7184 0.0000 0.0000 0.0000 0.0000 1.0000 0.0100 0.0221 0.0000 1.0000 -11.0297 1.047128548051E-10 1.0000E-8 4 174
-9.840000000000 -10.824965472254 -11.47689984 -9.2233 -9.2233 -0.8296 24.9364 16.7069 7.0000 1.0000E8 -10.18842137 24.9427 16.7068 0.0000 0.0000 0.0000 0.0000 1.0000 0.0100 0.0178 0.0000 1.0000 -10.8501 1.445439770746E-10 1.0000E-8 4 178
-9.700000000000 -10.656970037757 -11.90337809 -9.2233 -9.2233 -0.8078 25.7972 16.7226 7.0000 1.0000E8 -10.18842137 25.7976 16.7226 0.0000 0.0000 0.0000 0.0000 1.0000 0.0100 0.0135 0.0000 1.0000 -10.7027 1.995262314969E-10 1.0000E-8 4 182
-9.560000000000 -10.516970037757 -11.76337809 -9.2233 -9.2233 -0.7912 25.9186 16.7655 7.0000 1.0000E8 -10.18842137 25.9187 16.7655 0.0000 0.0000 0.0000 0.0000 1.0000 0.0100 0.0143 0.0000 1.0000 -10.5627 2.754228703338E-10 1.0000E-8 4 186
-9.420000000000 -10.376970037757 -11.62337809 -9.2233 -9.2233 -0.7760 25.9404 16.8274 7.0000 1.0000E8 -10.18842137 25.9405 16.8274 0.0000 0.0000 0.0000 0.0000 1.0000 0.0100 0.0207 0.0000 1.0000 -10.4227 3.801893963206E-10 1.0000E-8 4 190
-9.280000000000 -10.324459407599 -10.91871328 -9.2233 -9.2233 -0.7602 25.9373 16.9020 7.0000 1.0000E8 -10.18842137 25.9373 16.9020 0.0000 0.0000 0.0000 0.0000 1.0000 0.0100 0.0229 0.0000 1.0000 -10.3702 5.248074602498E-10 1.0000E-8 4 194
-9.140000000000 -10.275893149937 -10.28992708 -9.2233 -9.2233 -0.7435 25.9225 16.9858 7.0000 1.0000E8 -10.18842137 25.9226 16.9859 0.0000 0.0000 0.0000 0.0000 1.0000 0.0100 0.0252 0.0000 1.0000 -10.3217 7.244359600750E-10 1.0000E-8 4 198
-9.000000000000 -10.795658004516 -11.00753581 -9.2233 -9.2233 -0.7267 25.8737 17.0739 7.0000 1.0000E8 -10.18842137 25.8738 17.0746 0.0000 0.0000 0.0000 0.0000 1.0000 0.0100 0.0070 0.0000 1.0005 -10.2313 1.000000000000E-9 1.0000E-8 14 212
-8.860000000000 -10.246568117788 -10.51793173 -9.2233 -9.2233 -0.7106 25.8023 17.1608 7.0000 1.0000E8 -10.18842137 25.8024 17.1613 0.0625 0.0000 0.0000 0.0000 1.0000 0.0100 0.0235 0.0000 1.0005 -10.1378 1.380384264603E-9 1.0000E-8 12 224
-8.720000000000 -11.239903325453 -12.28345601 -9.2233 -9.2233 -0.6953 25.6806 17.2404 7.0000 1.0000E8 -10.18842137 25.6806 17.2409 0.0000 0.0000 0.0000 0.0000 1.0000 0.0100 0.0021 0.0000 1.0006 -10.0010 1.905460717963E-9 1.0000E-8 24 248
-8.580000000000 -10.592633665269 -10.68697024 -9.2233 -9.2233 -0.6808 25.5345 17.3086 7.0000 1.0000E8 -10.18842137 25.5345 17.3091 0.0000 0.0000 0.0000 0.0000 1.0000 0.0100 0.0088 0.0000 1.0007 -9.8559 2.630267991896E-9 1.0000E-8 37 285
-8.440000000000 -10.533546590038 -10.89052218 -9.2233 -9.2233 -0.6675 25.3417 17.3636 7.0000 1.0000E8 -10.18842137 25.3417 17.3642 0.0000 0.0000 0.0000 0.0000 1.0000 0.0100 0.0091 0.0000 1.0008 -9.6661 3.630780547701E-9 1.0000E-8 47 332
-8.300000000000 -10.788097156398 -12.86862399 -9.2233 -9.2233 -0.6559 25.1094 17.4055 7.0000 1.0000E8 -10.18842137 25.1094 17.4061 0.0000 0.0000 0.0000 0.0000 1.0000 0.0100 0.0045 0.0000 1.0009 -9.4370 5.011872336273E-9 1.0000E-8 63 395
-8.160000000000 -11.035982930423 -12.57924246 -9.2233 -9.2233 -0.6463 24.8399 17.4356 7.0000 1.0000E8 -10.18842137 24.8400 17.4362 0.0000 0.0000 0.0000 0.0000 1.0000 0.0100 0.0022 0.0000 1.0010 -9.1653 6.918309709190E-9 1.0000E-8 86 481
-8.020000000000 -10.590841553702 -11.06799431 -9.2233 -9.2233 -0.6393 24.5340 17.4558 7.0000 1.0000E8 -10.18842137 24.5340 17.4563 0.0000 0.0000 0.1053 0.0000 1.0000 0.0100 0.0053 0.0000 1.0011 -9.0204 9.549925860215E-9 1.0000E-8 124 605
-7.880000000000 -10.361158045116 -10.61484181 -9.2233 -9.2233 -0.6348 24.1758 17.4683 7.0000 1.0000E8 -10.18842137 24.1758 17.4689 0.0000 0.0000 0.1053 0.0000 1.0000 0.0100 0.0075 0.0000 1.0011 -8.8808 1.318256738557E-8 1.0000E-8 165 770
-7.740000000000 -10.294510121767 -10.70916085 -9.2233 -9.2233 -0.6317 23.6907 17.4750 7.0000 1.0000E8 -10.18842137 23.6907 17.4756 0.0000 0.0000 0.1053 0.0000 1.0000 0.0100 0.0066 0.0000 1.0011 -8.7405 1.819700858610E-8 1.0000E-8 230 1000
-7.600000000000 -10.292718010200 -10.46012320 -9.2233 -9.2233 -0.6288 22.0451 17.4770 7.0000 1.0000E8 -10.18842137 22.0445 17.4776 0.0000 0.0000 0.2632 0.0000 1.0000 0.0100 4.7936E-5 0.0000 1.0012 -8.6006 2.511886431510E-8 1.0000E-8 320 1320
-7.460000000000 -10.662754559671 -12.88865173 -9.2233 -9.2233 -0.6248 23.3594 17.4750 7.0000 1.0000E8 -10.18842137 23.3594 17.4756 0.0000 0.0000 0.3158 0.0000 1.0000 0.0100 2.1881E-5 0.0000 1.0012 -8.4600 3.467368504526E-8 1.0000E-8 449 1769
-7.320000000000 -10.514879186003 -10.62839016 -9.2233 -9.2233 -0.6189 23.4642 17.4698 7.0000 1.0000E8 -10.18842137 23.4642 17.4704 0.0000 0.0000 0.3158 0.0000 1.0000 0.0100 3.1155E-5 0.0000 1.0012 -8.3202 4.786300923227E-8 1.0000E-8 460 2229
-7.180000000000 -10.290141889119 -10.78930179 -9.2233 -9.2233 -0.6110 23.4633 17.4618 7.0000 1.0000E8 -10.18842137 23.4633 17.4624 0.0625 0.0000 0.3158 0.0000 1.0000 0.0100 4.9499E-5 0.0000 1.0012 -8.1801 6.606934480076E-8 1.0000E-8 381 2610
-7.040000000000 -10.244384398558 -11.01142709 -9.2233 -9.2233 -0.6010 23.4353 17.4511 7.0000 1.0000E8 -10.18842137 23.4353 17.4517 0.0625 0.0000 0.3684 0.0000 1.0000 0.0100 5.0145E-5 0.0000 1.0012 -8.0400 9.120108393560E-8 1.0000E-8 442 3052
-6.900000000000 -10.198626907997 -11.25942337 -9.2233 -9.2233 -0.5885 23.3965 17.4370 7.0000 1.0000E8 -10.18842137 23.3965 17.4376 0.0625 0.0000 0.3684 0.0000 1.0000 0.0100 4.9397E-5 0.0000 1.0012 -7.9000 1.258925411794E-7 1.0000E-8 549 3601
-6.760000000000 -10.198626907997 -10.44230796 -9.2233 -9.2233 -0.5734 23.3476 17.4187 7.0000 1.0000E8 -10.18842137 23.3476 17.4194 0.0625 0.0000 0.4211 0.0000 1.0000 0.0100 4.2515E-5 0.0000 1.0012 -7.7888 1.737800828749E-7 1.0000E-8 757 4358
-6.620000000000 -10.198626907997 -10.64458856 -9.2233 -9.2233 -0.5559 23.2871 17.3953 7.0000 1.0000E8 -10.18842137 23.2871 17.3961 0.0625 0.0000 0.4211 0.0000 1.0000 0.0100 3.5410E-5 0.0000 1.0012 -7.7270 2.398832919020E-7 1.0000E-8 1045 5403
-6.480000000000 -10.198626907997 -10.40938009 -9.2233 -9.2233 -0.5360 23.2139 17.3660 7.0000 1.0000E8 -10.18842137 23.2139 17.3668 0.0625 0.0000 0.4211 0.0000 1.0000 0.0100 2.8490E-5 0.0000 1.0012 -7.6524 3.311311214826E-7 1.0000E-8 1442 6845
-6.340000000000 -10.152869417437 -10.15941130 -9.2233 -9.2233 -0.5143 23.1273 17.3297 7.0000 1.0000E8 -10.18842137 23.1272 17.3305 0.0625 0.0000 0.4737 0.0000 1.0000 0.0100 2.4587E-5 0.0000 1.0012 -7.5644 4.570881896149E-7 1.0000E-8 1791 8636
-6.200000000000 -10.107111926876 -10.24808020 -9.2233 -9.2233 -0.4915 23.0265 17.2854 7.0000 1.0000E8 -10.18842137 23.0265 17.2863 0.0625 0.0000 0.4737 0.0000 1.0000 0.0100 2.0496E-5 0.0000 1.0012 -7.4624 6.309573444802E-7 1.0000E-8 2451 11087
-6.060000000000 -10.061354436315 -10.51997061 -9.2233 -9.2233 -0.4683 22.9087 17.2321 7.0000 1.0000E8 -10.18842137 22.9087 17.2328 0.1250 0.0000 0.4737 0.0000 1.0000 0.0100 1.6448E-5 0.0000 1.0010 -7.3443 8.709635899561E-7 1.0000E-8 2903 13990
-5.920000000000 -10.061354436315 -10.20147999 -9.2233 -9.2233 -0.4455 22.7786 17.1690 7.0000 1.0000E8 -10.18842137 22.7786 17.1687 0.1250 0.0000 0.4737 0.0000 1.0000 0.0100 1.1572E-5 0.0000 1.0006 -7.2144 1.202264434617E-6 1.0000E-8 3816 17806
-5.780000000000 -10.061354436315 -10.84208331 -9.2233 -9.2233 -0.4237 22.6316 17.0948 7.0000 1.0000E8 -10.18842137 22.6316 17.0933 0.1250 0.0000 0.4737 0.0000 1.0000 0.0100 7.8833E-6 0.0000 1.0001 -7.0695 1.659586907438E-6 1.0000E-8 5268 23074
-5.640000000000 -10.055819328842 -10.24580421 -9.2233 -9.2233 -0.4034 22.4663 17.0088 7.0000 1.0000E8 -10.18842137 22.4663 17.0062 0.1250 0.0000 0.4737 0.0000 1.0000 0.0100 5.2717E-6 0.0000 1.0000 -6.9095 2.290867652768E-6 1.0000E-8 12234 35308
-5.500000000000 -10.422921419647 -11.54623759 -9.2233 -9.2233 -0.3854 22.2707 16.9118 7.0000 1.0000E8 -10.18842137 22.2707 16.9085 0.0000 0.0000 0.4737 0.0000 1.0000 0.0100 1.4230E-6 0.0000 0.9999 -6.7258 3.162277660169E-6 1.0000E-8 16674 51982
-5.360000000000 -10.093760548828 -10.77389548 -9.2233 -9.2233 -0.3702 22.0355 16.8086 7.0000 1.0000E8 -10.18842137 22.0355 16.8041 0.1250 0.0000 0.4737 0.0000 1.0000 0.0100 1.8059E-6 0.0000 0.9999 -6.5154 4.365158322402E-6 1.0000E-8 16708 68690
-5.220000000000 -9.590428152661 -9.73386027 -9.2233 -9.2233 -0.3581 21.7338 16.7109 7.0000 1.0000E8 -10.18842137 21.7307 16.7050 0.1875 0.0000 0.4737 0.0000 1.0000 0.0100 3.1612E-6 0.0000 0.9999 -6.2673 6.025595860744E-6 1.0000E-8 13777 82467
-5.080000000000 -10.052885642802 -10.42803519 -9.2233 -9.2233 -0.3494 21.3011 16.6377 7.0000 1.0000E8 -10.18842137 21.3011 16.6325 0.1250 0.0000 0.4737 0.0000 1.0000 0.0100 5.3530E-7 0.0000 1.0001 -6.0800 8.317637711027E-6 1.0000E-8 19336 101803
-4.940000000000 -10.052885642802 -10.78606251 -9.2233 -9.2233 -0.3439 20.1195 16.6082 7.0000 1.0000E8 -10.18842137 20.1191 16.6052 0.1250 0.0000 0.4737 0.0000 1.0000 0.0100 2.2064E-7 0.0000 1.0004 -5.9400 1.148153621497E-5 1.0000E-8 35737 137540
-4.800000000000 -10.052885642802 -10.22859972 -9.2233 -9.2233 -0.3411 20.7746 16.6232 7.0000 1.0000E8 -10.18842137 20.7748 16.6238 0.1250 0.0000 0.4737 0.0000 1.0000 0.0100 5.1049E-6 0.0000 1.0008 -5.8000 1.584893192461E-5 1.0000E-8 49330 186870
-4.660000000000 -10.052885642802 -10.10036285 -9.2233 -9.2233 -0.3401 20.8124 16.6625 7.0000 1.0000E8 -10.18842137 20.8125 16.6667 0.1250 0.0000 0.4737 0.0000 1.0000 0.0100 2.7620E-6 0.0000 1.0013 -5.6600 2.187761623950E-5 1.0000E-8 68094 254964
-4.520000000000 -10.052885642802 -10.18179997 -9.2233 -9.2233 -0.3399 20.6376 16.7034 7.0000 1.0000E8 -10.18842137 20.6377 16.7101 0.1250 0.0000 0.5263 0.0000 1.0000 0.0100 1.3725E-6 0.0000 1.0017 -5.5200 3.019951720402E-5 1.0000E-8 93996 348960
-4.380000000000 -9.961370661680 -10.00795100 -9.2233 -9.2233 -0.3398 20.3177 16.7329 7.0000 1.0000E8 -10.18842137 20.3558 16.7415 0.1250 0.0000 0.5789 0.0000 1.0000 0.0100 7.3593E-7 0.0000 1.0021 -5.3800 4.168693834704E-5 1.0000E-8 113940 462900
-4.240000000000 -9.732583208877 -9.87709682 -9.2233 -9.2233 -0.3397 19.8556 16.7488 7.0000 1.0000E8 -10.18842137 19.9195 16.7591 0.1250 0.0000 0.5789 0.0000 1.0000 0.0100 4.3911E-7 0.0000 1.0024 -5.2400 5.754399373372E-5 1.0000E-8 109937 572837
-4.100000000000 -9.458038265513 -9.63925545 -9.2233 -9.2233 -0.3396 19.2440 16.7553 7.0000 1.0000E8 -10.18842137 19.3657 16.7669 0.1875 0.0000 1.0000 0.0000 1.0000 0.0100 2.1280E-7 0.0000 1.0026 -5.1000 7.943282347243E-5 1.0000E-8 85887 658724
-3.960000000000 -9.430341312609 -9.55594470 -9.2233 -9.2233 -0.3395 18.4080 16.7571 7.0000 1.0000E8 -10.18842137 18.5395 16.7708 0.2500 0.0000 1.0000 0.0000 1.0000 0.0100 4.2737E-8 0.0000 1.0030 -4.9600 1.096478196143E-4 1.0000E-8 85372 744096
-3.820000000000 -9.064281388123 -9.37218093 -9.2233 -9.2233 -0.3395 17.4099 16.7575 7.0000 1.0000E8 -10.18842137 18.2055 16.7724 0.3750 0.0000 1.0000 0.0000 1.0000 0.0100 6.7848E-10 0.0000 1.0032 -4.8200 1.513561248436E-4 1.0000E-8 79096 823192
-3.680000000000 -8.515191501395 -8.69028268 -9.2233 -9.2233 -0.3395 16.4663 16.7575 7.0000 1.0000E8 -10.18842137 17.8051 16.7730 0.6875 0.0000 1.0000 0.0000 1.0000 0.0100 5.4504E-10 0.0000 1.0033 -4.6800 2.089296130854E-4 1.0000E-8 37186 860378
-3.540000000000 -8.250250782047 -8.32192433 -9.2233 -9.2233 -0.3395 18.3355 16.7575 7.0000 1.0000E8 -10.18842137 17.6313 16.7732 0.7500 0.0000 1.0000 0.0000 1.0000 0.0100 9.1069E-7 0.0000 1.0034 -4.5400 2.884031503127E-4 1.0000E-8 15906 876284
-3.400000000000 -8.250260882529 -8.32082928 -9.2233 -9.2233 -0.3395 18.3731 16.7575 7.0000 1.0000E8 -10.18842137 17.7682 16.7732 0.7500 0.0000 1.0000 0.0000 1.0000 0.0100 9.8548E-7 0.0000 1.0034 -4.4000 3.981071705535E-4 1.0000E-8 19520 895804
-3.260000000000 -8.250260882529 -8.73842148 -9.2233 -9.2233 -0.3395 18.3551 16.7575 7.0000 1.0000E8 -10.18842137 17.9693 16.7733 0.7500 0.0000 1.0000 0.0000 1.0000 0.0100 9.4476E-7 0.0000 1.0034 -4.2600 5.495408738577E-4 1.0000E-8 26946 922750
-3.120000000000 -8.250260882529 -8.29477075 -9.2233 -9.2233 -0.3395 18.0381 16.7575 7.0000 1.0000E8 -10.18842137 17.4452 16.7733 0.7500 0.0000 1.0000 0.0000 1.0000 0.0100 4.5531E-7 0.0000 1.0034 -4.1200 7.585775750292E-4 1.0000E-8 37195 959945
-2.980000000000 -8.250260882529 -8.83820782 -9.2233 -9.2233 -0.3395 18.0414 16.7575 7.0000 1.0000E8 -10.18842137 17.1745 16.7733 0.7500 0.0000 1.0000 0.0000 1.0000 0.0100 4.5872E-7 0.0000 1.0034 -3.9800 0.001047128548 1.0000E-8 51344 1011289
-2.840000000000 -8.250261925217 -8.65475286 -9.2233 -9.2233 -0.3395 18.3771 16.7575 7.0000 1.0000E8 -10.18842137 17.8915 16.7733 0.7500 0.0000 1.0000 0.0000 1.0000 0.0100 9.9383E-7 0.0000 1.0034 -3.8400 0.001445439771 1.0000E-8 70869 1082158
-2.700000000000 -8.250261925217 -8.34900828 -9.2233 -9.2233 -0.3395 18.1400 16.7575 7.0000 1.0000E8 -10.18842137 17.5421 16.7733 0.7500 0.0000 1.0000 0.0000 1.0000 0.0100 5.7570E-7 0.0000 1.0034 -3.7000 0.001995262315 1.0000E-8 97833 1179991
-2.560000000000 -8.250261925217 -8.31930143 -9.2233 -9.2233 -0.3395 18.0975 16.7575 7.0000 1.0000E8 -10.18842137 17.5018 16.7733 0.7500 0.0000 1.0000 0.0000 1.0000 0.0100 5.2195E-7 0.0000 1.0034 -3.5600 0.002754228703 1.0000E-8 135047 1315038
-2.420000000000 -8.250261925217 -8.50919197 -9.2233 -9.2233 -0.3395 18.0681 16.7575 7.0000 1.0000E8 -10.18842137 17.4879 16.7733 0.7500 0.0000 1.0000 0.0000 1.0000 0.0100 4.8786E-7 0.0000 1.0034 -3.4200 0.003801893963 1.0000E-8 186417 1501455
-2.280000000000 -8.250261925217 -8.57490765 -9.2233 -9.2233 -0.3395 17.9418 16.7575 7.0000 1.0000E8 -10.18842137 17.3925 16.7733 0.7500 0.0000 1.0000 0.0000 1.0000 0.0100 3.6475E-7 0.0000 1.0034 -3.2800 0.005248074602 1.0000E-8 257327 1758782
-2.140000000000 -8.250262043581 -8.29503940 -9.2233 -9.2233 -0.3395 18.3591 16.7575 7.0000 1.0000E8 -10.18842137 17.7661 16.7733 0.7500 0.0000 1.0000 0.0000 1.0000 0.0100 9.5340E-7 0.0000 1.0034 -3.1400 0.007244359601 1.0000E-8 355206 2113988
-2.000000000000 -8.250262043581 -8.45740791 -9.2233 -9.2233 -0.3395 18.3153 16.7575 7.0000 1.0000E8 -10.18842137 17.7221 16.7733 0.7500 0.0000 1.0000 0.0000 1.0000 0.0100 8.6197E-7 0.0000 1.0034 -3.0000 0.010000000000 1.0000E-8 490326 2604314
