-16.000000000000 -16.966676038326 -17.55077895 -9.2233 -9.2233 -5.8306 28.2187 12.2187 7.0000 1.0000E8 -10.92877360 28.2184 12.2183 0.0000 0.0000 0.0000 0.0000 1.0000 0.2000 1.8685E-6 0.0000 1.0000 -17.0124 1.000000000000E-16 1.0000 0 0
-15.860000000000 -16.816970037757 -18.06337809 -9.2233 -9.2233 -5.6906 28.2187 12.3587 7.0000 1.0000E8 -10.92877059 28.2184 12.3584 0.0000 0.0000 0.0000 0.0000 1.0000 0.2000 2.6375E-6 0.0000 1.0000 -16.8627 1.380384264603E-16 1.0000 4 4
-15.720000000000 -16.676970037757 -17.92337809 -9.2233 -9.2233 -5.5506 28.2187 12.4987 7.0000 1.0000E8 -10.92876667 28.2184 12.4984 0.0000 0.0000 0.0000 0.0000 1.0000 0.2000 3.6407E-6 0.0000 1.0000 -16.7227 1.905460717963E-16 1.0000 4 8
-15.580000000000 -16.536970037757 -17.78337809 -9.2233 -9.2233 -5.4106 28.2187 12.6387 7.0000 1.0000E8 -10.92876126 28.2184 12.6384 0.0000 0.0000 0.0000 0.0000 1.0000 0.2000 5.0255E-6 0.0000 1.0000 -16.5827 2.630267991895E-16 1.0000 4 12
-15.440000000000 -16.396970037757 -17.64337809 -9.2233 -9.2233 -5.2706 28.2187 12.7787 7.0000 1.0000E8 -10.92875378 28.2183 12.7784 0.0000 0.0000 0.0000 0.0000 1.0000 0.2000 6.9370E-6 0.0000 1.0000 -16.4427 3.630780547701E-16 1.0000 4 16
-15.300000000000 -16.256970037757 -17.50337809 -9.2233 -9.2233 -5.1306 28.2187 12.9187 7.0000 1.0000E8 -10.92874347 28.2183 12.9184 0.0000 0.0000 0.0000 0.0000 1.0000 0.2000 9.5755E-6 0.0000 1.0000 -16.3027 5.011872336273E-16 1.0000 4 20
-15.160000000000 -16.116970037757 -17.36337809 -9.2233 -9.2233 -4.9906 28.2186 13.0587 7.0000 1.0000E8 -10.92872923 28.2183 13.0583 0.0000 0.0000 0.0000 0.0000 1.0000 0.2000 1.3218E-5 0.0000 1.0000 -16.1627 6.918309709189E-16 1.0000 4 24
-15.020000000000 -15.976970037757 -17.22337809 -9.2233 -9.2233 -4.8506 28.2186 13.1987 7.0000 1.0000E8 -10.92870958 28.2183 13.1983 0.0000 0.0000 0.0000 0.0000 1.0000 0.2000 1.8244E-5 0.0000 1.0000 -16.0227 9.549925860214E-16 1.0000 4 28
-14.880000000000 -15.836970037757 -17.08337809 -9.2233 -9.2233 -4.7107 28.2186 13.3387 7.0000 1.0000E8 -10.92868246 28.2182 13.3383 0.0000 0.0000 0.0000 0.0000 1.0000 0.2000 2.5183E-5 0.0000 1.0000 -15.8827 1.318256738556E-15 1.0000 4 32
-14.740000000000 -15.696970037757 -16.94337809 -9.2233 -9.2233 -4.5707 28.2185 13.4786 7.0000 1.0000E8 -10.92864502 28.2181 13.4783 0.0000 0.0000 0.0000 0.0000 1.0000 0.2000 3.4759E-5 0.0000 1.0000 -15.7427 1.819700858610E-15 1.0000 4 36
-14.600000000000 -15.556970037757 -16.80337809 -9.2233 -9.2233 -4.4307 28.2184 13.6186 7.0000 1.0000E8 -10.92859334 28.2180 13.6182 0.0000 0.0000 0.0000 0.0000 1.0000 0.2000 4.7975E-5 0.0000 1.0000 -15.6027 2.511886431510E-15 1.0000 4 40
-14.460000000000 -15.416970037757 -16.66337809 -9.2233 -9.2233 -4.2908 28.2182 13.7585 7.0000 1.0000E8 -10.92852201 28.2179 13.7581 0.0000 0.0000 0.0000 0.0000 1.0000 0.2000 6.6214E-5 0.0000 1.0000 -15.4627 3.467368504525E-15 1.0000 4 44
-14.320000000000 -15.276970037757 -16.52337809 -9.2233 -9.2233 -4.1509 28.2180 13.8984 7.0000 1.0000E8 -10.92842357 28.2177 13.8980 0.0000 0.0000 0.0000 0.0000 1.0000 0.2000 9.1380E-5 0.0000 1.0000 -15.3227 4.786300923226E-15 1.0000 4 48
-14.180000000000 -15.136970037757 -16.38337809 -9.2233 -9.2233 -4.0110 28.2177 14.0383 7.0000 1.0000E8 -10.92828771 28.2174 14.0379 0.0000 0.0000 0.0000 0.0000 1.0000 0.2000 1.2610E-4 0.0000 1.0000 -15.1827 6.606934480076E-15 1.0000 4 52
-14.040000000000 -14.996970037757 -16.24337809 -9.2233 -9.2233 -3.8712 28.2174 14.1781 7.0000 1.0000E8 -10.92810024 28.2170 14.1777 0.0000 0.0000 0.0000 0.0000 1.0000 0.2000 1.7399E-4 0.0000 1.0000 -15.0427 9.120108393559E-15 1.0000 4 56
-13.900000000000 -14.856970037757 -16.10337809 -9.2233 -9.2233 -3.7314 28.2168 14.3178 7.0000 1.0000E8 -10.92784158 28.2165 14.3175 0.0000 0.0000 0.0000 0.0000 1.0000 0.2000 2.4004E-4 0.0000 1.0000 -14.9027 1.258925411794E-14 1.0000 4 60
-13.760000000000 -14.716970037757 -15.96337809 -9.2233 -9.2233 -3.5917 28.2161 14.4575 7.0000 1.0000E8 -10.92748474 28.2158 14.4571 0.0000 0.0000 0.0000 0.0000 1.0000 0.2000 3.3108E-4 0.0000 1.0000 -14.7627 1.737800828749E-14 1.0000 4 64
-13.620000000000 -14.576970037757 -15.82337809 -9.2233 -9.2233 -3.4522 28.2151 14.5970 7.0000 1.0000E8 -10.92699260 28.2148 14.5967 0.0000 0.0000 0.0000 0.0000 1.0000 0.2000 4.5652E-4 0.0000 1.0000 -14.6227 2.398832919020E-14 1.0000 4 68
-13.480000000000 -14.436970037757 -15.68337809 -9.2233 -9.2233 -3.3128 28.2137 14.7364 7.0000 1.0000E8 -10.92631405 28.2134 14.7360 0.0000 0.0000 0.0000 0.0000 1.0000 0.2000 6.2921E-4 0.0000 1.0000 -14.4827 3.311311214826E-14 1.0000 4 72
-13.340000000000 -14.296970037757 -15.54337809 -9.2233 -9.2233 -3.1736 28.2118 14.8755 7.0000 1.0000E8 -10.92537893 28.2115 14.8751 0.0000 0.0000 0.0000 0.0000 1.0000 0.2000 8.6673E-4 0.0000 1.0000 -14.3427 4.570881896149E-14 1.0000 4 76
-13.200000000000 -14.156970037757 -15.40337809 -9.2233 -9.2233 -3.0348 28.2092 15.0142 7.0000 1.0000E8 -10.92409100 28.2089 15.0138 0.0000 0.0000 0.0000 0.0000 1.0000 0.2000 0.0012 0.0000 1.0000 -14.2027 6.309573444802E-14 1.0000 4 80
-13.060000000000 -14.016970037757 -15.26337809 -9.2233 -9.2233 -2.8963 28.2056 15.1525 7.0000 1.0000E8 -10.92231867 28.2053 15.1521 0.0000 0.0000 0.0000 0.0000 1.0000 0.2000 0.0016 0.0000 1.0000 -14.0627 8.709635899561E-14 1.0000 4 84
-12.920000000000 -13.876970037757 -15.12337809 -9.2233 -9.2233 -2.7585 28.2007 15.2901 7.0000 1.0000E8 -10.91988257 28.2003 15.2898 0.0000 0.0000 0.0000 0.0000 1.0000 0.2000 0.0023 0.0000 1.0000 -13.9227 1.202264434617E-13 1.0000 4 88
-12.780000000000 -13.736970037757 -14.98337809 -9.2233 -9.2233 -2.6215 28.1938 15.4269 7.0000 1.0000E8 -10.91653947 28.1935 15.4265 0.0000 0.0000 0.0000 0.0000 1.0000 0.2000 0.0031 0.0000 1.0000 -13.7827 1.659586907438E-13 1.0000 4 92
-12.640000000000 -13.596970037757 -14.84337809 -9.2233 -9.2233 -2.4856 28.1845 15.5624 7.0000 1.0000E8 -10.91196164 28.1842 15.5621 0.0000 0.0000 0.0000 0.0000 1.0000 0.2000 0.0042 0.0000 1.0000 -13.6427 2.290867652768E-13 1.0000 4 96
-12.500000000000 -13.456970037757 -14.70337809 -9.2233 -9.2233 -2.3511 28.1718 15.6963 7.0000 1.0000E8 -10.90571158 28.1714 15.6960 0.0000 0.0000 0.0000 0.0000 1.0000 0.2000 0.0057 0.0000 1.0000 -13.5027 3.162277660168E-13 1.0000 4 100
-12.360000000000 -13.316970037757 -14.56337809 -9.2233 -9.2233 -2.2187 28.1544 15.8281 7.0000 1.0000E8 -10.89721252 28.1540 15.8277 0.0000 0.0000 0.0000 0.0000 1.0000 0.2000 0.0078 0.0000 1.0000 -13.3627 4.365158322402E-13 1.0000 4 104
-12.220000000000 -13.176970037757 -14.42337809 -9.2233 -9.2233 -2.0889 28.1309 15.9569 7.0000 1.0000E8 -10.88571708 28.1305 15.9565 0.0000 0.0000 0.0000 0.0000 1.0000 0.2000 0.0105 0.0000 1.0000 -13.2227 6.025595860744E-13 1.0000 4 108
-12.080000000000 -13.036970037757 -14.28337809 -9.2233 -9.2233 -1.9626 28.0991 16.0818 7.0000 1.0000E8 -10.87027935 28.0988 16.0815 0.0000 0.0000 0.0000 0.0000 1.0000 0.2000 0.0139 0.0000 1.0000 -13.0827 8.317637711027E-13 1.0000 4 112
-11.940000000000 -12.896970037757 -14.14337809 -9.2233 -9.2233 -1.8407 28.0567 16.2017 7.0000 1.0000E8 -10.84974009 28.0564 16.2014 0.0000 0.0000 0.0000 0.0000 1.0000 0.2000 0.0184 0.0000 1.0000 -12.9427 1.148153621497E-12 1.0000 4 116
-11.800000000000 -12.756970037757 -14.00337809 -9.2233 -9.2233 -1.7245 28.0006 16.3152 7.0000 1.0000E8 -10.82273998 28.0003 16.3149 0.0000 0.0000 0.0000 0.0000 1.0000 0.2000 0.0239 0.0000 1.0000 -12.8027 1.584893192461E-12 1.0000 4 120
-11.660000000000 -12.616970037757 -13.86337809 -9.2233 -9.2233 -1.6151 27.9272 16.4208 7.0000 1.0000E8 -10.78777886 27.9269 16.4204 0.0000 0.0000 0.0000 0.0000 1.0000 0.2000 0.0305 0.0000 1.0000 -12.6627 2.187761623950E-12 1.0000 4 124
-11.520000000000 -12.476970037757 -13.72337809 -9.2233 -9.2233 -1.5136 27.8324 16.5167 7.0000 1.0000E8 -10.74333628 27.8320 16.5163 0.0000 0.0000 0.0000 0.0000 1.0000 0.2000 0.0381 0.0000 1.0000 -12.5227 3.019951720402E-12 1.0000 4 128
-11.380000000000 -12.336970037757 -13.58337809 -9.2233 -9.2233 -1.4210 27.7114 16.6014 7.0000 1.0000E8 -10.68805251 27.7111 16.6010 0.0000 0.0000 0.0000 0.0000 1.0000 0.2000 0.0465 0.0000 1.0000 -12.3827 4.168693834704E-12 1.0000 4 132
-11.240000000000 -12.196970037757 -13.44337809 -9.2233 -9.2233 -1.3378 27.5585 16.6734 7.0000 1.0000E8 -10.62094050 27.5582 16.6731 0.0000 0.0000 0.0000 0.0000 1.0000 0.2000 0.0553 0.0000 1.0000 -12.2427 5.754399373372E-12 1.0000 4 136
-11.100000000000 -12.056970037757 -13.30337809 -9.2233 -9.2233 -1.2636 27.3650 16.7318 7.0000 1.0000E8 -10.54156813 27.3647 16.7315 0.0000 0.0000 0.0000 0.0000 1.0000 0.2000 0.0640 0.0000 1.0000 -12.1027 7.943282347243E-12 1.0000 4 140
-10.960000000000 -11.916970037757 -13.16337809 -9.2233 -9.2233 -1.1976 27.1140 16.7758 7.0000 1.0000E8 -10.45014164 27.1137 16.7755 0.0000 0.0000 0.0000 0.0000 1.0000 0.2000 0.0722 0.0000 1.0000 -11.9627 1.096478196143E-11 1.0000 4 144
-10.820000000000 -11.776970037757 -13.02337809 -9.2233 -9.2233 -1.1381 26.7590 16.8052 7.0000 1.0000E8 -10.34745525 26.7589 16.8049 0.0000 0.0000 0.0000 0.0000 1.0000 0.2000 0.0796 0.0000 1.0000 -11.8227 1.513561248436E-11 1.0000 4 148
-10.680000000000 -11.636970037757 -12.88337809 -9.2233 -9.2233 -1.0834 26.0348 16.8197 7.0000 1.0000E8 -10.23474020 26.0358 16.8194 0.0000 0.0000 0.0000 0.0000 1.0000 0.2000 0.0401 0.0000 1.0000 -11.6827 2.089296130854E-11 1.0000 4 152
-10.540000000000 -11.496970037757 -12.74337809 -9.2233 -9.2233 -1.0320 26.1669 16.8195 7.0000 1.0000E8 -10.18842137 26.1656 16.8192 0.0000 0.0000 0.0000 0.0000 1.0000 0.2000 0.0382 0.0000 1.0000 -11.5427 2.884031503127E-11 1.0000 4 156
-10.400000000000 -11.356970037757 -12.60337809 -9.2233 -9.2233 -0.9830 26.3886 16.8052 7.0000 1.0000E8 -10.18842137 26.3877 16.8050 0.0000 0.0000 0.0000 0.0000 1.0000 0.2000 0.0363 0.0000 1.0000 -11.4027 3.981071705535E-11 1.0000 4 160
-10.260000000000 -11.216970037757 -12.46337809 -9.2233 -9.2233 -0.9366 26.3703 16.7790 7.0000 1.0000E8 -10.18842137 26.3694 16.7787 0.0000 0.0000 0.0000 0.0000 1.0000 0.2000 0.0337 0.0000 1.0000 -11.2627 5.495408738577E-11 1.0000 4 164
-10.120000000000 -11.076970037757 -12.32337809 -9.2233 -9.2233 -0.8942 26.2090 16.7461 7.0000 1.0000E8 -10.18842137 26.2080 16.7459 0.0000 0.0000 0.0000 0.0000 1.0000 0.2000 0.0297 0.0000 1.0000 -11.1227 7.585775750292E-11 1.0000 4 168
-9.980000000000 -10.936970037757 -12.18337809 -9.2233 -9.2233 -0.8578 25.8310 16.7168 7.0000 1.0000E8 -10.18842137 25.8296 16.7167 0.0000 0.0000 0.0000 0.0000 1.0000 0.2000 0.0241 0.0000 1.0000 -10.9827 1.047128548051E-10 1.0000 4 172
-9.840000000000 -10.796970037757 -12.04337809 -9.2233 -9.2233 -0.8289 25.1303 16.7051 7.0000 1.0000E8 -10.18842137 25.1341 16.7051 0.0000 0.0000 0.0000 0.0000 1.0000 0.2000 0.0181 0.0000 1.0000 -10.8427 1.445439770746E-10 1.0000 4 176
-9.700000000000 -10.656970037757 -11.90337809 -9.2233 -9.2233 -0.8075 25.8006 16.7214 7.0000 1.0000E8 -10.18842137 25.8009 16.7214 0.0000 0.0000 0.0000 0.0000 1.0000 0.2000 0.0134 0.0000 1.0000 -10.7027 1.995262314969E-10 1.0000 4 180
-9.560000000000 -10.516970037757 -11.76337809 -9.2233 -9.2233 -0.7910 25.9187 16.7646 7.0000 1.0000E8 -10.18842137 25.9188 16.7646 0.0000 0.0000 0.0000 0.0000 1.0000 0.2000 0.0144 0.0000 1.0000 -10.5627 2.754228703338E-10 1.0000 4 184
-9.420000000000 -10.376970037757 -11.62337809 -9.2233 -9.2233 -0.7759 25.9401 16.8266 7.0000 1.0000E8 -10.18842137 25.9402 16.8266 0.0000 0.0000 0.0000 0.0000 1.0000 0.2000 0.0207 0.0000 1.0000 -10.4227 3.801893963206E-10 1.0000 4 188
-9.280000000000 -10.236970037757 -11.48337809 -9.2233 -9.2233 -0.7600 25.9366 16.9013 7.0000 1.0000E8 -10.18842137 25.9366 16.9013 0.0625 0.0000 0.0000 0.0000 1.0000 0.2000 0.0279 0.0000 1.0000 -10.2827 5.248074602498E-10 1.0000 4 192
-9.140000000000 -10.096970037757 -11.34337809 -9.2233 -9.2233 -0.7431 25.9152 16.9852 7.0000 1.0000E8 -10.18842137 25.9152 16.9860 0.0625 0.0000 0.0000 0.0000 1.0000 0.2000 0.0365 0.0000 1.0005 -10.1427 7.244359600750E-10 1.0000 4 196
-9.000000000000 -9.956970037757 -11.20337809 -9.2233 -9.2233 -0.7258 25.8719 17.0741 7.0000 1.0000E8 -10.18842137 25.8719 17.0760 0.1250 0.0000 0.0000 0.0000 1.0000 0.2000 0.0474 0.0000 1.0014 -10.0027 1.000000000000E-9 1.0000 4 200
-8.860000000000 -9.948651101179 -10.20745728 -9.2233 -9.2233 -0.7091 25.8078 17.1620 7.0000 1.0000E8 -10.18842137 25.8189 17.1652 0.1250 0.0000 0.0000 0.0000 1.0000 0.2000 0.0465 0.0000 1.0031 -9.8800 1.380384264603E-9 1.0000 4 204
-8.720000000000 -9.884464977653 -10.39707855 -9.2233 -9.2233 -0.6931 25.6902 17.2428 7.0000 1.0000E8 -10.18842137 25.6903 17.2473 0.1250 0.0000 0.0000 0.0000 1.0000 0.2000 0.0488 0.0000 1.0054 -9.7292 1.905460717963E-9 1.0000 5 209
-8.580000000000 -9.807441629422 -10.94677490 -9.2233 -9.2233 -0.6782 25.5314 17.3123 7.0000 1.0000E8 -10.18842137 25.5314 17.3181 0.1250 0.0000 0.0000 0.0000 1.0000 0.2000 0.0519 0.0000 1.0083 -9.5819 2.630267991896E-9 1.0000 6 215
-8.440000000000 -9.730418281191 -9.82812116 -9.2233 -9.2233 -0.6643 25.3670 17.3684 7.0000 1.0000E8 -10.18842137 25.3870 17.3758 0.1250 0.0000 0.0000 0.0000 1.0000 0.2000 0.0585 0.0000 1.0119 -9.4581 3.630780547701E-9 1.0000 6 221
-8.300000000000 -9.640557708255 -9.84869891 -9.2233 -9.2233 -0.6521 25.1384 17.4116 7.0000 1.0000E8 -10.18842137 25.1608 17.4203 0.1250 0.0000 0.0000 0.0000 1.0000 0.2000 0.0626 0.0000 1.0159 -9.3125 5.011872336273E-9 1.0000 7 228
-8.160000000000 -9.537859910614 -9.99684993 -9.2233 -9.2233 -0.6421 24.8711 17.4430 7.0000 1.0000E8 -10.18842137 24.8922 17.4529 0.1250 0.0000 0.0000 0.0000 1.0000 0.2000 0.0673 0.0000 1.0198 -9.1664 6.918309709190E-9 1.0000 8 236
-8.020000000000 -9.435162112972 -9.46319229 -9.2233 -9.2233 -0.6437 24.3350 17.4594 7.0000 1.0000E8 -10.18842137 24.5161 17.4588 0.1250 0.0417 0.0526 0.0166 0.9997 0.2000 0.0034 0.0000 1.0000 -9.0359 9.549925860215E-9 1.0000 8 244
-7.880000000000 -9.319627090626 -9.56876586 -9.2233 -9.2233 -0.6389 24.0176 17.4673 7.0000 1.0000E8 -10.18842137 24.2267 17.4707 0.2500 0.0417 0.0526 0.0111 0.9999 0.2000 0.0019 0.0000 1.0000 -8.8890 1.318256738557E-8 1.0000 9 253
-7.740000000000 -9.191254843574 -11.74198456 -9.2233 -9.2233 -0.6362 23.4797 17.4718 7.0000 1.0000E8 -10.18842137 25.8540 17.4778 0.2500 0.0417 0.0526 0.0069 1.0000 0.2000 0.0013 0.0000 1.0000 -8.7400 1.819700858610E-8 1.0000 10 263
-7.600000000000 -9.062882596522 -9.73212354 -9.2233 -9.2233 -0.6335 23.2787 17.4729 7.0000 1.0000E8 -10.18842137 23.6802 17.4801 0.2500 0.0833 0.1579 0.0115 1.0000 0.2000 0.0014 24296.8947 1.0000 -8.6032 2.511886431510E-8 1.0000 10 273
-7.460000000000 -8.934510349471 -9.29976912 -9.2233 -9.2233 -0.6295 23.4637 17.4690 7.0000 1.0000E8 -10.18842137 22.7871 17.4785 0.1250 0.2083 0.2105 0.0143 0.9998 0.2000 0.0016 38969.8496 1.0000 -8.4663 3.467368504526E-8 1.0000 10 283
-7.320000000000 -8.806138102419 -8.99039785 -9.2233 -9.2233 -0.6243 23.4673 17.4633 7.0000 1.0000E8 -10.18842137 23.3445 17.4742 0.1875 0.2083 0.2105 0.0116 0.9997 0.2000 0.0018 24631.2437 1.0000 -8.3294 4.786300923227E-8 1.0000 10 293
-7.180000000000 -8.677765855367 -8.73166832 -9.2233 -9.2233 -0.6169 23.4752 17.4550 7.0000 1.0000E8 -10.18842137 23.4297 17.4669 0.2500 0.2500 0.2632 0.0126 0.9997 0.2000 0.0023 42719.5014 1.0000 -8.1924 6.606934480076E-8 1.0000 10 303
-7.040000000000 -8.536556383610 -9.47557752 -9.2233 -9.2233 -0.6075 23.4429 17.4438 7.0000 1.0000E8 -10.18842137 22.9561 17.4571 0.3125 0.2500 0.2632 0.0165 0.9999 0.2000 0.0029 52865.9769 1.0000 -8.0416 9.120108393560E-8 1.0000 11 314
-6.900000000000 -8.395346911853 -9.43615474 -9.2233 -9.2233 -0.5958 23.4044 17.4291 7.0000 1.0000E8 -10.18842137 22.6810 17.4442 0.3125 0.2500 0.2632 0.0214 0.9999 0.2000 0.0036 63108.0710 1.0000 -7.9013 1.258925411794E-7 1.0000 11 325
-6.760000000000 -8.254137440097 -9.42770223 -9.2233 -9.2233 -0.5817 23.3558 17.4101 7.0000 1.0000E8 -10.18842137 22.2140 17.4275 0.3125 0.2500 0.2632 0.0276 0.9999 0.2000 0.0044 74343.9994 1.0000 -7.7609 1.737800828749E-7 1.0000 11 336
-6.620000000000 -8.112927968340 -9.47798413 -9.2233 -9.2233 -0.5651 23.2957 17.3856 7.0000 1.0000E8 -10.18842137 22.4346 17.4064 0.4375 0.2500 0.2632 0.0352 0.9999 0.2000 0.0051 85362.0513 1.0000 -7.6206 2.398832919020E-7 1.0000 11 347
-6.480000000000 -7.971718496583 -9.68608192 -9.2233 -9.2233 -0.5473 23.2266 17.3546 7.0000 1.0000E8 -10.18842137 23.4674 17.3813 0.4375 0.2500 0.2632 0.0440 0.9999 0.2000 0.0058 103758.3846 1.0000 -7.4803 3.311311214826E-7 1.0000 11 358
-6.340000000000 -7.843346249531 -7.84535174 -9.2233 -9.2233 -0.5282 23.1564 17.3154 7.0000 1.0000E8 -10.18842137 23.0549 17.3521 0.4375 0.2500 0.2632 0.0537 0.9983 0.2000 0.0064 118424.5694 1.0000 -7.3538 4.570881896149E-7 1.0000 10 368
-6.200000000000 -7.702136777774 -8.34634585 -9.2233 -9.2233 -0.5087 23.0622 17.2659 7.0000 1.0000E8 -10.18842137 23.1719 17.3171 0.4375 0.2500 0.2632 0.0669 0.9996 0.2000 0.0068 135672.2099 1.0000 -7.2031 6.309573444802E-7 1.0000 11 379
-6.060000000000 -7.560927306017 -8.25445194 -9.2233 -9.2233 -0.4888 22.9635 17.2032 7.0000 1.0000E8 -10.18842137 23.1058 17.2770 0.4375 0.2500 0.2632 0.0839 0.9996 0.2000 0.0072 142973.4515 1.0000 -7.0628 8.709635899561E-7 1.0000 11 390
-5.920000000000 -7.458229508376 -7.96020711 -9.2233 -9.2233 -0.4689 22.8556 17.1227 7.0000 1.0000E8 -10.18842137 22.8788 17.2311 0.4375 0.2500 0.2632 0.1012 0.9993 0.2000 0.0069 146914.9061 1.0000 -6.9240 1.202264434617E-6 1.0000 11 401
-5.780000000000 -7.432555058966 -7.66502280 -9.2233 -9.2233 -0.4497 22.7389 17.0171 7.0000 1.0000E8 -10.18842137 22.6143 17.1795 0.4375 0.2500 0.2632 0.1001 0.9988 0.2000 0.0054 119527.8501 1.0000 -6.7857 1.659586907438E-6 1.0000 13 414
-5.640000000000 -7.394043384850 -8.00027289 -9.2233 -9.2233 -0.4315 22.6089 16.8708 7.0000 1.0000E8 -10.18842137 22.5867 17.1215 0.4375 0.2500 0.2632 0.1024 0.9996 0.2000 0.0042 84576.1156 1.0000 -6.6419 2.290867652768E-6 1.0000 17 431
-5.500000000000 -7.381206160145 -7.39811855 -9.2233 -9.2233 -0.4145 22.4773 16.6429 7.0000 1.0000E8 -10.18842137 22.2343 17.0585 0.4375 0.2500 0.2632 0.1000 0.9986 0.2000 0.0031 57269.8544 1.0000 -6.5055 3.162277660169E-6 1.0000 21 452
-5.360000000000 -7.355531710734 -7.46933106 -9.2233 -9.2233 -0.3994 22.3315 16.1347 7.0000 1.0000E8 -10.18842137 22.0444 16.9917 0.4375 0.2500 0.2632 0.1017 0.9991 0.2000 0.0023 36367.4043 1.0000 -6.3634 4.365158322402E-6 1.0000 28 480
-5.220000000000 -7.342694486029 -7.60036595 -9.2233 -9.2233 -0.3864 22.1781 16.2064 7.0000 1.0000E8 -10.18842137 21.7869 16.9261 0.4375 0.2500 0.3158 0.1009 0.9995 0.2000 0.0017 21742.6448 1.0000 -6.2218 6.025595860744E-6 1.0000 37 517
-5.080000000000 -6.944740520169 -7.18018651 -9.2233 -9.2233 -0.3761 22.0201 16.6510 7.0000 1.0000E8 -10.18842137 21.4115 16.8704 0.2500 0.3750 0.4211 0.0242 0.9988 0.2000 0.0030 30422.6988 1.0000 -6.0835 8.317637711027E-6 1.0000 31 548
-4.940000000000 -6.675158801360 -7.68381934 -9.2233 -9.2233 -0.3689 21.8663 16.8595 7.0000 1.0000E8 -10.18842137 21.3710 16.8351 0.3125 0.3750 0.4211 0.0348 0.9996 0.2000 0.0040 33859.8590 1.0000 -5.9408 1.148153621497E-5 1.0000 21 569
-4.800000000000 -6.469763206078 -6.49472786 -9.2233 -9.2233 -0.3648 21.7610 17.0024 7.0000 1.0000E8 -10.18842137 19.6273 16.8313 0.3750 0.3750 0.4211 0.0273 0.9958 0.2000 0.0051 19231.8634 1.0000 -5.8089 1.584893192461E-5 1.0000 16 585
-4.660000000000 -6.277204835500 -7.20660855 -9.2233 -9.2233 -0.3622 21.6633 17.1188 7.0000 1.0000E8 -10.18842137 22.1188 16.8358 0.3750 0.3750 0.4211 0.0242 0.9994 0.2000 0.0062 12518.2621 1.0000 -5.6612 2.187761623950E-5 1.0000 15 600
-4.520000000000 -6.110320914333 -6.22124007 -9.2233 -9.2233 -0.3597 21.5684 17.2197 7.0000 1.0000E8 -10.18842137 20.6655 16.8479 0.3750 0.3750 0.4211 0.0236 0.9949 0.2000 0.0072 8090.2904 1.0000 -5.5287 3.019951720402E-5 1.0000 13 613
-4.380000000000 -5.943436993166 -6.82744073 -9.2233 -9.2233 -0.3563 21.4183 17.3056 7.0000 1.0000E8 -10.18842137 21.9326 16.8378 0.4375 0.3750 0.4211 0.0260 0.9992 0.2000 0.0076 6724.3165 1.0000 -5.3816 4.168693834704E-5 1.0000 13 626
-4.240000000000 -5.789390296703 -6.08093522 -9.2233 -9.2233 -0.3526 21.2412 17.3737 7.0000 1.0000E8 -10.18842137 20.8177 16.8302 0.4375 0.3750 0.4211 0.0210 0.9964 0.2000 0.0074 5519.8071 1.0000 -5.2463 5.754399373372E-5 1.0000 12 638
-4.100000000000 -5.635343600241 -6.33366398 -9.2233 -9.2233 -0.3488 21.0176 17.4261 7.0000 1.0000E8 -10.18842137 21.2778 16.8106 0.4375 0.3750 0.4211 0.0169 0.9987 0.2000 0.0066 4175.1027 1.0000 -5.1025 7.943282347243E-5 1.0000 12 650
-3.960000000000 -5.494134128485 -5.54161691 -9.2233 -9.2233 -0.3456 21.1350 17.4705 7.0000 1.0000E8 -9.86737835 20.3316 16.7973 0.4375 0.4583 0.4737 0.0143 0.9952 0.2000 0.0067 2617.8406 1.0000 -4.9715 1.096478196143E-4 1.0000 11 661
-3.820000000000 -5.352924656728 -5.41329764 -9.2233 -9.2233 -0.3429 20.9078 17.5313 7.0000 1.0000E8 -9.87027540 19.8867 16.7782 0.3125 0.7500 0.7895 0.0078 0.9975 0.2000 24.7550 12776.8990 1.0000 -4.8312 1.513561248436E-4 1.0000 11 672
-3.680000000000 -5.211715184971 -5.28533518 -9.2233 -9.2233 -0.3382 18.3055 17.5594 7.0000 1.0000E8 -8.42469676 18.7785 16.7201 0.1250 0.9167 1.0000 0.0023 0.9999 0.2000 0.8733 32802.4866 1.0000 -4.6909 2.089296130854E-4 1.0000 11 683
-3.540000000000 -5.070505713214 -5.15775093 -9.2233 -9.2233 -0.3385 -9.2233 17.5594 7.0000 1.0000E8 30.00000000 18.7601 16.7246 0.0000 1.0000 1.0000 5.7285E-4 1.0000 0.2000 0.0000 33427.8613 1.0000 -4.5506 2.884031503127E-4 1.0000 11 694
-3.400000000000 -4.929296241457 -5.03056828 -9.2233 -9.2233 -0.3387 -9.2233 17.5594 7.0000 1.0000E8 30.00000000 18.5363 16.7277 0.0000 1.0000 1.0000 0.0014 1.0000 0.2000 0.0000 31792.7112 1.0000 -4.4103 3.981071705535E-4 1.0000 11 705
-3.260000000000 -4.788086769700 -4.90381284 -9.2233 -9.2233 -0.3389 -9.2233 17.5594 7.0000 1.0000E8 30.00000000 18.3661 16.7304 0.0000 1.0000 1.0000 1.7194E-4 1.0000 0.2000 0.0000 30133.8643 1.0000 -4.2700 5.495408738577E-4 1.0000 11 716
-3.120000000000 -4.646877297943 -4.77751275 -9.2233 -9.2233 -0.3390 -9.2233 17.5594 7.0000 1.0000E8 30.00000000 18.2108 16.7329 0.0000 1.0000 1.0000 2.2721E-4 1.0000 0.2000 0.0000 28541.1118 1.0000 -4.1297 7.585775750292E-4 1.0000 11 727
-2.980000000000 -4.505667826186 -4.65169906 -9.2233 -9.2233 -0.3392 -9.2233 17.5594 7.0000 1.0000E8 30.00000000 18.0598 16.7352 0.0000 1.0000 1.0000 2.6996E-5 1.0000 0.2000 0.0000 27028.2665 1.0000 -3.9893 0.001047128548 1.0000 11 738
-2.840000000000 -4.364458354429 -4.52640605 -9.2233 -9.2233 -0.3393 -9.2233 17.5594 7.0000 1.0000E8 30.00000000 17.9102 16.7374 0.0000 1.0000 1.0000 0.0011 1.0000 0.2000 0.0000 25594.9769 1.0000 -3.8490 0.001445439771 1.0000 11 749
-2.700000000000 -4.223248882672 -4.40167180 -9.2233 -9.2233 -0.3395 -9.2233 17.5594 7.0000 1.0000E8 30.00000000 17.7613 16.7394 0.0000 1.0000 1.0000 8.4398E-4 1.0000 0.2000 0.0000 24237.8725 1.0000 -3.7087 0.001995262315 1.0000 11 760
-2.560000000000 -4.082039410916 -4.27753871 -9.2233 -9.2233 -0.3396 -9.2233 17.5594 7.0000 1.0000E8 30.00000000 17.6130 16.7414 0.0000 1.0000 1.0000 6.7933E-4 1.0000 0.2000 0.0000 22953.0707 1.0000 -3.5684 0.002754228703 1.0000 11 771
-2.420000000000 -3.940829939159 -4.15405417 -9.2233 -9.2233 -0.3397 -9.2233 17.5594 7.0000 1.0000E8 30.00000000 17.4655 16.7432 0.0000 1.0000 1.0000 3.5667E-4 1.0000 0.2000 0.0000 21736.7406 1.0000 -3.4281 0.003801893963 1.0000 11 782
-2.280000000000 -3.799620467402 -4.03127145 -9.2233 -9.2233 -0.3398 -9.2233 17.5594 7.0000 1.0000E8 30.00000000 17.3186 16.7449 0.0000 1.0000 1.0000 0.0010 1.0000 0.2000 0.0000 20585.2229 1.0000 -3.2878 0.005248074602 1.0000 11 793
-2.140000000000 -3.658410995645 -3.90925061 -9.2233 -9.2233 -0.3399 -9.2233 17.5594 7.0000 1.0000E8 30.00000000 17.1724 16.7465 0.0000 1.0000 1.0000 0.0019 1.0000 0.2000 0.0000 19495.0481 1.0000 -3.1475 0.007244359601 1.0000 11 804
-2.000000000000 -3.517201523888 -3.78805981 -9.2233 -9.2233 -0.3400 -9.2233 17.5594 7.0000 1.0000E8 30.00000000 17.0271 16.7480 0.0000 1.0000 1.0000 9.0254E-4 1.0000 0.2000 0.0000 18462.9330 1.0000 -3.0071 0.010000000000 1.0000 11 815
