desc: I1 cache:         32768 B, 64 B, 8-way associative
desc: D1 cache:         32768 B, 64 B, 8-way associative
desc: LL cache:         6291456 B, 64 B, 24-way associative
cmd: ./fern-exec ../fern/data/performance/intelCore2DuoP95002.53GHz/150_20151123.ini
events: Ir I1mr ILmr Dr D1mr DLmr Dw D1mw DLmw 
fl=/home/bkj/research/fern/src/Globals.cpp
fn=Globals::Globals(Network const&)
5 7 1 1 0 0 0 5 0 0
7 1 0 0 1 0 0 0 0 0
8 1 0 0 1 0 0 0 0 0
9 1 0 0 1 0 0 0 0 0
10 1 0 0 1 0 0 0 0 0
11 1 0 0 1 0 0 0 0 0
12 1 0 0 1 0 0 0 0 0
13 1 0 0 1 0 0 0 0 0
14 1 1 1 1 0 0 0 0 0
15 1 0 0 1 0 0 0 0 0
16 1 0 0 1 0 0 0 0 0
17 1 0 0 1 0 0 0 0 0
18 6 0 0 6 1 0 0 0 0
fl=/home/bkj/research/fern/src/IntegrationData.cpp
fn=IntegrationData::allocate(unsigned short)
60 2 1 1 0 0 0 1 0 0
61 1 0 0 0 0 0 1 1 1
62 4 0 0 0 0 0 2 1 1
63 2 0 0 2 0 0 0 0 0
fn=IntegrationData::loadAbundances(char const*)
9 9 1 1 0 0 0 6 0 0
14 3 0 0 0 0 0 1 0 0
18 2 0 0 0 0 0 0 0 0
26 757 0 0 151 0 0 0 0 0
39 1800 1 1 150 0 0 450 0 0
42 900 0 0 300 0 0 0 0 0
47 7200 0 0 0 0 0 0 0 0
52 18000 1 1 0 0 0 3600 0 0
56 8 0 0 7 0 0 0 0 0
fn=IntegrationData::print()
66 4 0 0 0 0 0 2 0 0
67 4 1 1 1 0 0 1 0 0
69 4 0 0 1 0 0 1 0 0
70 4 0 0 1 0 0 1 0 0
71 4 1 1 1 0 0 1 0 0
72 4 0 0 1 0 0 1 0 0
73 4 0 0 1 0 0 1 0 0
75 3 0 0 0 0 0 1 0 0
76 454 1 1 151 0 0 0 0 0
77 1050 0 0 300 1 0 150 0 0
78 4 0 0 3 0 0 0 0 0
fl=/home/bkj/research/fern/src/Network.cpp
fn=Network::allocate()
495 6 1 1 0 0 0 4 0 0
498 1 0 0 1 0 0 0 0 0
499 1 0 0 1 0 0 0 0 0
501 6 1 1 1 0 0 2 0 0
502 5 0 0 1 0 0 2 0 0
506 14 0 0 0 0 0 0 0 0
507 35 1 1 7 0 0 14 0 0
510 3 0 0 1 0 0 2 0 0
511 4 0 0 1 0 0 2 0 0
512 4 0 0 1 0 0 2 0 0
513 9 1 1 1 0 0 2 0 0
514 4 0 0 1 0 0 2 0 0
515 4 0 0 1 0 0 2 0 0
516 4 0 0 1 0 0 2 0 0
517 5 2 2 1 0 0 2 0 0
519 7 0 0 0 0 0 0 0 0
520 15 0 0 3 0 0 6 0 0
523 6 0 0 0 0 0 0 0 0
524 15 1 1 3 0 0 6 0 0
527 7 0 0 1 0 0 2 0 0
528 4 1 1 1 0 0 2 0 0
529 4 0 0 1 0 0 2 0 0
530 6 0 0 1 0 0 2 0 0
531 6 0 0 5 0 0 0 0 0
fn=Network::loadNetwork(char const*)
7 9 1 1 0 0 0 6 0 0
14 3 0 0 0 0 0 1 0 0
18 2 0 0 0 0 0 0 0 0
24 8 0 0 3 0 0 2 0 0
27 1504 1 1 599 0 0 1 0 0
28 450 0 0 0 0 0 300 18 18
37 150 0 0 150 0 0 0 0 0
38 1800 1 1 150 0 0 450 0 0
41 750 0 0 300 0 0 0 0 0
46 7200 0 0 0 0 0 0 0 0
50 18000 1 1 0 0 0 3600 0 0
56 8 0 0 7 0 0 0 0 0
fn=Network::loadReactions(char const*)
58 10 1 1 0 0 0 6 0 0
67 6 0 0 1 0 0 1 0 0
68 2 1 1 0 0 0 1 0 0
71 6 0 0 0 0 0 1 0 0
72 2 0 0 0 0 0 1 0 0
73 2 0 0 0 0 0 1 0 0
74 2 0 0 0 0 0 1 0 0
76 4 2 2 0 0 0 2 1 1
80 2 0 0 0 0 0 0 0 0
87 1 0 0 0 0 0 1 0 0
88 6 0 0 1 0 0 3 0 0
90 1 0 0 1 0 0 0 0 0
91 19263 2 2 9628 0 0 4820 0 0
92 9624 0 0 1604 0 0 3208 201 199
103 1604 0 0 1604 0 0 0 0 0
106 49724 2 2 17644 0 0 11228 0 0
109 3208 1 1 0 0 0 0 0 0
122 8020 0 0 3208 0 0 1604 0 0
128 22456 0 0 11228 0 0 0 0 0
132 78596 1 1 22456 0 0 11228 0 0
144 32111 2 2 15489 0 0 0 0 0
145 13685 1 1 2737 0 0 2737 0 0
153 31991 1 1 11419 0 0 1604 0 0
154 13685 1 1 2737 0 0 2737 0 0
162 26088 1 1 8696 0 0 0 0 0
163 13720 0 0 2744 0 0 2744 0 0
171 29296 1 1 8696 0 0 0 0 0
172 13720 0 0 2744 0 0 2744 0 0
180 28783 0 0 14627 0 0 0 0 0
181 16422 1 1 8211 0 0 2737 0 0
183 1669573 2 2 19159 0 0 0 0 0
184 821100 0 0 410550 0 0 0 0 0
185 5474 0 0 2737 2587 2587 0 0 0
194 26088 2 2 7092 0 0 0 0 0
195 16464 0 0 8232 0 0 2744 0 0
197 1673843 1 1 19208 0 0 0 0 0
198 823200 0 0 411600 0 0 0 0 0
199 5488 0 0 2744 1054 1054 0 0 0
206 11228 1 1 4812 0 0 1604 100 99
216 6 1 1 0 0 0 1 0 0
218 6 0 0 2 0 0 0 0 0
222 2 1 1 0 0 0 1 0 0
223 14 1 1 1 0 0 4 1 1
224 3209 1 1 1605 0 0 0 0 0
227 8020 0 0 3208 689 0 1604 0 0
228 742 1 1 0 0 0 742 0 0
229 2226 0 0 742 634 0 1484 650 47
230 2226 0 0 742 0 0 1484 644 40
231 3710 0 0 2968 741 0 742 741 44
232 2226 1 1 1484 742 0 742 742 46
233 8904 1 1 3710 741 0 2226 650 40
243 2381078 1 1 1190910 0 0 0 0 0
244 29893703 0 0 1190168 0 0 0 0 0
247 51585205 1 1 20634082 6764 2225 0 0 0
248 90476241 0 0 20634082 1734755 8839 0 0 0
249 4759810 0 0 1190168 0 0 0 0 0
257 258600 0 0 0 0 0 0 0 0
258 258600 1 1 258600 0 0 0 0 0
259 287288 0 0 0 0 0 0 0 0
261 7824 0 0 5216 507 0 2608 659 0
265 1724 0 0 862 0 0 862 574 0
266 1724 1 1 1724 0 0 0 0 0
267 1724 0 0 862 544 0 862 564 53
268 2586 0 0 1724 0 0 862 570 60
269 5172 1 1 2586 18 0 862 561 59
286 4452 0 0 2226 648 0 742 742 0
290 7900 0 0 3208 0 0 742 0 0
299 2 0 0 1 0 0 1 1 0
302 7 0 0 5 0 0 1 0 0
305 8 0 0 7 2 2 0 0 0
fn=Network::parseFlux(int*, int (*) [4], int (*) [4], int (*) [4], int (*) [4])
308 14 1 1 0 0 0 11 0 0
312 8 1 1 2 1 0 2 0 0
313 8 0 0 0 0 0 1 0 0
314 2 1 1 0 0 0 1 0 0
317 5 0 0 0 0 0 0 0 0
318 9 1 1 0 0 0 2 0 0
319 6 0 0 0 0 0 2 0 0
330 1 0 0 0 0 0 1 0 0
331 1 0 0 0 0 0 1 0 0
334 609 2 2 451 0 0 3 0 0
343 723603 1 1 241350 300 0 152 0 0
348 2745900 1 1 481200 3900 0 0 0 0
349 2926665 1 1 1143165 60311 0 240600 0 0
350 64890 0 0 21630 6678 0 0 0 0
354 2988600 1 1 962400 15150 0 0 0 0
355 1486216 0 0 663016 60292 0 0 0 0
356 64896 0 0 21632 7233 0 0 0 0
359 240600 0 0 0 0 0 0 0 0
361 481200 1 1 0 0 0 0 0 0
363 2704 0 0 0 0 0 0 0 0
364 18928 0 0 8112 0 0 2704 2704 454
365 13520 0 0 5408 0 0 2704 226 85
372 237896 1 1 0 0 0 0 0 0
374 5420 0 0 5420 0 0 0 0 0
375 18970 1 1 8130 0 0 2710 2710 483
376 18970 1 1 5420 120 0 2710 230 86
385 1646302 0 0 705558 0 0 235186 235186 14101
390 300 0 0 0 0 0 150 0 0
391 300 0 0 0 0 0 150 0 0
393 300 0 0 150 108 0 150 150 10
394 450 0 0 150 0 0 150 150 9
396 150 0 0 150 0 0 0 0 0
397 150 0 0 150 0 0 0 0 0
405 2 0 0 0 0 0 1 1 0
407 2 0 0 0 0 0 1 0 0
409 2 0 0 0 0 0 1 0 0
410 2 0 0 2 0 0 0 0 0
412 7 1 1 2 0 0 1 0 0
416 9 1 1 1 0 0 0 0 0
417 4 0 0 0 0 0 0 0 0
419 8 1 1 1 0 0 1 0 0
420 7 0 0 1 0 0 0 0 0
422 4 0 0 2 0 0 2 0 0
423 3 0 0 2 0 0 1 1 1
424 313 1 1 5 0 0 2 0 0
425 298 0 0 149 9 0 149 0 0
426 447 1 1 149 8 0 149 4 4
430 5427 0 0 0 0 0 0 0 0
431 2710 0 0 0 0 0 2710 162 162
432 16260 0 0 2710 0 0 0 0 0
433 2710 0 0 0 0 0 0 0 0
437 5411 1 1 1 1 0 0 0 0
438 2704 0 0 0 0 0 2704 169 169
439 16224 0 0 2704 0 0 0 0 0
440 2704 0 0 0 0 0 0 0 0
443 3 0 0 1 0 0 0 0 0
444 8 1 1 3 0 0 1 0 0
447 2 0 0 0 0 0 0 0 0
448 7 1 1 2 0 0 1 0 0
453 6 0 0 1 0 0 0 0 0
454 2 0 0 0 0 0 0 0 0
456 2 0 0 0 0 0 1 0 0
457 4 1 1 2 0 0 1 1 0
458 752 1 1 151 0 0 0 0 0
459 298 0 0 0 0 0 149 0 0
460 298 0 0 149 11 0 149 5 4
463 2 0 0 0 0 0 1 1 1
464 3 0 0 1 0 0 1 0 0
465 752 0 0 151 0 0 0 0 0
466 298 0 0 0 0 0 149 3 3
467 298 1 1 149 9 0 149 5 4
471 3 0 0 1 0 0 0 0 0
472 4 0 0 2 1 0 0 0 0
479 458 1 1 2 1 0 0 0 0
480 960447 0 0 0 0 0 0 0 0
481 962400 1 1 240600 240600 0 0 0 0
482 13550 0 0 2710 146 0 2710 467 0
483 2710 0 0 0 0 0 0 0 0
484 237890 0 0 0 0 0 0 0 0
486 18929 1 1 2705 1 1 2704 471 0
487 2704 0 0 0 0 0 0 0 0
493 8 0 0 7 2 0 0 0 0
fn=_GLOBAL__sub_I__ZN7Network11loadNetworkEPKc
624 2 0 0 0 0 0 0 0 0
fl=/home/bkj/research/fern/src/Network.hpp
fn=std::__shared_ptr<Network, (__gnu_cxx::_Lock_policy)2>::__shared_ptr<std::allocator<Network>>(std::_Sp_make_shared_tag, std::allocator<Network> const&)
58 27 4 4 0 0 0 24 4 4
fl=/home/bkj/research/fern/src/kernels.cpp
fn=computeFluxes()
207 2311610 1 1 330230 0 0 1981380 1 0
213 1063340600 1 1 2641840 660461 0 0 0 0
214 1059377840 0 0 529688920 8585980 0 0 0 0
216 2118755680 1 1 1589066760 101380611 10 529688920 66706460 0
220 1387626460 0 0 0 0 0 0 0 0
223 17171960 0 0 12878970 990690 3 4292990 0 0
227 2009119320 1 1 1109572800 33353230 100 369857600 0 0
236 330230 0 0 330230 330230 0 0 0 0
238 330230 0 0 330230 330230 0 0 0 0
254 253286410 1 1 51846110 1651150 0 660460 330230 0
255 296876770 1 1 49204270 0 0 0 0 0
257 49864730 0 0 0 0 0 49534500 6604600 0
258 3826705240 0 0 99069000 1981380 0 0 0 0
259 1789846600 1 1 894923300 112278200 0 894923300 0 0
263 396276000 0 0 49534500 330230 0 0 0 0
264 49864730 0 0 0 0 0 49534500 6604600 0
265 2181169150 1 1 148273270 1651150 0 0 0 0
266 2678825760 0 0 892941920 111947970 0 892941920 0 0
270 297207000 0 0 49534500 0 0 49534500 6604600 0
274 2311610 0 0 2311610 330230 0 0 0 0
587 3581014120 0 0 2641840 1981380 0 0 0 0
588 8939326100 2 2 5363595660 341788050 0 1787865220 223895940 0
fn=initialize(Network*, IntegrationData*, Globals*)
116 6419 0 0 1604 0 0 0 0 0
117 4812 0 0 3208 202 179 1604 0 0
118 16040 1 1 6416 27 0 3208 202 0
135 6 0 0 1 0 0 3 0 0
136 5 1 1 2 1 1 1 0 0
137 2 0 0 0 0 0 1 0 0
140 7 1 1 0 0 0 1 0 0
141 3 0 0 0 0 0 2 0 0
144 6421 1 1 1605 0 0 0 0 0
145 3208 0 0 3208 0 0 0 0 0
146 3208 0 0 3208 0 0 0 0 0
147 3208 0 0 3208 0 0 0 0 0
148 1604 0 0 1604 0 0 0 0 0
149 40100 2 2 25664 1611 988 4812 202 0
168 14 1 1 3 1 0 4 1 0
171 3216 1 1 5 1 0 0 0 0
174 4812 0 0 3208 100 96 0 0 0
181 12112 0 0 742 0 0 0 0 0
183 3208 1 1 1604 101 28 0 0 0
184 1514 0 0 757 99 0 0 0 0
187 1694 0 0 847 103 0 0 0 0
190 748 1 1 1 0 0 0 0 0
192 742 0 0 0 0 0 742 93 92
193 3950 0 0 0 0 0 742 93 92
200 742 0 0 0 0 0 0 0 0
349 12 1 1 0 0 0 6 0 0
350 1 0 0 0 0 0 1 0 0
351 1 1 1 0 0 0 1 1 1
353 2 0 0 1 0 0 1 0 0
354 2 0 0 1 0 0 1 0 0
356 1 0 0 0 0 0 1 0 0
362 2 0 0 1 1 0 1 1 1
363 2 0 0 1 0 0 1 0 0
369 2 0 0 1 1 0 1 0 0
370 2 1 1 1 0 0 1 0 0
372 2 0 0 1 1 0 1 0 0
373 2 1 1 1 0 0 1 0 0
383 8 1 1 7 2 0 0 0 0
fn=integrate()
300 3632533 1 1 0 0 0 0 0 0
302 178324200 2 2 49864730 0 0 24767250 0 0
310 330230 0 0 0 0 0 330230 0 0
337 1651150 1 1 330230 330230 0 0 0 0
338 3 0 0 0 0 0 0 0 0
342 9906899 1 1 990690 0 0 0 0 0
385 7 0 0 0 0 0 6 0 0
388 3 0 0 2 2 0 1 1 0
402 1 0 0 1 1 0 0 0 0
406 5 1 1 2 1 0 2 0 0
408 3 1 1 1 0 0 1 0 0
415 58 2 2 8 4 0 3 0 0
416 731 4 4 152 20 0 80 20 0
418 345 2 2 79 20 0 76 19 0
421 1 0 0 0 0 0 1 0 0
424 1651160 2 2 330233 0 0 3 0 0
431 9246440 2 2 990690 0 0 0 0 0
432 153887180 2 2 24767250 0 0 25757940 20 0
436 1651150 1 1 1320920 660460 0 330230 0 0
448 990690 0 0 330230 330230 0 0 0 0
449 660460 0 0 330230 330230 0 0 0 0
454 660460 0 0 0 0 0 0 0 0
458 330230 1 1 330230 330230 0 0 0 0
464 177663740 2 2 49534500 6274370 0 24767250 6274370 0
475 330230 0 0 330230 330230 0 0 0 0
479 1911892 1 1 625716 0 0 0 0 0
480 1530 0 0 459 0 0 765 0 0
481 765 0 0 459 0 0 0 0 0
482 1320308 1 1 330077 0 0 0 0 0
483 7381 0 0 3355 0 0 2684 0 0
506 8 1 1 7 1 0 0 0 0
524 198138000 1 1 0 0 0 0 0 0
532 393441320 0 0 49180165 0 0 49180165 0 0
539 299333010 0 0 99777670 4282268 0 49888835 0 0
552 199459220 1 1 660460 330230 0 0 0 0
553 198138300 1 1 99069150 0 0 0 0 0
567 1320920 0 0 660460 330230 0 0 0 0
568 99069000 0 0 0 0 0 0 0 0
569 196817080 0 0 49204270 660460 0 0 0 0
599 215309960 7 7 2972070 660460 0 0 0 0
600 495345000 1 1 198138000 6934830 0 0 0 0
601 49180165 0 0 49180165 1661872 0 0 0 0
fl=/home/bkj/research/fern/src/main.cpp
fn=_GLOBAL__sub_I_reacNetwork
38 4 0 0 0 0 0 1 0 0
39 4 0 0 0 0 0 0 0 0
125 2 1 1 0 0 0 0 0 0
fn=loadParameters(Network&, IntegrationData*, char const*)
50 7 1 1 0 0 0 4 0 0
53 2 0 0 0 0 0 1 0 0
57 7 0 0 0 0 0 1 0 0
63 2 0 0 0 0 0 2 1 0
65 2 1 1 0 0 0 2 0 0
67 2 0 0 0 0 0 2 0 0
68 3 0 0 0 0 0 1 0 0
69 6 1 1 0 0 0 2 0 0
70 3 0 0 0 0 0 1 0 0
71 18 1 1 0 0 0 4 0 0
77 3 0 0 0 0 0 1 0 0
78 6 1 1 0 0 0 2 0 0
79 3 0 0 0 0 0 1 0 0
80 6 1 1 0 0 0 2 0 0
81 3 0 0 0 0 0 1 0 0
82 6 0 0 0 0 0 2 0 0
83 3 0 0 0 0 0 1 0 0
84 6 1 1 0 0 0 2 0 0
85 3 0 0 0 0 0 1 0 0
86 1 0 0 0 0 0 1 0 0
89 2 0 0 0 0 0 1 0 0
90 3 0 0 0 0 0 1 0 0
91 3 1 0 0 0 0 1 0 0
93 3 2 2 1 1 0 1 0 0
94 3 0 0 0 0 0 1 0 0
97 6 0 0 5 1 1 0 0 0
fn=main
105 4 1 1 0 0 0 3 0 0
108 2 0 0 0 0 0 0 0 0
115 20 1 1 0 0 0 14 0 0
117 5 2 2 3 2 1 1 0 0
120 4 0 0 2 0 0 1 0 0
121 1 0 0 0 0 0 1 0 0
122 2 0 0 0 0 0 1 0 0
124 2 0 0 0 0 0 0 0 0
125 5 1 1 4 0 0 0 0 0
fl=/home/bkj/research/fern/tpls/simpleini-4.17/SimpleIni.h
fn=CSimpleIniTempl<char, SI_GenericNoCase<char>, SI_ConvertA<char> >::AddEntry(char const*, char const*, char const*, char const*, bool, bool)
307 40 2 2 0 0 0 36 0 0
316 14 0 0 0 0 0 14 0 0
317 14 1 1 0 0 0 14 0 0
318 26 0 0 12 0 0 14 0 0
1848 210 1 1 14 0 0 112 0 0
1858 36 0 0 0 0 0 24 0 0
1864 28 0 0 0 0 0 0 0 0
1874 4 1 1 2 0 0 0 0 0
1880 6 0 0 2 0 0 2 0 0
1881 4 0 0 0 0 0 0 0 0
1891 64 1 1 0 0 0 0 0 0
1902 48 0 0 12 0 0 24 0 0
1903 36 0 0 12 0 0 0 0 0
1922 24 1 1 12 0 0 0 0 0
1923 48 0 0 24 0 0 0 0 0
1938 24 0 0 0 0 0 0 0 0
1947 12 0 0 0 0 0 12 0 0
1948 28 0 0 0 0 0 0 0 0
1949 112 1 1 98 0 0 0 0 0
2655 2200 2 2 0 0 0 0 0 0
2659 2557 0 0 567 0 0 0 0 0
2660 550 0 0 0 0 0 0 0 0
2661 550 0 0 0 0 0 0 0 0
2662 7 0 0 0 0 0 0 0 0
2665 48 1 1 0 0 0 0 0 0
fn=CSimpleIniTempl<char, SI_GenericNoCase<char>, SI_ConvertA<char> >::FindEntry(char*&, char const*&, char const*&, char const*&, char const*&) const
1161 237 3 3 53 0 0 15 0 0
1172 96 0 0 24 0 0 12 0 0
1505 225 2 2 15 0 0 135 0 0
1513 30 0 0 15 0 0 15 0 0
1516 44 1 1 0 0 0 0 0 0
1518 9 0 0 3 0 0 0 0 0
1519 6 0 0 0 0 0 3 0 0
1527 56 1 1 0 0 0 0 0 0
1533 28 0 0 0 0 0 0 0 0
1535 4 1 1 0 0 0 2 0 0
1536 6 0 0 2 0 0 0 0 0
1542 4 0 0 2 0 0 2 0 0
1543 288 2 2 28 0 0 0 0 0
1544 72 0 0 0 0 0 24 0 0
1548 4 0 0 0 0 0 0 0 0
1553 2 0 0 0 0 0 0 0 0
1554 12 0 0 4 0 0 0 0 0
1558 2 0 0 0 0 0 2 0 0
1561 6 0 0 2 0 0 2 0 0
1562 12 2 2 4 0 0 2 0 0
1566 2 0 0 0 0 0 2 0 0
1567 4 0 0 2 0 0 2 0 0
1568 14 0 0 0 0 0 0 0 0
1573 12 0 0 0 0 0 12 0 0
1574 1227 0 0 149 0 0 0 0 0
1575 375 0 0 0 0 0 125 0 0
1579 24 0 0 0 0 0 0 0 0
1584 36 1 1 12 0 0 0 0 0
1592 12 0 0 0 0 0 0 0 0
1593 72 0 0 0 0 0 0 0 0
1594 12 0 0 0 0 0 0 0 0
1597 12 0 0 0 0 0 12 0 0
1600 36 1 1 12 0 0 12 0 0
1601 180 1 1 24 0 0 0 0 0
1602 24 0 0 0 0 0 12 0 0
1606 24 0 0 12 0 0 12 0 0
1607 931 1 1 145 0 0 0 0 0
1608 242 0 0 0 0 0 121 0 0
1612 12 0 0 0 0 0 0 0 0
1616 24 0 0 0 0 0 0 0 0
1620 12 0 0 0 0 0 12 0 0
1623 48 1 1 24 0 0 0 0 0
1626 121 1 1 0 0 0 0 0 0
1633 1 0 0 0 0 0 0 0 0
1634 120 0 0 105 0 0 0 0 0
fn=CSimpleIniTempl<char, SI_GenericNoCase<char>, SI_ConvertA<char> >::GetValue(char const*, char const*, char const*, bool*) const [clone .part.54] [clone .constprop.120]
1953 84 1 1 24 1 1 48 0 0
1985 12 0 0 12 0 0 0 0 0
1986 102 1 1 81 0 0 0 0 0
2655 4464 4 4 0 0 0 0 0 0
2659 5130 2 2 1104 2 2 0 0 0
2660 1116 0 0 0 0 0 0 0 0
2661 1116 0 0 0 0 0 0 0 0
2662 36 0 0 0 0 0 0 0 0
2665 180 1 1 24 0 0 0 0 0
fn=CSimpleIniTempl<char, SI_GenericNoCase<char>, SI_ConvertA<char> >::LoadData(char const*, unsigned long)
1384 10 0 0 0 0 0 6 0 0
1391 2 0 0 0 0 0 0 0 0
1392 1 1 1 0 0 0 0 0 0
1396 4 1 1 1 0 0 0 0 0
1397 6 1 1 0 0 0 1 0 0
1405 2 0 0 0 0 0 0 0 0
1406 1 1 1 0 0 0 0 0 0
1411 4 0 0 0 0 0 1 0 0
1415 4 0 0 0 0 0 1 0 0
1425 2 1 1 0 0 0 1 0 0
1426 1 0 0 0 0 0 1 0 0
1427 1 0 0 0 0 0 1 0 0
1428 1 0 0 0 0 0 1 0 0
1429 1 0 0 0 0 0 1 0 0
1433 3 0 0 1 0 0 0 0 0
1441 135 1 1 0 0 0 15 0 0
1442 128 0 0 56 0 0 28 0 0
1443 56 0 0 28 0 0 0 0 0
1447 2 0 0 0 0 0 0 0 0
1451 1 0 0 0 0 0 1 0 0
1452 1 0 0 0 0 0 1 0 0
1455 2 0 0 0 0 0 0 0 0
1456 8 0 0 7 0 0 0 0 0
1484 2 0 0 1 0 0 0 0 0
1490 5 0 0 0 0 0 1 0 0
1495 2 0 0 0 0 0 0 0 0
2734 4 0 0 0 0 0 1 0 0
fn=CSimpleIniTempl<char, SI_GenericNoCase<char>, SI_ConvertA<char> >::LoadFile(_IO_FILE*)
1344 7 1 1 0 0 0 4 0 0
1349 4 0 0 0 0 0 1 0 0
1350 2 1 1 0 0 0 0 0 0
1353 3 0 0 0 0 0 1 0 0
1354 2 0 0 0 0 0 0 0 0
1357 1 0 0 0 0 0 0 0 0
1358 1 0 0 0 0 0 0 0 0
1362 3 0 0 0 0 0 1 0 0
1366 1 0 0 0 0 0 1 0 0
1369 4 1 1 0 0 0 1 0 0
1370 5 0 0 0 0 0 1 0 0
1371 2 0 0 0 0 0 0 0 0
1377 5 1 1 0 0 0 1 0 0
1378 2 0 0 0 0 0 1 0 0
1379 2 0 0 0 0 0 0 0 0
1380 6 0 0 5 0 0 0 0 0
fn=CSimpleIniTempl<char, SI_GenericNoCase<char>, SI_ConvertA<char> >::LoadMultiLineText(char*&, char const*&, char const*, bool) const [clone .constprop.119]
1166 4 0 0 0 0 0 0 0 0
1697 10 1 1 0 0 0 6 0 0
1712 1 0 0 1 0 0 0 0 0
1716 3 0 0 1 0 0 1 0 0
1725 3 0 0 1 0 0 0 0 0
1727 2 1 1 0 0 0 0 0 0
1797 2 1 1 1 0 0 0 0 0
1798 2 0 0 0 0 0 1 0 0
1817 9 1 1 7 0 0 0 0 0
fn=CSimpleIniTempl<char, SI_GenericNoCase<char>, SI_ConvertA<char> >::~CSimpleIniTempl()
1268 8 1 1 0 0 0 6 0 0
1271 8 1 1 7 0 0 0 0 0
1278 4 0 0 1 0 0 1 0 0
1279 1 0 0 0 0 0 1 0 0
1280 1 1 1 0 0 0 1 0 0
1281 1 0 0 0 0 0 1 0 0
1282 2 0 0 1 1 1 0 0 0
1287 3 0 0 0 0 0 0 0 0
fn=loadParameters(Network&, IntegrationData*, char const*)
486 1 0 0 0 0 0 1 0 0
1264 7 1 1 0 0 0 7 0 0
1306 4 0 0 0 0 0 1 0 0
1308 2 0 0 0 0 0 0 0 0
1311 4 1 1 0 0 0 1 0 0
1312 2 0 0 0 0 0 1 0 0
fn=std::_Rb_tree<CSimpleIniTempl<char, SI_GenericNoCase<char>, SI_ConvertA<char> >::Entry, std::pair<CSimpleIniTempl<char, SI_GenericNoCase<char>, SI_ConvertA<char> >::Entry const, char const*>, std::_Select1st<std::pair<CSimpleIniTempl<char, SI_GenericNoCase<char>, SI_ConvertA<char> >::Entry const, char const*> >, CSimpleIniTempl<char, SI_GenericNoCase<char>, SI_ConvertA<char> >::Entry::KeyOrder, std::allocator<std::pair<CSimpleIniTempl<char, SI_GenericNoCase<char>, SI_ConvertA<char> >::Entry const, char const*> > >::find(CSimpleIniTempl<char, SI_GenericNoCase<char>, SI_ConvertA<char> >::Entry const&)
2655 504 2 2 0 0 0 0 0 0
2659 511 0 0 97 0 0 0 0 0
2660 126 0 0 0 0 0 0 0 0
2661 126 0 0 0 0 0 0 0 0
2662 29 0 0 0 0 0 0 0 0
fn=std::_Rb_tree_iterator<std::pair<CSimpleIniTempl<char, SI_GenericNoCase<char>, SI_ConvertA<char> >::Entry const, char const*> > std::_Rb_tree<CSimpleIniTempl<char, SI_GenericNoCase<char>, SI_ConvertA<char> >::Entry, std::pair<CSimpleIniTempl<char, SI_GenericNoCase<char>, SI_ConvertA<char> >::Entry const, char const*>, std::_Select1st<std::pair<CSimpleIniTempl<char, SI_GenericNoCase<char>, SI_ConvertA<char> >::Entry const, char const*> >, CSimpleIniTempl<char, SI_GenericNoCase<char>, SI_ConvertA<char> >::Entry::KeyOrder, std::allocator<std::pair<CSimpleIniTempl<char, SI_GenericNoCase<char>, SI_ConvertA<char> >::Entry const, char const*> > >::_M_insert_equal<std::pair<CSimpleIniTempl<char, SI_GenericNoCase<char>, SI_ConvertA<char> >::Entry const, char const*>&>(std::pair<CSimpleIniTempl<char, SI_GenericNoCase<char>, SI_ConvertA<char> >::Entry const, char const*>&)
316 24 1 1 12 0 0 12 4 4
317 24 0 0 12 0 0 12 0 0
318 24 0 0 12 0 0 12 0 0
2655 512 2 2 0 0 0 0 0 0
2659 566 0 0 88 0 0 0 0 0
2660 128 0 0 0 0 0 0 0 0
2661 128 1 1 0 0 0 0 0 0
2662 30 0 0 0 0 0 0 0 0
fn=std::_Rb_tree_iterator<std::pair<CSimpleIniTempl<char, SI_GenericNoCase<char>, SI_ConvertA<char> >::Entry const, std::multimap<CSimpleIniTempl<char, SI_GenericNoCase<char>, SI_ConvertA<char> >::Entry, char const*, CSimpleIniTempl<char, SI_GenericNoCase<char>, SI_ConvertA<char> >::Entry::KeyOrder, std::allocator<std::pair<CSimpleIniTempl<char, SI_GenericNoCase<char>, SI_ConvertA<char> >::Entry const, char const*> > > > > std::_Rb_tree<CSimpleIniTempl<char, SI_GenericNoCase<char>, SI_ConvertA<char> >::Entry, std::pair<CSimpleIniTempl<char, SI_GenericNoCase<char>, SI_ConvertA<char> >::Entry const, std::multimap<CSimpleIniTempl<char, SI_GenericNoCase<char>, SI_ConvertA<char> >::Entry, char const*, CSimpleIniTempl<char, SI_GenericNoCase<char>, SI_ConvertA<char> >::Entry::KeyOrder, std::allocator<std::pair<CSimpleIniTempl<char, SI_GenericNoCase<char>, SI_ConvertA<char> >::Entry const, char const*> > > >, std::_Select1st<std::pair<CSimpleIniTempl<char, SI_GenericNoCase<char>, SI_ConvertA<char> >::Entry const, std::multimap<CSimpleIniTempl<char, SI_GenericNoCase<char>, SI_ConvertA<char> >::Entry, char const*, CSimpleIniTempl<char, SI_GenericNoCase<char>, SI_ConvertA<char> >::Entry::KeyOrder, std::allocator<std::pair<CSimpleIniTempl<char, SI_GenericNoCase<char>, SI_ConvertA<char> >::Entry const, char const*> > > > >, CSimpleIniTempl<char, SI_GenericNoCase<char>, SI_ConvertA<char> >::Entry::KeyOrder, std::allocator<std::pair<CSimpleIniTempl<char, SI_GenericNoCase<char>, SI_ConvertA<char> >::Entry const, std::multimap<CSimpleIniTempl<char, SI_GenericNoCase<char>, SI_ConvertA<char> >::Entry, char const*, CSimpleIniTempl<char, SI_GenericNoCase<char>, SI_ConvertA<char> >::Entry::KeyOrder, std::allocator<std::pair<CSimpleIniTempl<char, SI_GenericNoCase<char>, SI_ConvertA<char> >::Entry const, char const*> > > > > >::_M_insert_<std::pair<CSimpleIniTempl<char, SI_GenericNoCase<char>, SI_ConvertA<char> >::Entry const, std::multimap<CSimpleIniTempl<char, SI_GenericNoCase<char>, SI_ConvertA<char> >::Entry, char const*, CSimpleIniTempl<char, SI_GenericNoCase<char>, SI_ConvertA<char> >::Entry::KeyOrder, std::allocator<std::pair<CSimpleIniTempl<char, SI_GenericNoCase<char>, SI_ConvertA<char> >::Entry const, char const*> > > >&, std::_Rb_tree<CSimpleIniTempl<char, SI_GenericNoCase<char>, SI_ConvertA<char> >::Entry, std::pair<CSimpleIniTempl<char, SI_GenericNoCase<char>, SI_ConvertA<char> >::Entry const, std::multimap<CSimpleIniTempl<char, SI_GenericNoCase<char>, SI_ConvertA<char> >::Entry, char const*, CSimpleIniTempl<char, SI_GenericNoCase<char>, SI_ConvertA<char> >::Entry::KeyOrder, std::allocator<std::pair<CSimpleIniTempl<char, SI_GenericNoCase<char>, SI_ConvertA<char> >::Entry const, char const*> > > >, std::_Select1st<std::pair<CSimpleIniTempl<char, SI_GenericNoCase<char>, SI_ConvertA<char> >::Entry const, std::multimap<CSimpleIniTempl<char, SI_GenericNoCase<char>, SI_ConvertA<char> >::Entry, char const*, CSimpleIniTempl<char, SI_GenericNoCase<char>, SI_ConvertA<char> >::Entry::KeyOrder, std::allocator<std::pair<CSimpleIniTempl<char, SI_GenericNoCase<char>, SI_ConvertA<char> >::Entry const, char const*> > > > >, CSimpleIniTempl<char, SI_GenericNoCase<char>, SI_ConvertA<char> >::Entry::KeyOrder, std::allocator<std::pair<CSimpleIniTempl<char, SI_GenericNoCase<char>, SI_ConvertA<char> >::Entry const, std::multimap<CSimpleIniTempl<char, SI_GenericNoCase<char>, SI_ConvertA<char> >::Entry, char const*, CSimpleIniTempl<char, SI_GenericNoCase<char>, SI_ConvertA<char> >::Entry::KeyOrder, std::allocator<std::pair<CSimpleIniTempl<char, SI_GenericNoCase<char>, SI_ConvertA<char> >::Entry const, char const*> > > > > >::_Alloc_node>(std::_Rb_tree_node_base*, std::_Rb_tree_node_base*, std::pair<CSimpleIniTempl<char, SI_GenericNoCase<char>, SI_ConvertA<char> >::Entry const, std::multimap<CSimpleIniTempl<char, SI_GenericNoCase<char>, SI_ConvertA<char> >::Entry, char const*, CSimpleIniTempl<char, SI_GenericNoCase<char>, SI_ConvertA<char> >::Entry::KeyOrder, std::allocator<std::pair<CSimpleIniTempl<char, SI_GenericNoCase<char>, SI_ConvertA<char> >::Entry const, char const*> > > >&, std::_Rb_tree<CSimpleIniTempl<char, SI_GenericNoCase<char>, SI_ConvertA<char> >::Entry, std::pair<CSimpleIniTempl<char, SI_GenericNoCase<char>, SI_ConvertA<char> >::Entry const, std::multimap<CSimpleIniTempl<char, SI_GenericNoCase<char>, SI_ConvertA<char> >::Entry, char const*, CSimpleIniTempl<char, SI_GenericNoCase<char>, SI_ConvertA<char> >::Entry::KeyOrder, std::allocator<std::pair<CSimpleIniTempl<char, SI_GenericNoCase<char>, SI_ConvertA<char> >::Entry const, char const*> > > >, std::_Select1st<std::pair<CSimpleIniTempl<char, SI_GenericNoCase<char>, SI_ConvertA<char> >::Entry const, std::multimap<CSimpleIniTempl<char, SI_GenericNoCase<char>, SI_ConvertA<char> >::Entry, char const*, CSimpleIniTempl<char, SI_GenericNoCase<char>, SI_ConvertA<char> >::Entry::KeyOrder, std::allocator<std::pair<CSimpleIniTempl<char, SI_GenericNoCase<char>, SI_ConvertA<char> >::Entry const, char const*> > > > >, CSimpleIniTempl<char, SI_GenericNoCase<char>, SI_ConvertA<char> >::Entry::KeyOrder, std::allocator<std::pair<CSimpleIniTempl<char, SI_GenericNoCase<char>, SI_ConvertA<char> >::Entry const, std::multimap<CSimpleIniTempl<char, SI_GenericNoCase<char>, SI_ConvertA<char> >::Entry, char const*, CSimpleIniTempl<char, SI_GenericNoCase<char>, SI_ConvertA<char> >::Entry::KeyOrder, std::allocator<std::pair<CSimpleIniTempl<char, SI_GenericNoCase<char>, SI_ConvertA<char> >::Entry const, char const*> > > > > >::_Alloc_node&)
316 6 0 0 4 0 0 2 0 0
317 4 0 0 2 0 0 2 0 0
318 4 1 1 2 0 0 2 0 0
2655 8 1 1 0 0 0 0 0 0
2659 6 0 0 2 0 0 0 0 0
2660 2 0 0 0 0 0 0 0 0
2661 2 0 0 0 0 0 0 0 0
2662 1 0 0 0 0 0 0 0 0
fn=std::pair<std::_Rb_tree_iterator<std::pair<CSimpleIniTempl<char, SI_GenericNoCase<char>, SI_ConvertA<char> >::Entry const, std::multimap<CSimpleIniTempl<char, SI_GenericNoCase<char>, SI_ConvertA<char> >::Entry, char const*, CSimpleIniTempl<char, SI_GenericNoCase<char>, SI_ConvertA<char> >::Entry::KeyOrder, std::allocator<std::pair<CSimpleIniTempl<char, SI_GenericNoCase<char>, SI_ConvertA<char> >::Entry const, char const*> > > > >, bool> std::_Rb_tree<CSimpleIniTempl<char, SI_GenericNoCase<char>, SI_ConvertA<char> >::Entry, std::pair<CSimpleIniTempl<char, SI_GenericNoCase<char>, SI_ConvertA<char> >::Entry const, std::multimap<CSimpleIniTempl<char, SI_GenericNoCase<char>, SI_ConvertA<char> >::Entry, char const*, CSimpleIniTempl<char, SI_GenericNoCase<char>, SI_ConvertA<char> >::Entry::KeyOrder, std::allocator<std::pair<CSimpleIniTempl<char, SI_GenericNoCase<char>, SI_ConvertA<char> >::Entry const, char const*> > > >, std::_Select1st<std::pair<CSimpleIniTempl<char, SI_GenericNoCase<char>, SI_ConvertA<char> >::Entry const, std::multimap<CSimpleIniTempl<char, SI_GenericNoCase<char>, SI_ConvertA<char> >::Entry, char const*, CSimpleIniTempl<char, SI_GenericNoCase<char>, SI_ConvertA<char> >::Entry::KeyOrder, std::allocator<std::pair<CSimpleIniTempl<char, SI_GenericNoCase<char>, SI_ConvertA<char> >::Entry const, char const*> > > > >, CSimpleIniTempl<char, SI_GenericNoCase<char>, SI_ConvertA<char> >::Entry::KeyOrder, std::allocator<std::pair<CSimpleIniTempl<char, SI_GenericNoCase<char>, SI_ConvertA<char> >::Entry const, std::multimap<CSimpleIniTempl<char, SI_GenericNoCase<char>, SI_ConvertA<char> >::Entry, char const*, CSimpleIniTempl<char, SI_GenericNoCase<char>, SI_ConvertA<char> >::Entry::KeyOrder, std::allocator<std::pair<CSimpleIniTempl<char, SI_GenericNoCase<char>, SI_ConvertA<char> >::Entry const, char const*> > > > > >::_M_insert_unique<std::pair<CSimpleIniTempl<char, SI_GenericNoCase<char>, SI_ConvertA<char> >::Entry const, std::multimap<CSimpleIniTempl<char, SI_GenericNoCase<char>, SI_ConvertA<char> >::Entry, char const*, CSimpleIniTempl<char, SI_GenericNoCase<char>, SI_ConvertA<char> >::Entry::KeyOrder, std::allocator<std::pair<CSimpleIniTempl<char, SI_GenericNoCase<char>, SI_ConvertA<char> >::Entry const, char const*> > > >&>(std::pair<CSimpleIniTempl<char, SI_GenericNoCase<char>, SI_ConvertA<char> >::Entry const, std::multimap<CSimpleIniTempl<char, SI_GenericNoCase<char>, SI_ConvertA<char> >::Entry, char const*, CSimpleIniTempl<char, SI_GenericNoCase<char>, SI_ConvertA<char> >::Entry::KeyOrder, std::allocator<std::pair<CSimpleIniTempl<char, SI_GenericNoCase<char>, SI_ConvertA<char> >::Entry const, char const*> > > >&)
2655 8 1 1 0 0 0 0 0 0
2659 10 0 0 1 0 0 0 0 0
2660 2 0 0 0 0 0 0 0 0
2661 2 1 1 0 0 0 0 0 0
2662 1 0 0 0 0 0 0 0 0
fl=/usr/include/boost/numeric/ublas/functional.hpp
fn=Network::loadReactions(char const*)
1366 4 0 0 1 0 0 1 0 0
1373 2380336 0 0 1190168 0 0 0 0 0
1374 41794602 1 1 0 0 0 0 0 0
1377 80000269 0 0 0 0 0 1 0 0
fl=/usr/include/boost/numeric/ublas/storage.hpp
fn=Network::loadReactions(char const*)
67 2 1 1 0 0 0 0 0 0
75 1 0 0 0 0 0 0 0 0
101 2 0 0 1 1 0 0 0 0
195 59397864 3 3 3573112 0 0 1190168 0 0
fl=/usr/include/c++/5.1.1/bits/list.tcc
fn=CSimpleIniTempl<char, SI_GenericNoCase<char>, SI_ConvertA<char> >::~CSimpleIniTempl()
70 1 1 1 1 0 0 0 0 0
fl=/usr/include/c++/5.1.1/bits/move.h
fn=Globals::Globals(Network const&)
185 10 0 0 10 2 0 0 0 0
186 33 4 4 0 0 0 33 1 0
fn=Network::allocate()
185 2 0 0 2 0 0 0 0 0
186 6 0 0 0 0 0 6 0 0
fn=Network::parseFlux(int*, int (*) [4], int (*) [4], int (*) [4], int (*) [4])
185 2 0 0 2 2 0 0 0 0
186 6 1 1 0 0 0 6 0 0
fn=main
187 2 0 0 0 0 0 2 0 0
fl=/usr/include/c++/5.1.1/bits/shared_ptr.h
fn=main
319 5 1 1 0 0 0 3 0 0
fn=std::shared_ptr<Globals>::~shared_ptr()
93 2 0 0 1 0 0 1 0 0
fn=std::shared_ptr<Network>::~shared_ptr()
93 2 0 0 1 0 0 1 0 0
fl=/usr/include/c++/5.1.1/bits/shared_ptr_base.h
fn=main
113 2 1 1 0 0 0 2 0 0
518 1 0 0 0 0 0 1 0 0
658 6 1 1 2 0 0 0 0 0
687 3 0 0 3 1 0 0 0 0
688 3 0 0 0 0 0 3 0 0
702 4 0 0 2 2 1 1 0 0
933 1 0 0 1 0 0 0 0 0
936 1 0 0 0 0 0 1 0 0
fn=std::_Sp_counted_ptr_inplace<Globals, std::allocator<Globals>, (__gnu_cxx::_Lock_policy)2>::_M_dispose()
529 2 1 1 0 0 0 1 0 0
532 1 0 0 1 0 0 0 0 0
fn=std::_Sp_counted_ptr_inplace<Globals, std::allocator<Globals>, (__gnu_cxx::_Lock_policy)2>::_M_get_deleter(std::type_info const&)
545 2 1 1 1 1 1 0 0 0
552 1 0 0 1 0 0 0 0 0
fn=std::_Sp_counted_ptr_inplace<Network, std::allocator<Network>, (__gnu_cxx::_Lock_policy)2>::_M_dispose()
529 2 1 1 0 0 0 1 0 0
532 1 0 0 1 0 0 0 0 0
fn=std::_Sp_counted_ptr_inplace<Network, std::allocator<Network>, (__gnu_cxx::_Lock_policy)2>::_M_get_deleter(std::type_info const&)
545 2 1 1 1 1 1 0 0 0
552 1 0 0 1 0 0 0 0 0
fn=std::__shared_ptr<Network, (__gnu_cxx::_Lock_policy)2>::__shared_ptr<std::allocator<Network>>(std::_Sp_make_shared_tag, std::allocator<Network> const&)
113 2 0 0 0 0 0 2 0 0
518 1 0 0 0 0 0 1 0 0
611 1 1 1 0 0 0 1 0 0
619 1 0 0 0 0 0 1 0 0
702 3 0 0 0 0 0 1 0 0
1094 2 1 1 0 0 0 1 0 0
1097 1 0 0 0 0 0 1 0 0
1102 1 0 0 0 0 0 1 0 0
1104 2 0 0 2 0 0 0 0 0
fn=std::shared_ptr<Globals>::~shared_ptr()
147 2 0 0 0 0 0 0 0 0
150 3 0 0 2 1 0 1 0 0
163 2 0 0 0 0 0 0 0 0
167 4 1 1 2 0 0 0 0 0
658 3 0 0 1 1 0 0 0 0
fn=std::shared_ptr<Network>::~shared_ptr()
147 2 0 0 0 0 0 0 0 0
150 3 1 1 2 1 1 1 0 0
163 2 0 0 0 0 0 0 0 0
167 4 0 0 2 0 0 0 0 0
658 3 0 0 1 0 0 0 0 0
fl=/usr/include/c++/5.1.1/bits/stl_algobase.h
fn=Network::parseFlux(int*, int (*) [4], int (*) [4], int (*) [4], int (*) [4])
764 4 1 1 0 0 0 0 0 0
766 16 0 0 2 2 0 4 0 0
fn=std::vector<unsigned short, std::allocator<unsigned short> >::_M_default_append(unsigned long)
381 4 1 1 0 0 0 0 0 0
382 4 1 1 0 0 0 0 0 0
383 2 0 0 0 0 0 0 0 0
766 12 0 0 0 0 0 2 0 0
fl=/usr/include/c++/5.1.1/bits/stl_list.h
fn=CSimpleIniTempl<char, SI_GenericNoCase<char>, SI_ConvertA<char> >::AddEntry(char const*, char const*, char const*, char const*, bool, bool)
363 14 1 1 14 0 0 0 0 0
fn=CSimpleIniTempl<char, SI_GenericNoCase<char>, SI_ConvertA<char> >::~CSimpleIniTempl()
942 2 0 0 1 0 0 0 0 0
fn=loadParameters(Network&, IntegrationData*, char const*)
114 1 1 1 0 0 0 1 0 0
454 2 0 0 0 0 0 1 0 0
455 1 0 0 0 0 0 1 0 0
fl=/usr/include/c++/5.1.1/bits/stl_map.h
fn=CSimpleIniTempl<char, SI_GenericNoCase<char>, SI_ConvertA<char> >::AddEntry(char const*, char const*, char const*, char const*, bool, bool)
618 8 1 1 0 0 0 4 0 0
843 2 0 0 0 0 0 0 0 0
fn=CSimpleIniTempl<char, SI_GenericNoCase<char>, SI_ConvertA<char> >::~CSimpleIniTempl()
762 1 1 1 0 0 0 0 0 0
fl=/usr/include/c++/5.1.1/bits/stl_multimap.h
fn=CSimpleIniTempl<char, SI_GenericNoCase<char>, SI_ConvertA<char> >::AddEntry(char const*, char const*, char const*, char const*, bool, bool)
526 36 0 0 24 0 0 12 0 0
752 60 0 0 0 0 0 24 0 0
fn=std::_Rb_tree<CSimpleIniTempl<char, SI_GenericNoCase<char>, SI_ConvertA<char> >::Entry, std::pair<CSimpleIniTempl<char, SI_GenericNoCase<char>, SI_ConvertA<char> >::Entry const, std::multimap<CSimpleIniTempl<char, SI_GenericNoCase<char>, SI_ConvertA<char> >::Entry, char const*, CSimpleIniTempl<char, SI_GenericNoCase<char>, SI_ConvertA<char> >::Entry::KeyOrder, std::allocator<std::pair<CSimpleIniTempl<char, SI_GenericNoCase<char>, SI_ConvertA<char> >::Entry const, char const*> > > >, std::_Select1st<std::pair<CSimpleIniTempl<char, SI_GenericNoCase<char>, SI_ConvertA<char> >::Entry const, std::multimap<CSimpleIniTempl<char, SI_GenericNoCase<char>, SI_ConvertA<char> >::Entry, char const*, CSimpleIniTempl<char, SI_GenericNoCase<char>, SI_ConvertA<char> >::Entry::KeyOrder, std::allocator<std::pair<CSimpleIniTempl<char, SI_GenericNoCase<char>, SI_ConvertA<char> >::Entry const, char const*> > > > >, CSimpleIniTempl<char, SI_GenericNoCase<char>, SI_ConvertA<char> >::Entry::KeyOrder, std::allocator<std::pair<CSimpleIniTempl<char, SI_GenericNoCase<char>, SI_ConvertA<char> >::Entry const, std::multimap<CSimpleIniTempl<char, SI_GenericNoCase<char>, SI_ConvertA<char> >::Entry, char const*, CSimpleIniTempl<char, SI_GenericNoCase<char>, SI_ConvertA<char> >::Entry::KeyOrder, std::allocator<std::pair<CSimpleIniTempl<char, SI_GenericNoCase<char>, SI_ConvertA<char> >::Entry const, char const*> > > > > >::_M_erase(std::_Rb_tree_node<std::pair<CSimpleIniTempl<char, SI_GenericNoCase<char>, SI_ConvertA<char> >::Entry const, std::multimap<CSimpleIniTempl<char, SI_GenericNoCase<char>, SI_ConvertA<char> >::Entry, char const*, CSimpleIniTempl<char, SI_GenericNoCase<char>, SI_ConvertA<char> >::Entry::KeyOrder, std::allocator<std::pair<CSimpleIniTempl<char, SI_GenericNoCase<char>, SI_ConvertA<char> >::Entry const, char const*> > > > >*)
95 4 0 0 0 0 0 0 0 0
fn=std::_Rb_tree_iterator<std::pair<CSimpleIniTempl<char, SI_GenericNoCase<char>, SI_ConvertA<char> >::Entry const, std::multimap<CSimpleIniTempl<char, SI_GenericNoCase<char>, SI_ConvertA<char> >::Entry, char const*, CSimpleIniTempl<char, SI_GenericNoCase<char>, SI_ConvertA<char> >::Entry::KeyOrder, std::allocator<std::pair<CSimpleIniTempl<char, SI_GenericNoCase<char>, SI_ConvertA<char> >::Entry const, char const*> > > > > std::_Rb_tree<CSimpleIniTempl<char, SI_GenericNoCase<char>, SI_ConvertA<char> >::Entry, std::pair<CSimpleIniTempl<char, SI_GenericNoCase<char>, SI_ConvertA<char> >::Entry const, std::multimap<CSimpleIniTempl<char, SI_GenericNoCase<char>, SI_ConvertA<char> >::Entry, char const*, CSimpleIniTempl<char, SI_GenericNoCase<char>, SI_ConvertA<char> >::Entry::KeyOrder, std::allocator<std::pair<CSimpleIniTempl<char, SI_GenericNoCase<char>, SI_ConvertA<char> >::Entry const, char const*> > > >, std::_Select1st<std::pair<CSimpleIniTempl<char, SI_GenericNoCase<char>, SI_ConvertA<char> >::Entry const, std::multimap<CSimpleIniTempl<char, SI_GenericNoCase<char>, SI_ConvertA<char> >::Entry, char const*, CSimpleIniTempl<char, SI_GenericNoCase<char>, SI_ConvertA<char> >::Entry::KeyOrder, std::allocator<std::pair<CSimpleIniTempl<char, SI_GenericNoCase<char>, SI_ConvertA<char> >::Entry const, char const*> > > > >, CSimpleIniTempl<char, SI_GenericNoCase<char>, SI_ConvertA<char> >::Entry::KeyOrder, std::allocator<std::pair<CSimpleIniTempl<char, SI_GenericNoCase<char>, SI_ConvertA<char> >::Entry const, std::multimap<CSimpleIniTempl<char, SI_GenericNoCase<char>, SI_ConvertA<char> >::Entry, char const*, CSimpleIniTempl<char, SI_GenericNoCase<char>, SI_ConvertA<char> >::Entry::KeyOrder, std::allocator<std::pair<CSimpleIniTempl<char, SI_GenericNoCase<char>, SI_ConvertA<char> >::Entry const, char const*> > > > > >::_M_insert_<std::pair<CSimpleIniTempl<char, SI_GenericNoCase<char>, SI_ConvertA<char> >::Entry const, std::multimap<CSimpleIniTempl<char, SI_GenericNoCase<char>, SI_ConvertA<char> >::Entry, char const*, CSimpleIniTempl<char, SI_GenericNoCase<char>, SI_ConvertA<char> >::Entry::KeyOrder, std::allocator<std::pair<CSimpleIniTempl<char, SI_GenericNoCase<char>, SI_ConvertA<char> >::Entry const, char const*> > > >&, std::_Rb_tree<CSimpleIniTempl<char, SI_GenericNoCase<char>, SI_ConvertA<char> >::Entry, std::pair<CSimpleIniTempl<char, SI_GenericNoCase<char>, SI_ConvertA<char> >::Entry const, std::multimap<CSimpleIniTempl<char, SI_GenericNoCase<char>, SI_ConvertA<char> >::Entry, char const*, CSimpleIniTempl<char, SI_GenericNoCase<char>, SI_ConvertA<char> >::Entry::KeyOrder, std::allocator<std::pair<CSimpleIniTempl<char, SI_GenericNoCase<char>, SI_ConvertA<char> >::Entry const, char const*> > > >, std::_Select1st<std::pair<CSimpleIniTempl<char, SI_GenericNoCase<char>, SI_ConvertA<char> >::Entry const, std::multimap<CSimpleIniTempl<char, SI_GenericNoCase<char>, SI_ConvertA<char> >::Entry, char const*, CSimpleIniTempl<char, SI_GenericNoCase<char>, SI_ConvertA<char> >::Entry::KeyOrder, std::allocator<std::pair<CSimpleIniTempl<char, SI_GenericNoCase<char>, SI_ConvertA<char> >::Entry const, char const*> > > > >, CSimpleIniTempl<char, SI_GenericNoCase<char>, SI_ConvertA<char> >::Entry::KeyOrder, std::allocator<std::pair<CSimpleIniTempl<char, SI_GenericNoCase<char>, SI_ConvertA<char> >::Entry const, std::multimap<CSimpleIniTempl<char, SI_GenericNoCase<char>, SI_ConvertA<char> >::Entry, char const*, CSimpleIniTempl<char, SI_GenericNoCase<char>, SI_ConvertA<char> >::Entry::KeyOrder, std::allocator<std::pair<CSimpleIniTempl<char, SI_GenericNoCase<char>, SI_ConvertA<char> >::Entry const, char const*> > > > > >::_Alloc_node>(std::_Rb_tree_node_base*, std::_Rb_tree_node_base*, std::pair<CSimpleIniTempl<char, SI_GenericNoCase<char>, SI_ConvertA<char> >::Entry const, std::multimap<CSimpleIniTempl<char, SI_GenericNoCase<char>, SI_ConvertA<char> >::Entry, char const*, CSimpleIniTempl<char, SI_GenericNoCase<char>, SI_ConvertA<char> >::Entry::KeyOrder, std::allocator<std::pair<CSimpleIniTempl<char, SI_GenericNoCase<char>, SI_ConvertA<char> >::Entry const, char const*> > > >&, std::_Rb_tree<CSimpleIniTempl<char, SI_GenericNoCase<char>, SI_ConvertA<char> >::Entry, std::pair<CSimpleIniTempl<char, SI_GenericNoCase<char>, SI_ConvertA<char> >::Entry const, std::multimap<CSimpleIniTempl<char, SI_GenericNoCase<char>, SI_ConvertA<char> >::Entry, char const*, CSimpleIniTempl<char, SI_GenericNoCase<char>, SI_ConvertA<char> >::Entry::KeyOrder, std::allocator<std::pair<CSimpleIniTempl<char, SI_GenericNoCase<char>, SI_ConvertA<char> >::Entry const, char const*> > > >, std::_Select1st<std::pair<CSimpleIniTempl<char, SI_GenericNoCase<char>, SI_ConvertA<char> >::Entry const, std::multimap<CSimpleIniTempl<char, SI_GenericNoCase<char>, SI_ConvertA<char> >::Entry, char const*, CSimpleIniTempl<char, SI_GenericNoCase<char>, SI_ConvertA<char> >::Entry::KeyOrder, std::allocator<std::pair<CSimpleIniTempl<char, SI_GenericNoCase<char>, SI_ConvertA<char> >::Entry const, char const*> > > > >, CSimpleIniTempl<char, SI_GenericNoCase<char>, SI_ConvertA<char> >::Entry::KeyOrder, std::allocator<std::pair<CSimpleIniTempl<char, SI_GenericNoCase<char>, SI_ConvertA<char> >::Entry const, std::multimap<CSimpleIniTempl<char, SI_GenericNoCase<char>, SI_ConvertA<char> >::Entry, char const*, CSimpleIniTempl<char, SI_GenericNoCase<char>, SI_ConvertA<char> >::Entry::KeyOrder, std::allocator<std::pair<CSimpleIniTempl<char, SI_GenericNoCase<char>, SI_ConvertA<char> >::Entry const, char const*> > > > > >::_Alloc_node&)
181 2 0 0 0 0 0 0 0 0
fl=/usr/include/c++/5.1.1/bits/stl_pair.h
fn=CSimpleIniTempl<char, SI_GenericNoCase<char>, SI_ConvertA<char> >::AddEntry(char const*, char const*, char const*, char const*, bool, bool)
145 12 0 0 0 0 0 12 0 0
fn=std::_Rb_tree_iterator<std::pair<CSimpleIniTempl<char, SI_GenericNoCase<char>, SI_ConvertA<char> >::Entry const, char const*> > std::_Rb_tree<CSimpleIniTempl<char, SI_GenericNoCase<char>, SI_ConvertA<char> >::Entry, std::pair<CSimpleIniTempl<char, SI_GenericNoCase<char>, SI_ConvertA<char> >::Entry const, char const*>, std::_Select1st<std::pair<CSimpleIniTempl<char, SI_GenericNoCase<char>, SI_ConvertA<char> >::Entry const, char const*> >, CSimpleIniTempl<char, SI_GenericNoCase<char>, SI_ConvertA<char> >::Entry::KeyOrder, std::allocator<std::pair<CSimpleIniTempl<char, SI_GenericNoCase<char>, SI_ConvertA<char> >::Entry const, char const*> > >::_M_insert_equal<std::pair<CSimpleIniTempl<char, SI_GenericNoCase<char>, SI_ConvertA<char> >::Entry const, char const*>&>(std::pair<CSimpleIniTempl<char, SI_GenericNoCase<char>, SI_ConvertA<char> >::Entry const, char const*>&)
127 24 1 1 12 0 0 12 0 0
fl=/usr/include/c++/5.1.1/bits/stl_tree.h
fn=CSimpleIniTempl<char, SI_GenericNoCase<char>, SI_ConvertA<char> >::AddEntry(char const*, char const*, char const*, char const*, bool, bool)
588 6 0 0 0 0 0 6 0 0
593 6 0 0 0 0 0 6 0 0
618 12 1 1 0 0 0 4 0 0
619 4 0 0 0 0 0 4 0 0
663 14 0 0 0 0 0 0 0 0
858 14 0 0 4 0 0 4 0 0
878 24 0 0 0 0 0 12 0 0
1627 139 2 2 31 0 0 0 0 0
1628 54 0 0 0 0 0 0 0 0
1629 18 0 0 18 0 0 0 0 0
2298 65 0 0 13 0 0 0 0 0
fn=CSimpleIniTempl<char, SI_GenericNoCase<char>, SI_ConvertA<char> >::GetValue(char const*, char const*, char const*, bool*) const [clone .part.54] [clone .constprop.120]
667 12 0 0 0 0 0 0 0 0
1643 288 0 0 72 0 0 0 0 0
1644 159 0 0 0 0 0 0 0 0
1645 39 0 0 39 1 0 0 0 0
2311 132 3 3 36 0 0 0 0 0
fn=CSimpleIniTempl<char, SI_GenericNoCase<char>, SI_ConvertA<char> >::~CSimpleIniTempl()
606 1 0 0 0 0 0 1 0 0
607 1 0 0 0 0 0 1 0 0
608 1 0 0 0 0 0 1 0 0
609 1 1 1 0 0 0 1 0 0
878 1 0 0 0 0 0 0 0 0
1075 3 0 0 1 0 0 1 0 0
1610 2 0 0 0 0 0 0 0 0
fn=loadParameters(Network&, IntegrationData*, char const*)
588 3 0 0 0 0 0 3 0 0
618 2 0 0 0 0 0 1 0 0
619 1 0 0 0 0 0 1 0 0
fn=std::_Rb_tree<CSimpleIniTempl<char, SI_GenericNoCase<char>, SI_ConvertA<char> >::Entry, std::pair<CSimpleIniTempl<char, SI_GenericNoCase<char>, SI_ConvertA<char> >::Entry const, char const*>, std::_Select1st<std::pair<CSimpleIniTempl<char, SI_GenericNoCase<char>, SI_ConvertA<char> >::Entry const, char const*> >, CSimpleIniTempl<char, SI_GenericNoCase<char>, SI_ConvertA<char> >::Entry::KeyOrder, std::allocator<std::pair<CSimpleIniTempl<char, SI_GenericNoCase<char>, SI_ConvertA<char> >::Entry const, char const*> > >::_M_erase(std::_Rb_tree_node<std::pair<CSimpleIniTempl<char, SI_GenericNoCase<char>, SI_ConvertA<char> >::Entry const, char const*> >*)
1606 80 2 2 0 0 0 70 0 0
1610 79 2 2 18 4 0 7 0 0
1617 80 1 1 70 0 0 0 0 0
fn=std::_Rb_tree<CSimpleIniTempl<char, SI_GenericNoCase<char>, SI_ConvertA<char> >::Entry, std::pair<CSimpleIniTempl<char, SI_GenericNoCase<char>, SI_ConvertA<char> >::Entry const, char const*>, std::_Select1st<std::pair<CSimpleIniTempl<char, SI_GenericNoCase<char>, SI_ConvertA<char> >::Entry const, char const*> >, CSimpleIniTempl<char, SI_GenericNoCase<char>, SI_ConvertA<char> >::Entry::KeyOrder, std::allocator<std::pair<CSimpleIniTempl<char, SI_GenericNoCase<char>, SI_ConvertA<char> >::Entry const, char const*> > >::find(CSimpleIniTempl<char, SI_GenericNoCase<char>, SI_ConvertA<char> >::Entry const&)
663 76 2 2 42 0 0 0 0 0
1627 74 0 0 10 0 0 0 0 0
1628 56 0 0 0 0 0 0 0 0
1629 16 1 1 16 0 0 0 0 0
2292 24 1 1 0 0 0 24 0 0
2298 47 1 1 9 0 0 0 0 0
2299 44 0 0 40 0 0 0 0 0
fn=std::_Rb_tree<CSimpleIniTempl<char, SI_GenericNoCase<char>, SI_ConvertA<char> >::Entry, std::pair<CSimpleIniTempl<char, SI_GenericNoCase<char>, SI_ConvertA<char> >::Entry const, std::multimap<CSimpleIniTempl<char, SI_GenericNoCase<char>, SI_ConvertA<char> >::Entry, char const*, CSimpleIniTempl<char, SI_GenericNoCase<char>, SI_ConvertA<char> >::Entry::KeyOrder, std::allocator<std::pair<CSimpleIniTempl<char, SI_GenericNoCase<char>, SI_ConvertA<char> >::Entry const, char const*> > > >, std::_Select1st<std::pair<CSimpleIniTempl<char, SI_GenericNoCase<char>, SI_ConvertA<char> >::Entry const, std::multimap<CSimpleIniTempl<char, SI_GenericNoCase<char>, SI_ConvertA<char> >::Entry, char const*, CSimpleIniTempl<char, SI_GenericNoCase<char>, SI_ConvertA<char> >::Entry::KeyOrder, std::allocator<std::pair<CSimpleIniTempl<char, SI_GenericNoCase<char>, SI_ConvertA<char> >::Entry const, char const*> > > > >, CSimpleIniTempl<char, SI_GenericNoCase<char>, SI_ConvertA<char> >::Entry::KeyOrder, std::allocator<std::pair<CSimpleIniTempl<char, SI_GenericNoCase<char>, SI_ConvertA<char> >::Entry const, std::multimap<CSimpleIniTempl<char, SI_GenericNoCase<char>, SI_ConvertA<char> >::Entry, char const*, CSimpleIniTempl<char, SI_GenericNoCase<char>, SI_ConvertA<char> >::Entry::KeyOrder, std::allocator<std::pair<CSimpleIniTempl<char, SI_GenericNoCase<char>, SI_ConvertA<char> >::Entry const, char const*> > > > > >::_M_erase(std::_Rb_tree_node<std::pair<CSimpleIniTempl<char, SI_GenericNoCase<char>, SI_ConvertA<char> >::Entry const, std::multimap<CSimpleIniTempl<char, SI_GenericNoCase<char>, SI_ConvertA<char> >::Entry, char const*, CSimpleIniTempl<char, SI_GenericNoCase<char>, SI_ConvertA<char> >::Entry::KeyOrder, std::allocator<std::pair<CSimpleIniTempl<char, SI_GenericNoCase<char>, SI_ConvertA<char> >::Entry const, char const*> > > > >*)
1606 8 1 1 0 0 0 7 0 0
1610 49 3 3 10 2 0 3 0 0
1612 24 0 0 12 4 0 6 0 0
1617 8 0 0 7 0 0 0 0 0
fn=std::_Rb_tree_iterator<std::pair<CSimpleIniTempl<char, SI_GenericNoCase<char>, SI_ConvertA<char> >::Entry const, char const*> > std::_Rb_tree<CSimpleIniTempl<char, SI_GenericNoCase<char>, SI_ConvertA<char> >::Entry, std::pair<CSimpleIniTempl<char, SI_GenericNoCase<char>, SI_ConvertA<char> >::Entry const, char const*>, std::_Select1st<std::pair<CSimpleIniTempl<char, SI_GenericNoCase<char>, SI_ConvertA<char> >::Entry const, char const*> >, CSimpleIniTempl<char, SI_GenericNoCase<char>, SI_ConvertA<char> >::Entry::KeyOrder, std::allocator<std::pair<CSimpleIniTempl<char, SI_GenericNoCase<char>, SI_ConvertA<char> >::Entry const, char const*> > >::_M_insert_equal<std::pair<CSimpleIniTempl<char, SI_GenericNoCase<char>, SI_ConvertA<char> >::Entry const, char const*>&>(std::pair<CSimpleIniTempl<char, SI_GenericNoCase<char>, SI_ConvertA<char> >::Entry const, char const*>&)
663 14 1 1 0 0 0 0 0 0
1507 50 1 1 0 0 0 0 0 0
1511 60 0 0 0 0 0 12 0 0
1513 12 0 0 12 0 0 0 0 0
1838 116 1 1 40 0 0 0 0 0
1841 60 0 0 20 0 0 0 0 0
1882 120 0 0 12 0 0 72 0 0
1894 108 0 0 84 0 0 0 0 0
fn=std::_Rb_tree_iterator<std::pair<CSimpleIniTempl<char, SI_GenericNoCase<char>, SI_ConvertA<char> >::Entry const, std::multimap<CSimpleIniTempl<char, SI_GenericNoCase<char>, SI_ConvertA<char> >::Entry, char const*, CSimpleIniTempl<char, SI_GenericNoCase<char>, SI_ConvertA<char> >::Entry::KeyOrder, std::allocator<std::pair<CSimpleIniTempl<char, SI_GenericNoCase<char>, SI_ConvertA<char> >::Entry const, char const*> > > > > std::_Rb_tree<CSimpleIniTempl<char, SI_GenericNoCase<char>, SI_ConvertA<char> >::Entry, std::pair<CSimpleIniTempl<char, SI_GenericNoCase<char>, SI_ConvertA<char> >::Entry const, std::multimap<CSimpleIniTempl<char, SI_GenericNoCase<char>, SI_ConvertA<char> >::Entry, char const*, CSimpleIniTempl<char, SI_GenericNoCase<char>, SI_ConvertA<char> >::Entry::KeyOrder, std::allocator<std::pair<CSimpleIniTempl<char, SI_GenericNoCase<char>, SI_ConvertA<char> >::Entry const, char const*> > > >, std::_Select1st<std::pair<CSimpleIniTempl<char, SI_GenericNoCase<char>, SI_ConvertA<char> >::Entry const, std::multimap<CSimpleIniTempl<char, SI_GenericNoCase<char>, SI_ConvertA<char> >::Entry, char const*, CSimpleIniTempl<char, SI_GenericNoCase<char>, SI_ConvertA<char> >::Entry::KeyOrder, std::allocator<std::pair<CSimpleIniTempl<char, SI_GenericNoCase<char>, SI_ConvertA<char> >::Entry const, char const*> > > > >, CSimpleIniTempl<char, SI_GenericNoCase<char>, SI_ConvertA<char> >::Entry::KeyOrder, std::allocator<std::pair<CSimpleIniTempl<char, SI_GenericNoCase<char>, SI_ConvertA<char> >::Entry const, std::multimap<CSimpleIniTempl<char, SI_GenericNoCase<char>, SI_ConvertA<char> >::Entry, char const*, CSimpleIniTempl<char, SI_GenericNoCase<char>, SI_ConvertA<char> >::Entry::KeyOrder, std::allocator<std::pair<CSimpleIniTempl<char, SI_GenericNoCase<char>, SI_ConvertA<char> >::Entry const, char const*> > > > > >::_M_insert_<std::pair<CSimpleIniTempl<char, SI_GenericNoCase<char>, SI_ConvertA<char> >::Entry const, std::multimap<CSimpleIniTempl<char, SI_GenericNoCase<char>, SI_ConvertA<char> >::Entry, char const*, CSimpleIniTempl<char, SI_GenericNoCase<char>, SI_ConvertA<char> >::Entry::KeyOrder, std::allocator<std::pair<CSimpleIniTempl<char, SI_GenericNoCase<char>, SI_ConvertA<char> >::Entry const, char const*> > > >&, std::_Rb_tree<CSimpleIniTempl<char, SI_GenericNoCase<char>, SI_ConvertA<char> >::Entry, std::pair<CSimpleIniTempl<char, SI_GenericNoCase<char>, SI_ConvertA<char> >::Entry const, std::multimap<CSimpleIniTempl<char, SI_GenericNoCase<char>, SI_ConvertA<char> >::Entry, char const*, CSimpleIniTempl<char, SI_GenericNoCase<char>, SI_ConvertA<char> >::Entry::KeyOrder, std::allocator<std::pair<CSimpleIniTempl<char, SI_GenericNoCase<char>, SI_ConvertA<char> >::Entry const, char const*> > > >, std::_Select1st<std::pair<CSimpleIniTempl<char, SI_GenericNoCase<char>, SI_ConvertA<char> >::Entry const, std::multimap<CSimpleIniTempl<char, SI_GenericNoCase<char>, SI_ConvertA<char> >::Entry, char const*, CSimpleIniTempl<char, SI_GenericNoCase<char>, SI_ConvertA<char> >::Entry::KeyOrder, std::allocator<std::pair<CSimpleIniTempl<char, SI_GenericNoCase<char>, SI_ConvertA<char> >::Entry const, char const*> > > > >, CSimpleIniTempl<char, SI_GenericNoCase<char>, SI_ConvertA<char> >::Entry::KeyOrder, std::allocator<std::pair<CSimpleIniTempl<char, SI_GenericNoCase<char>, SI_ConvertA<char> >::Entry const, std::multimap<CSimpleIniTempl<char, SI_GenericNoCase<char>, SI_ConvertA<char> >::Entry, char const*, CSimpleIniTempl<char, SI_GenericNoCase<char>, SI_ConvertA<char> >::Entry::KeyOrder, std::allocator<std::pair<CSimpleIniTempl<char, SI_GenericNoCase<char>, SI_ConvertA<char> >::Entry const, char const*> > > > > >::_Alloc_node>(std::_Rb_tree_node_base*, std::_Rb_tree_node_base*, std::pair<CSimpleIniTempl<char, SI_GenericNoCase<char>, SI_ConvertA<char> >::Entry const, std::multimap<CSimpleIniTempl<char, SI_GenericNoCase<char>, SI_ConvertA<char> >::Entry, char const*, CSimpleIniTempl<char, SI_GenericNoCase<char>, SI_ConvertA<char> >::Entry::KeyOrder, std::allocator<std::pair<CSimpleIniTempl<char, SI_GenericNoCase<char>, SI_ConvertA<char> >::Entry const, char const*> > > >&, std::_Rb_tree<CSimpleIniTempl<char, SI_GenericNoCase<char>, SI_ConvertA<char> >::Entry, std::pair<CSimpleIniTempl<char, SI_GenericNoCase<char>, SI_ConvertA<char> >::Entry const, std::multimap<CSimpleIniTempl<char, SI_GenericNoCase<char>, SI_ConvertA<char> >::Entry, char const*, CSimpleIniTempl<char, SI_GenericNoCase<char>, SI_ConvertA<char> >::Entry::KeyOrder, std::allocator<std::pair<CSimpleIniTempl<char, SI_GenericNoCase<char>, SI_ConvertA<char> >::Entry const, char const*> > > >, std::_Select1st<std::pair<CSimpleIniTempl<char, SI_GenericNoCase<char>, SI_ConvertA<char> >::Entry const, std::multimap<CSimpleIniTempl<char, SI_GenericNoCase<char>, SI_ConvertA<char> >::Entry, char const*, CSimpleIniTempl<char, SI_GenericNoCase<char>, SI_ConvertA<char> >::Entry::KeyOrder, std::allocator<std::pair<CSimpleIniTempl<char, SI_GenericNoCase<char>, SI_ConvertA<char> >::Entry const, char const*> > > > >, CSimpleIniTempl<char, SI_GenericNoCase<char>, SI_ConvertA<char> >::Entry::KeyOrder, std::allocator<std::pair<CSimpleIniTempl<char, SI_GenericNoCase<char>, SI_ConvertA<char> >::Entry const, std::multimap<CSimpleIniTempl<char, SI_GenericNoCase<char>, SI_ConvertA<char> >::Entry, char const*, CSimpleIniTempl<char, SI_GenericNoCase<char>, SI_ConvertA<char> >::Entry::KeyOrder, std::allocator<std::pair<CSimpleIniTempl<char, SI_GenericNoCase<char>, SI_ConvertA<char> >::Entry const, char const*> > > > > >::_Alloc_node&)
599 6 0 0 0 0 0 6 1 1
618 4 0 0 0 0 0 2 0 0
619 2 0 0 0 0 0 2 0 0
663 2 1 1 0 0 0 0 0 0
817 4 0 0 0 0 0 0 0 0
1496 18 1 1 0 0 0 10 0 0
1507 16 1 1 2 0 0 0 0 0
1511 10 1 1 0 0 0 2 0 0
1513 2 0 0 2 0 0 0 0 0
1515 16 0 0 12 0 0 0 0 0
fn=std::pair<std::_Rb_tree_iterator<std::pair<CSimpleIniTempl<char, SI_GenericNoCase<char>, SI_ConvertA<char> >::Entry const, std::multimap<CSimpleIniTempl<char, SI_GenericNoCase<char>, SI_ConvertA<char> >::Entry, char const*, CSimpleIniTempl<char, SI_GenericNoCase<char>, SI_ConvertA<char> >::Entry::KeyOrder, std::allocator<std::pair<CSimpleIniTempl<char, SI_GenericNoCase<char>, SI_ConvertA<char> >::Entry const, char const*> > > > >, bool> std::_Rb_tree<CSimpleIniTempl<char, SI_GenericNoCase<char>, SI_ConvertA<char> >::Entry, std::pair<CSimpleIniTempl<char, SI_GenericNoCase<char>, SI_ConvertA<char> >::Entry const, std::multimap<CSimpleIniTempl<char, SI_GenericNoCase<char>, SI_ConvertA<char> >::Entry, char const*, CSimpleIniTempl<char, SI_GenericNoCase<char>, SI_ConvertA<char> >::Entry::KeyOrder, std::allocator<std::pair<CSimpleIniTempl<char, SI_GenericNoCase<char>, SI_ConvertA<char> >::Entry const, char const*> > > >, std::_Select1st<std::pair<CSimpleIniTempl<char, SI_GenericNoCase<char>, SI_ConvertA<char> >::Entry const, std::multimap<CSimpleIniTempl<char, SI_GenericNoCase<char>, SI_ConvertA<char> >::Entry, char const*, CSimpleIniTempl<char, SI_GenericNoCase<char>, SI_ConvertA<char> >::Entry::KeyOrder, std::allocator<std::pair<CSimpleIniTempl<char, SI_GenericNoCase<char>, SI_ConvertA<char> >::Entry const, char const*> > > > >, CSimpleIniTempl<char, SI_GenericNoCase<char>, SI_ConvertA<char> >::Entry::KeyOrder, std::allocator<std::pair<CSimpleIniTempl<char, SI_GenericNoCase<char>, SI_ConvertA<char> >::Entry const, std::multimap<CSimpleIniTempl<char, SI_GenericNoCase<char>, SI_ConvertA<char> >::Entry, char const*, CSimpleIniTempl<char, SI_GenericNoCase<char>, SI_ConvertA<char> >::Entry::KeyOrder, std::allocator<std::pair<CSimpleIniTempl<char, SI_GenericNoCase<char>, SI_ConvertA<char> >::Entry const, char const*> > > > > >::_M_insert_unique<std::pair<CSimpleIniTempl<char, SI_GenericNoCase<char>, SI_ConvertA<char> >::Entry const, std::multimap<CSimpleIniTempl<char, SI_GenericNoCase<char>, SI_ConvertA<char> >::Entry, char const*, CSimpleIniTempl<char, SI_GenericNoCase<char>, SI_ConvertA<char> >::Entry::KeyOrder, std::allocator<std::pair<CSimpleIniTempl<char, SI_GenericNoCase<char>, SI_ConvertA<char> >::Entry const, char const*> > > >&>(std::pair<CSimpleIniTempl<char, SI_GenericNoCase<char>, SI_ConvertA<char> >::Entry const, std::multimap<CSimpleIniTempl<char, SI_GenericNoCase<char>, SI_ConvertA<char> >::Entry, char const*, CSimpleIniTempl<char, SI_GenericNoCase<char>, SI_ConvertA<char> >::Entry::KeyOrder, std::allocator<std::pair<CSimpleIniTempl<char, SI_GenericNoCase<char>, SI_ConvertA<char> >::Entry const, char const*> > > >&)
450 2 0 0 0 0 0 2 0 0
663 2 1 1 0 0 0 0 0 0
1807 9 1 1 3 0 0 0 0 0
1811 4 0 0 1 0 0 0 0 0
1814 2 0 0 0 0 0 0 0 0
1816 4 1 1 2 0 0 0 0 0
1854 14 1 1 2 0 0 6 0 0
1870 14 0 0 0 0 0 2 0 0
1874 10 0 0 8 0 0 0 0 0
fl=/usr/include/c++/5.1.1/bits/stl_vector.h
fn=Globals::Globals(Network const&)
87 33 5 5 0 0 0 33 3 0
170 42 1 1 0 0 0 0 0 0
177 22 0 0 0 0 0 0 0 0
187 61 5 5 0 0 0 0 0 0
fn=Network::allocate()
170 6 1 1 0 0 0 0 0 0
177 4 0 0 0 0 0 0 0 0
187 4 0 0 0 0 0 2 0 0
fn=Network::parseFlux(int*, int (*) [4], int (*) [4], int (*) [4], int (*) [4])
170 6 0 0 0 0 0 0 0 0
177 4 0 0 0 0 0 0 0 0
187 2 0 0 0 0 0 0 0 0
655 7 1 1 2 0 0 0 0 0
675 4 0 0 0 0 0 0 0 0
676 11 1 1 3 0 0 2 0 0
fn=computeFluxes()
780 148603500 1 1 49534500 0 0 0 0 0
fn=initialize(Network*, IntegrationData*, Globals*)
780 6416 0 0 3208 1 0 0 0 0
fn=std::_Sp_counted_ptr_inplace<Globals, std::allocator<Globals>, (__gnu_cxx::_Lock_policy)2>::_M_dispose()
161 11 0 0 11 0 0 0 0 0
177 22 2 2 0 0 0 0 0 0
fn=std::_Sp_counted_ptr_inplace<Network, std::allocator<Network>, (__gnu_cxx::_Lock_policy)2>::_M_dispose()
161 6 0 0 6 3 0 0 0 0
177 12 0 0 0 0 0 0 0 0
fn=std::__shared_ptr<Network, (__gnu_cxx::_Lock_policy)2>::__shared_ptr<std::allocator<Network>>(std::_Sp_make_shared_tag, std::allocator<Network> const&)
87 18 3 3 0 0 0 18 2 2
fn=std::vector<unsigned short, std::allocator<unsigned short> >::_M_default_append(unsigned long)
170 4 0 0 0 0 0 0 0 0
177 4 0 0 0 0 0 0 0 0
655 6 0 0 0 0 0 0 0 0
1424 8 0 0 0 0 0 0 0 0
1427 6 0 0 0 0 0 0 0 0
1428 12 1 1 0 0 0 0 0 0
fl=/usr/include/c++/5.1.1/bits/vector.tcc
fn=std::vector<unsigned short, std::allocator<unsigned short> >::_M_default_append(unsigned long)
540 18 1 1 0 0 0 12 1 1
543 4 1 1 0 0 0 0 0 0
545 10 0 0 2 1 0 0 0 0
546 2 0 0 2 0 0 0 0 0
581 2 0 0 0 0 0 2 0 0
582 2 0 0 0 0 0 2 0 0
583 2 0 0 0 0 0 2 0 0
586 20 1 1 16 0 0 0 0 0
fl=/usr/include/c++/5.1.1/cmath
fn=integrate()
82 1320920 0 0 330230 0 0 0 0 0
fl=/usr/include/c++/5.1.1/ext/aligned_buffer.h
fn=main
99 1 0 0 0 0 0 0 0 0
fn=std::_Sp_counted_ptr_inplace<Globals, std::allocator<Globals>, (__gnu_cxx::_Lock_policy)2>::_M_get_deleter(std::type_info const&)
99 1 1 1 0 0 0 0 0 0
fn=std::_Sp_counted_ptr_inplace<Network, std::allocator<Network>, (__gnu_cxx::_Lock_policy)2>::_M_get_deleter(std::type_info const&)
99 1 0 0 0 0 0 0 0 0
fl=/usr/include/c++/5.1.1/ext/atomicity.h
fn=std::shared_ptr<Globals>::~shared_ptr()
67 2 1 1 2 1 0 0 0 0
68 5 0 0 0 0 0 2 0 0
81 3 0 0 0 0 0 0 0 0
fn=std::shared_ptr<Network>::~shared_ptr()
67 2 0 0 2 1 0 0 0 0
68 5 0 0 0 0 0 2 0 0
81 3 0 0 0 0 0 0 0 0
fl=/usr/include/c++/5.1.1/ext/new_allocator.h
fn=Globals::Globals(Network const&)
104 59 3 3 1 0 0 22 0 0
fn=Network::allocate()
104 14 1 1 0 0 0 2 0 0
fn=Network::loadReactions(char const*)
104 4 0 0 1 0 0 1 0 0
110 2 0 0 0 0 0 1 0 0
fn=Network::parseFlux(int*, int (*) [4], int (*) [4], int (*) [4], int (*) [4])
104 12 1 1 2 0 0 4 1 1
fn=main
104 3 0 0 0 0 0 1 0 0
120 2 0 0 0 0 0 1 0 0
fn=std::_Rb_tree<CSimpleIniTempl<char, SI_GenericNoCase<char>, SI_ConvertA<char> >::Entry, std::pair<CSimpleIniTempl<char, SI_GenericNoCase<char>, SI_ConvertA<char> >::Entry const, char const*>, std::_Select1st<std::pair<CSimpleIniTempl<char, SI_GenericNoCase<char>, SI_ConvertA<char> >::Entry const, char const*> >, CSimpleIniTempl<char, SI_GenericNoCase<char>, SI_ConvertA<char> >::Entry::KeyOrder, std::allocator<std::pair<CSimpleIniTempl<char, SI_GenericNoCase<char>, SI_ConvertA<char> >::Entry const, char const*> > >::_M_erase(std::_Rb_tree_node<std::pair<CSimpleIniTempl<char, SI_GenericNoCase<char>, SI_ConvertA<char> >::Entry const, char const*> >*)
110 12 1 1 0 0 0 6 0 0
fn=std::_Rb_tree<CSimpleIniTempl<char, SI_GenericNoCase<char>, SI_ConvertA<char> >::Entry, std::pair<CSimpleIniTempl<char, SI_GenericNoCase<char>, SI_ConvertA<char> >::Entry const, std::multimap<CSimpleIniTempl<char, SI_GenericNoCase<char>, SI_ConvertA<char> >::Entry, char const*, CSimpleIniTempl<char, SI_GenericNoCase<char>, SI_ConvertA<char> >::Entry::KeyOrder, std::allocator<std::pair<CSimpleIniTempl<char, SI_GenericNoCase<char>, SI_ConvertA<char> >::Entry const, char const*> > > >, std::_Select1st<std::pair<CSimpleIniTempl<char, SI_GenericNoCase<char>, SI_ConvertA<char> >::Entry const, std::multimap<CSimpleIniTempl<char, SI_GenericNoCase<char>, SI_ConvertA<char> >::Entry, char const*, CSimpleIniTempl<char, SI_GenericNoCase<char>, SI_ConvertA<char> >::Entry::KeyOrder, std::allocator<std::pair<CSimpleIniTempl<char, SI_GenericNoCase<char>, SI_ConvertA<char> >::Entry const, char const*> > > > >, CSimpleIniTempl<char, SI_GenericNoCase<char>, SI_ConvertA<char> >::Entry::KeyOrder, std::allocator<std::pair<CSimpleIniTempl<char, SI_GenericNoCase<char>, SI_ConvertA<char> >::Entry const, std::multimap<CSimpleIniTempl<char, SI_GenericNoCase<char>, SI_ConvertA<char> >::Entry, char const*, CSimpleIniTempl<char, SI_GenericNoCase<char>, SI_ConvertA<char> >::Entry::KeyOrder, std::allocator<std::pair<CSimpleIniTempl<char, SI_GenericNoCase<char>, SI_ConvertA<char> >::Entry const, char const*> > > > > >::_M_erase(std::_Rb_tree_node<std::pair<CSimpleIniTempl<char, SI_GenericNoCase<char>, SI_ConvertA<char> >::Entry const, std::multimap<CSimpleIniTempl<char, SI_GenericNoCase<char>, SI_ConvertA<char> >::Entry, char const*, CSimpleIniTempl<char, SI_GenericNoCase<char>, SI_ConvertA<char> >::Entry::KeyOrder, std::allocator<std::pair<CSimpleIniTempl<char, SI_GenericNoCase<char>, SI_ConvertA<char> >::Entry const, char const*> > > > >*)
110 14 0 0 0 0 0 8 0 0
fn=std::_Rb_tree_iterator<std::pair<CSimpleIniTempl<char, SI_GenericNoCase<char>, SI_ConvertA<char> >::Entry const, char const*> > std::_Rb_tree<CSimpleIniTempl<char, SI_GenericNoCase<char>, SI_ConvertA<char> >::Entry, std::pair<CSimpleIniTempl<char, SI_GenericNoCase<char>, SI_ConvertA<char> >::Entry const, char const*>, std::_Select1st<std::pair<CSimpleIniTempl<char, SI_GenericNoCase<char>, SI_ConvertA<char> >::Entry const, char const*> >, CSimpleIniTempl<char, SI_GenericNoCase<char>, SI_ConvertA<char> >::Entry::KeyOrder, std::allocator<std::pair<CSimpleIniTempl<char, SI_GenericNoCase<char>, SI_ConvertA<char> >::Entry const, char const*> > >::_M_insert_equal<std::pair<CSimpleIniTempl<char, SI_GenericNoCase<char>, SI_ConvertA<char> >::Entry const, char const*>&>(std::pair<CSimpleIniTempl<char, SI_GenericNoCase<char>, SI_ConvertA<char> >::Entry const, char const*>&)
104 48 0 0 0 0 0 12 0 0
fn=std::_Rb_tree_iterator<std::pair<CSimpleIniTempl<char, SI_GenericNoCase<char>, SI_ConvertA<char> >::Entry const, std::multimap<CSimpleIniTempl<char, SI_GenericNoCase<char>, SI_ConvertA<char> >::Entry, char const*, CSimpleIniTempl<char, SI_GenericNoCase<char>, SI_ConvertA<char> >::Entry::KeyOrder, std::allocator<std::pair<CSimpleIniTempl<char, SI_GenericNoCase<char>, SI_ConvertA<char> >::Entry const, char const*> > > > > std::_Rb_tree<CSimpleIniTempl<char, SI_GenericNoCase<char>, SI_ConvertA<char> >::Entry, std::pair<CSimpleIniTempl<char, SI_GenericNoCase<char>, SI_ConvertA<char> >::Entry const, std::multimap<CSimpleIniTempl<char, SI_GenericNoCase<char>, SI_ConvertA<char> >::Entry, char const*, CSimpleIniTempl<char, SI_GenericNoCase<char>, SI_ConvertA<char> >::Entry::KeyOrder, std::allocator<std::pair<CSimpleIniTempl<char, SI_GenericNoCase<char>, SI_ConvertA<char> >::Entry const, char const*> > > >, std::_Select1st<std::pair<CSimpleIniTempl<char, SI_GenericNoCase<char>, SI_ConvertA<char> >::Entry const, std::multimap<CSimpleIniTempl<char, SI_GenericNoCase<char>, SI_ConvertA<char> >::Entry, char const*, CSimpleIniTempl<char, SI_GenericNoCase<char>, SI_ConvertA<char> >::Entry::KeyOrder, std::allocator<std::pair<CSimpleIniTempl<char, SI_GenericNoCase<char>, SI_ConvertA<char> >::Entry const, char const*> > > > >, CSimpleIniTempl<char, SI_GenericNoCase<char>, SI_ConvertA<char> >::Entry::KeyOrder, std::allocator<std::pair<CSimpleIniTempl<char, SI_GenericNoCase<char>, SI_ConvertA<char> >::Entry const, std::multimap<CSimpleIniTempl<char, SI_GenericNoCase<char>, SI_ConvertA<char> >::Entry, char const*, CSimpleIniTempl<char, SI_GenericNoCase<char>, SI_ConvertA<char> >::Entry::KeyOrder, std::allocator<std::pair<CSimpleIniTempl<char, SI_GenericNoCase<char>, SI_ConvertA<char> >::Entry const, char const*> > > > > >::_M_insert_<std::pair<CSimpleIniTempl<char, SI_GenericNoCase<char>, SI_ConvertA<char> >::Entry const, std::multimap<CSimpleIniTempl<char, SI_GenericNoCase<char>, SI_ConvertA<char> >::Entry, char const*, CSimpleIniTempl<char, SI_GenericNoCase<char>, SI_ConvertA<char> >::Entry::KeyOrder, std::allocator<std::pair<CSimpleIniTempl<char, SI_GenericNoCase<char>, SI_ConvertA<char> >::Entry const, char const*> > > >&, std::_Rb_tree<CSimpleIniTempl<char, SI_GenericNoCase<char>, SI_ConvertA<char> >::Entry, std::pair<CSimpleIniTempl<char, SI_GenericNoCase<char>, SI_ConvertA<char> >::Entry const, std::multimap<CSimpleIniTempl<char, SI_GenericNoCase<char>, SI_ConvertA<char> >::Entry, char const*, CSimpleIniTempl<char, SI_GenericNoCase<char>, SI_ConvertA<char> >::Entry::KeyOrder, std::allocator<std::pair<CSimpleIniTempl<char, SI_GenericNoCase<char>, SI_ConvertA<char> >::Entry const, char const*> > > >, std::_Select1st<std::pair<CSimpleIniTempl<char, SI_GenericNoCase<char>, SI_ConvertA<char> >::Entry const, std::multimap<CSimpleIniTempl<char, SI_GenericNoCase<char>, SI_ConvertA<char> >::Entry, char const*, CSimpleIniTempl<char, SI_GenericNoCase<char>, SI_ConvertA<char> >::Entry::KeyOrder, std::allocator<std::pair<CSimpleIniTempl<char, SI_GenericNoCase<char>, SI_ConvertA<char> >::Entry const, char const*> > > > >, CSimpleIniTempl<char, SI_GenericNoCase<char>, SI_ConvertA<char> >::Entry::KeyOrder, std::allocator<std::pair<CSimpleIniTempl<char, SI_GenericNoCase<char>, SI_ConvertA<char> >::Entry const, std::multimap<CSimpleIniTempl<char, SI_GenericNoCase<char>, SI_ConvertA<char> >::Entry, char const*, CSimpleIniTempl<char, SI_GenericNoCase<char>, SI_ConvertA<char> >::Entry::KeyOrder, std::allocator<std::pair<CSimpleIniTempl<char, SI_GenericNoCase<char>, SI_ConvertA<char> >::Entry const, char const*> > > > > >::_Alloc_node>(std::_Rb_tree_node_base*, std::_Rb_tree_node_base*, std::pair<CSimpleIniTempl<char, SI_GenericNoCase<char>, SI_ConvertA<char> >::Entry const, std::multimap<CSimpleIniTempl<char, SI_GenericNoCase<char>, SI_ConvertA<char> >::Entry, char const*, CSimpleIniTempl<char, SI_GenericNoCase<char>, SI_ConvertA<char> >::Entry::KeyOrder, std::allocator<std::pair<CSimpleIniTempl<char, SI_GenericNoCase<char>, SI_ConvertA<char> >::Entry const, char const*> > > >&, std::_Rb_tree<CSimpleIniTempl<char, SI_GenericNoCase<char>, SI_ConvertA<char> >::Entry, std::pair<CSimpleIniTempl<char, SI_GenericNoCase<char>, SI_ConvertA<char> >::Entry const, std::multimap<CSimpleIniTempl<char, SI_GenericNoCase<char>, SI_ConvertA<char> >::Entry, char const*, CSimpleIniTempl<char, SI_GenericNoCase<char>, SI_ConvertA<char> >::Entry::KeyOrder, std::allocator<std::pair<CSimpleIniTempl<char, SI_GenericNoCase<char>, SI_ConvertA<char> >::Entry const, char const*> > > >, std::_Select1st<std::pair<CSimpleIniTempl<char, SI_GenericNoCase<char>, SI_ConvertA<char> >::Entry const, std::multimap<CSimpleIniTempl<char, SI_GenericNoCase<char>, SI_ConvertA<char> >::Entry, char const*, CSimpleIniTempl<char, SI_GenericNoCase<char>, SI_ConvertA<char> >::Entry::KeyOrder, std::allocator<std::pair<CSimpleIniTempl<char, SI_GenericNoCase<char>, SI_ConvertA<char> >::Entry const, char const*> > > > >, CSimpleIniTempl<char, SI_GenericNoCase<char>, SI_ConvertA<char> >::Entry::KeyOrder, std::allocator<std::pair<CSimpleIniTempl<char, SI_GenericNoCase<char>, SI_ConvertA<char> >::Entry const, std::multimap<CSimpleIniTempl<char, SI_GenericNoCase<char>, SI_ConvertA<char> >::Entry, char const*, CSimpleIniTempl<char, SI_GenericNoCase<char>, SI_ConvertA<char> >::Entry::KeyOrder, std::allocator<std::pair<CSimpleIniTempl<char, SI_GenericNoCase<char>, SI_ConvertA<char> >::Entry const, char const*> > > > > >::_Alloc_node&)
104 7 1 1 0 0 0 2 0 0
fn=std::_Sp_counted_ptr_inplace<Globals, std::allocator<Globals>, (__gnu_cxx::_Lock_policy)2>::_M_destroy()
110 1 1 1 0 0 0 0 0 0
fn=std::_Sp_counted_ptr_inplace<Globals, std::allocator<Globals>, (__gnu_cxx::_Lock_policy)2>::_M_dispose()
110 11 0 0 0 0 0 10 0 0
fn=std::_Sp_counted_ptr_inplace<Network, std::allocator<Network>, (__gnu_cxx::_Lock_policy)2>::_M_destroy()
110 1 0 0 0 0 0 0 0 0
fn=std::_Sp_counted_ptr_inplace<Network, std::allocator<Network>, (__gnu_cxx::_Lock_policy)2>::_M_dispose()
110 6 1 1 0 0 0 5 0 0
fn=std::__shared_ptr<Network, (__gnu_cxx::_Lock_policy)2>::__shared_ptr<std::allocator<Network>>(std::_Sp_make_shared_tag, std::allocator<Network> const&)
104 2 0 0 0 0 0 1 0 0
fn=std::vector<unsigned short, std::allocator<unsigned short> >::_M_default_append(unsigned long)
104 18 0 0 4 0 0 2 0 0
fl=/usr/include/c++/5.1.1/iostream
fn=_GLOBAL__sub_I__ZN7Network11loadNetworkEPKc
74 6 1 0 0 0 0 1 0 0
fl=/usr/include/c++/5.1.1/typeinfo
fn=std::_Sp_counted_ptr_inplace<Globals, std::allocator<Globals>, (__gnu_cxx::_Lock_policy)2>::_M_get_deleter(std::type_info const&)
123 2 0 0 0 0 0 0 0 0
fn=std::_Sp_counted_ptr_inplace<Network, std::allocator<Network>, (__gnu_cxx::_Lock_policy)2>::_M_get_deleter(std::type_info const&)
123 2 0 0 0 0 0 0 0 0
fl=/usr/include/stdlib.h
fn=loadParameters(Network&, IntegrationData*, char const*)
280 24 1 1 0 0 0 3 0 0
fl=???
fn=(below main)
0 60 6 5 17 6 0 17 0 0
fn=???
0 48976 237 209 47865 1029 31 536 25 15
fn=_Exit
0 8 2 2 1 0 0 0 0 0
fn=_IO_cleanup
0 208 7 7 69 3 1 37 0 0
fn=_IO_default_finish
0 38 6 3 14 0 0 4 0 0
fn=_IO_default_setbuf
0 114 4 4 24 0 0 42 0 0
fn=_IO_default_uflow
0 924 4 4 462 0 0 231 0 0
fn=_IO_do_write@@GLIBC_2.2.5
0 8000 10 4 2240 1 0 1760 0 0
fn=_IO_doallocbuf
0 90 5 2 40 3 0 20 2 2
fn=_IO_file_close
0 12 2 1 4 0 0 0 0 0
fn=_IO_file_close_it@@GLIBC_2.2.5
0 96 8 4 20 2 0 32 0 0
fn=_IO_file_doallocate
0 222 10 4 47 6 1 30 2 1
fn=_IO_file_finish@@GLIBC_2.2.5
0 16 4 2 4 0 0 2 0 0
fn=_IO_file_fopen@@GLIBC_2.2.5
0 216 18 13 41 3 3 32 0 0
fn=_IO_file_init@@GLIBC_2.2.5
0 52 7 3 16 0 0 20 0 0
fn=_IO_file_open
0 136 11 6 24 0 0 28 0 0
fn=_IO_file_overflow@@GLIBC_2.2.5
0 64982 9 6 17719 0 0 9800 1 0
fn=_IO_file_read
0 312 4 3 156 0 0 0 0 0
fn=_IO_file_seek
0 8 2 2 4 0 0 0 0 0
fn=_IO_file_seekoff@@GLIBC_2.2.5
0 213 15 15 61 0 0 39 0 0
fn=_IO_file_setbuf@@GLIBC_2.2.5
0 45 2 2 9 0 0 24 0 0
fn=_IO_file_stat
0 24 4 1 6 0 0 0 0 0
fn=_IO_file_sync@@GLIBC_2.2.5
0 135 3 2 60 2 1 22 0 0
fn=_IO_file_underflow@@GLIBC_2.2.5
0 3101 80 9 1161 6 2 773 1 0
fn=_IO_file_write@@GLIBC_2.2.5
0 5920 7 3 1440 0 0 960 2 1
fn=_IO_file_xsgetn
0 33 4 4 10 0 0 6 0 0
fn=_IO_file_xsputn@@GLIBC_2.2.5
0 32565 18 9 6544 1 0 3965 2 1
fn=_IO_flush_all_lockp
0 130 8 8 35 10 5 16 0 0
fn=_IO_link_in
0 340 19 16 120 4 1 64 2 1
fn=_IO_no_init
0 132 9 6 20 0 0 80 8 6
fn=_IO_old_init
0 100 11 6 8 0 0 76 8 6
fn=_IO_seekoff_unlocked
0 47 2 2 11 1 0 3 0 0
fn=_IO_setb
0 173 1 1 43 0 0 41 1 1
fn=_IO_sgetn
0 3 1 1 2 0 0 0 0 0
fn=_IO_sputbackc
0 1585830 2 2 634332 0 0 211444 0 0
fn=_IO_switch_to_get_mode
0 1540 3 3 539 0 0 462 0 0
fn=_IO_un_link
0 182 22 11 64 6 0 30 2 1
fn=_IO_unsave_markers
0 14 3 2 6 1 0 0 0 0
fn=_IO_vfscanf
0 27951513 294 176 7901986 359 210 4187811 4296 4227
fn=__GI_memcmp
0 1012 5 5 169 0 0 0 0 0
fn=__GI_memcpy
0 660321 11 9 73396 8 5 36720 10 6
fn=__GI_mempcpy
0 11686 7 5 1341 0 0 710 2 0
fn=__GI_memset
0 437615 4 4 19 2 0 249968 62433 62410
fn=__GI_strstr
0 96 13 10 36 3 2 24 0 0
fn=____strtod_l_internal
0 8787244 174 111 1465705 40 11 809997 12 5
fn=____strtol_l_internal
0 2977090 39 27 356402 3 2 373375 2 1
fn=____strtoul_l_internal
0 209272 15 12 28824 3 2 26656 1 0
fn=__acos_finite
0 7 1 1 2 0 0 1 0 0
fn=__asin_finite
0 7 1 1 2 0 0 1 0 0
fn=__atan2_finite
0 10 2 2 2 0 0 1 0 0
fn=__call_tls_dtors
0 11 3 3 5 1 1 2 0 0
fn=__cpu_indicator_init
0 88 8 8 19 2 1 13 0 0
fn=__ctype_init
0 16 2 2 10 5 0 3 0 0
fn=__cxa_atexit
0 198 2 2 45 0 0 72 5 0
fn=__cxa_finalize
0 367 6 6 103 3 3 29 0 0
fn=__cxa_guard_acquire
0 33 4 4 13 1 0 7 0 0
fn=__cxa_guard_release
0 14 3 3 5 0 0 3 0 0
fn=__cxxabiv1::__si_class_type_info::__do_dyncast(long, __cxxabiv1::__class_type_info::__sub_kind, __cxxabiv1::__class_type_info const*, void const*, __cxxabiv1::__class_type_info const*, void const*, __cxxabiv1::__class_type_info::__dyncast_result&) const
0 1360 3 3 440 1 0 360 0 0
fn=__cxxabiv1::__vmi_class_type_info::__do_dyncast(long, __cxxabiv1::__class_type_info::__sub_kind, __cxxabiv1::__class_type_info const*, void const*, __cxxabiv1::__class_type_info const*, void const*, __cxxabiv1::__class_type_info::__dyncast_result&) const
0 528 6 6 208 2 1 144 0 0
fn=__default_morecore
0 35 6 4 5 0 0 5 1 0
fn=__dynamic_cast
0 2496 4 4 912 15 0 624 0 0
fn=__exp_finite
0 10 1 1 2 0 0 1 0 0
fn=__fopen_internal
0 156 5 3 16 0 0 40 5 4
fn=__fopen_maybe_mmap
0 16 2 1 8 0 0 0 0 0
fn=__gconv_btwoc_ascii
0 640 1 1 128 0 0 0 0 0
fn=__get_cpu_features
0 70 1 1 28 0 0 0 0 0
fn=__gnu_cxx::stdio_sync_filebuf<char, std::char_traits<char> >::sync()
0 6 1 1 3 2 2 0 0 0
fn=__gnu_cxx::stdio_sync_filebuf<wchar_t, std::char_traits<wchar_t> >::sync()
0 6 0 0 3 2 2 0 0 0
fn=__ieee754_exp_sse2
0 161108 9 9 27114 426 217 8006 0 0
fn=__ieee754_log_sse2
0 138 12 12 28 9 9 8 1 0
fn=__ieee754_pow_sse2
0 45502 6 6 7397 3 3 3208 0 0
fn=__init_cpu_features
0 61 9 9 6 2 2 13 0 0
fn=__init_misc
0 24 2 2 7 1 0 5 1 0
fn=__kernel_standard
0 392 5 5 84 1 1 98 1 0
fn=__libc_csu_init
0 48 2 2 10 2 1 10 0 0
fn=__libc_memalign
0 1171 4 4 230 2 0 226 0 0
fn=__linkin_atfork
0 9 2 2 4 2 0 1 0 0
fn=__log_finite
0 10 1 1 2 0 0 1 0 0
fn=__lseek_nocancel
0 20 0 0 4 0 0 0 0 0
fn=__memcmp_sse4_1
0 21 3 3 4 1 1 0 0 0
fn=__memcpy_sse2_unaligned
0 2011 9 4 707 170 0 704 0 0
fn=__mpn_cmp
0 51 1 1 14 0 0 0 0 0
fn=__mpn_construct_double
0 296366 14 4 63507 0 0 21169 0 0
fn=__mpn_divrem
0 251 4 4 72 0 0 56 1 0
fn=__mpn_extract_double
0 3100 3 3 155 0 0 620 0 0
fn=__mpn_lshift
0 768198 10 7 102467 0 0 51277 1 0
fn=__mpn_mul
0 353772 5 5 88443 2 0 108097 2 1
fn=__mpn_mul_1
0 234236 55 8 34395 3 1 23266 1 0
fn=__mpn_rshift
0 3842 5 5 693 0 0 479 0 0
fn=__new_exitfn
0 390 7 6 99 16 3 37 1 0
fn=__open_nocancel
0 20 3 1 4 0 0 0 0 0
fn=__overflow
0 11179 4 2 5589 1 0 1 0 0
fn=__pow_finite
0 7 1 1 2 0 0 1 0 0
fn=__printf_fp
0 166510 96 96 34782 11 4 20263 5 0
fn=__read_nocancel
0 390 0 0 78 0 0 0 0 0
fn=__run_exit_handlers
0 182 5 5 29 6 6 21 0 0
fn=__sigjmp_save
0 9 1 1 2 0 0 2 0 0
fn=__sigsetjmp
0 259 4 4 64 0 0 104 3 1
fn=__strcmp_sse2_unaligned
0 120 3 3 24 1 0 0 0 0
fn=__strtod_internal
0 66708 0 0 44472 0 0 0 0 0
fn=__strtol_internal
0 80001 6 1 53334 0 0 0 0 0
fn=__strtoul_internal
0 5712 0 0 3808 0 0 0 0 0
fn=__uflow
0 2002 79 7 693 8 0 77 0 0
fn=__unregister_atfork
0 64 2 2 24 1 1 8 0 0
fn=__write_nocancel
0 800 2 1 160 0 0 0 0 0
fn=_dl_add_to_namespace_list
0 244 2 2 68 0 0 47 0 0
fn=_dl_add_to_slotinfo
0 48 2 2 18 6 0 12 1 0
fn=_dl_addr
0 56272 9 9 13708 1037 858 17 1 0
fn=_dl_allocate_tls_init
0 113 6 6 36 6 0 17 0 0
fn=_dl_allocate_tls_storage
0 323 3 3 7 0 0 296 37 37
fn=_dl_cache_libcmp
0 4068 4 4 616 38 38 0 0 0
fn=_dl_catch_error
0 480 3 3 132 0 0 240 4 4
fn=_dl_check_all_versions
0 117 3 3 19 0 0 11 0 0
fn=_dl_check_map_versions
0 4682 14 14 1489 17 15 567 45 44
fn=_dl_count_modids
0 4 1 1 3 0 0 0 0 0
fn=_dl_debug_initialize
0 65 3 3 22 2 1 4 0 0
fn=_dl_debug_state
0 2 0 0 2 0 0 0 0 0
fn=_dl_determine_tlsoffset
0 85 5 5 15 1 1 9 0 0
fn=_dl_discover_osversion
0 80 6 6 14 1 1 7 1 1
fn=_dl_find_dso_for_object
0 51 3 3 21 3 0 0 0 0
fn=_dl_fini
0 416 11 11 148 33 30 54 5 5
fn=_dl_fixup
0 8748 17 8 3452 428 111 1084 4 2
fn=_dl_higher_prime_number
0 159 2 2 13 2 1 0 0 0
fn=_dl_important_hwcaps
0 259 18 18 51 0 0 44 2 2
fn=_dl_init
0 125 5 5 33 6 0 15 1 0
fn=_dl_init_paths
0 1013 13 13 118 0 0 40 2 2
fn=_dl_initial_error_catch_tsd
0 26 0 0 13 0 0 0 0 0
fn=_dl_load_cache_lookup
0 1404 15 15 262 35 35 125 0 0
fn=_dl_lookup_symbol_x
0 919352 22 10 152459 1904 1587 51217 34 6
fn=_dl_map_object
0 2226 23 23 487 3 0 293 4 4
fn=_dl_map_object_deps
0 2708 39 39 565 15 1 238 2 2
fn=_dl_map_object_from_fd
0 4454 49 49 958 42 42 509 49 49
fn=_dl_mcount_wrapper_check
0 512 2 2 384 0 0 0 0 0
fn=_dl_name_match_p
0 10318 3 2 2670 55 0 1534 5 0
fn=_dl_new_object
0 1172 14 14 217 7 7 220 41 41
fn=_dl_next_ld_env_entry
0 569 2 2 195 44 44 2 0 0
fn=_dl_next_tls_modid
0 12 2 2 6 0 0 2 0 0
fn=_dl_receive_error
0 28 2 2 10 0 0 12 0 0
fn=_dl_relocate_object
0 324520 55 55 79002 5396 3931 28210 1584 866
fn=_dl_runtime_resolve
0 3132 7 4 972 0 0 864 3 1
fn=_dl_setup_hash
0 154 3 3 49 8 8 42 0 0
fn=_dl_sort_fini
0 572 7 7 168 6 5 29 0 0
fn=_dl_start
0 620 18 16 128 24 22 55 16 16
fn=_dl_sysdep_read_whole_file
0 41 3 3 6 0 0 9 0 0
fn=_dl_sysdep_start
0 591 15 14 164 25 23 41 5 5
fn=_dl_sysdep_start_cleanup
0 1 0 0 1 0 0 0 0 0
fn=_dl_unload_cache
0 10 1 1 3 1 0 2 0 0
fn=_dl_vdso_vsym
0 24 2 2 12 3 0 0 0 0
fn=_fxstat
0 120 3 2 12 0 0 0 0 0
fn=_init
0 57 5 5 14 5 0 18 3 2
fn=_int_free
0 3355 44 24 851 29 0 410 6 1
fn=_int_malloc
0 277451 156 44 34662 56 5 45747 1761 1750
fn=_itoa_word
0 5928 6 3 520 2 1 364 0 0
fn=_setjmp
0 2 1 1 0 0 0 0 0 0
fn=_start
0 11 2 2 1 0 0 3 0 0
fn=_xstat
0 98 1 1 8 0 0 6 0 0
fn=access
0 9 1 1 1 0 0 1 0 0
fn=bcmp
0 2347 17 16 559 10 10 166 3 3
fn=bool std::has_facet<std::ctype<char> >(std::locale const&)
0 84 2 2 36 1 0 12 0 0
fn=bool std::has_facet<std::ctype<wchar_t> >(std::locale const&)
0 84 2 2 36 2 0 12 0 0
fn=bool std::has_facet<std::num_get<char, std::istreambuf_iterator<char, std::char_traits<char> > > >(std::locale const&)
0 84 1 1 36 1 0 12 0 0
fn=bool std::has_facet<std::num_get<wchar_t, std::istreambuf_iterator<wchar_t, std::char_traits<wchar_t> > > >(std::locale const&)
0 84 1 1 36 0 0 12 0 0
fn=bool std::has_facet<std::num_put<char, std::ostreambuf_iterator<char, std::char_traits<char> > > >(std::locale const&)
0 84 2 2 36 1 0 12 0 0
fn=bool std::has_facet<std::num_put<wchar_t, std::ostreambuf_iterator<wchar_t, std::char_traits<wchar_t> > > >(std::locale const&)
0 84 2 2 36 1 0 12 0 0
fn=brk
0 107 3 2 17 0 0 9 1 1
fn=btowc
0 6400 3 3 1792 4 0 640 0 0
fn=call_init.part.0
0 391 4 4 126 23 0 63 0 0
fn=calloc
0 136 1 1 0 0 0 0 0 0
fn=cbrt
0 56 5 5 14 4 4 4 0 0
fn=ceil
0 6 1 1 2 0 0 1 0 0
fn=ceilf
0 6 1 1 2 0 0 1 0 0
fn=check_match.isra.0
0 114549 8 6 40288 412 211 12754 36 4
fn=close
0 30 0 0 6 0 0 0 0 0
fn=cos
0 10 2 2 2 0 0 1 0 0
fn=dl_main
0 1291 74 74 265 39 20 150 17 17
fn=do_lookup_x
0 599191 50 35 209832 4196 853 92053 42 8
fn=do_preload
0 28 2 2 7 0 0 8 0 0
fn=exit
0 4 1 1 0 0 0 1 0 0
fn=exp
0 30700 3 3 3222 2 2 3208 0 0
fn=fclose@@GLIBC_2.2.5
0 130 12 8 52 5 0 18 1 1
fn=fflush
0 240 4 4 102 3 2 24 0 0
fn=fillin_rpath
0 336 16 16 59 0 0 71 1 1
fn=floor
0 6 2 2 2 0 0 1 0 0
fn=floorf
0 6 2 2 2 0 0 1 0 0
fn=fmax
0 4885 1 1 977 0 0 0 0 0
fn=fopen@@GLIBC_2.2.5
0 8 3 1 0 0 0 0 0 0
fn=fread
0 52 5 5 18 0 0 7 0 0
fn=free
0 1099 13 7 347 22 0 203 1 0
fn=frexp
0 23 2 2 1 0 0 1 0 0
fn=fscanf
0 625175 8 5 36775 0 0 330975 0 0
fn=fseek
0 78 5 5 30 0 0 8 0 0
fn=ftell
0 41 5 5 15 0 0 4 0 0
fn=gettimeofday
0 14 2 2 1 0 0 5 0 0
fn=hack_digit
0 8398 4 4 2802 0 0 1246 1 0
fn=handle_intel.isra.0
0 108 5 5 15 0 0 28 0 0
fn=index
0 712 6 6 101 7 7 0 0 0
fn=init_cacheinfo
0 158 9 9 8 1 0 13 2 2
fn=init_tls
0 87 4 4 20 6 0 14 0 0
fn=intel_check_word
0 1167 6 6 132 8 8 24 0 0
fn=isinf
0 2015 1 1 155 0 0 0 0 0
fn=isnan
0 1085 2 2 155 0 0 0 0 0
fn=ldexp
0 34 3 3 4 0 0 4 0 0
fn=log
0 4 1 1 0 0 0 0 0 0
fn=lseek
0 8 2 2 4 0 0 0 0 0
fn=malloc
0 65874 78 5 21917 28 0 5480 2 2
fn=malloc_consolidate
0 1334 12 12 210 1 0 385 33 32
fn=malloc_hook_ini
0 41 6 6 13 3 2 5 0 0
fn=map_doit
0 14 1 1 5 0 0 3 0 0
fn=match_symbol
0 3212 3 3 1250 45 43 252 0 0
fn=memcpy
0 1383 9 6 238 12 5 201 26 26
fn=memcpy@@GLIBC_2.14
0 10 2 2 4 0 0 0 0 0
fn=memcpy@GLIBC_2.2.5
0 17 2 2 4 0 0 0 0 0
fn=mempcpy
0 1269 6 6 184 2 1 137 6 6
fn=memset
0 4093 2 2 25 1 0 3955 63 63
fn=mmap
0 156 5 3 26 0 0 0 0 0
fn=mprotect
0 60 1 1 12 0 0 0 0 0
fn=munmap
0 30 2 0 6 0 0 0 0 0
fn=newlocale
0 37 4 4 10 0 0 7 0 0
fn=open
0 164 5 2 24 0 0 14 0 0
fn=open_path
0 1308 14 14 442 0 0 168 2 2
fn=open_verify
0 1475 14 14 358 6 6 259 3 3
fn=openaux
0 187 2 2 88 0 0 33 0 0
fn=operator delete(void*)
0 36 3 1 0 0 0 0 0 0
fn=operator delete[](void*)
0 2 2 1 0 0 0 0 0 0
fn=operator new(unsigned long)
0 726 2 1 132 0 0 132 0 0
fn=operator new[](unsigned long)
0 128 3 1 32 0 0 32 0 0
fn=pow
0 28872 2 2 4812 0 0 4812 0 0
fn=printf
0 4558 6 4 474 3 0 2820 1 0
fn=ptmalloc_init.part.8
0 625 6 6 210 63 1 15 3 1
fn=putchar
0 80 4 4 38 5 1 8 0 0
fn=puts
0 62 6 6 25 0 0 8 0 0
fn=read
0 181 2 1 83 0 0 0 0 0
fn=rindex
0 24 2 2 2 1 0 0 0 0
fn=rint
0 6 1 1 2 0 0 1 0 0
fn=rintf
0 6 2 2 2 0 0 1 0 0
fn=round_and_return
0 1297883 12 12 169352 0 0 156376 1 1
fn=rtld_lock_default_lock_recursive
0 260 2 2 260 4 1 0 0 0
fn=rtld_lock_default_unlock_recursive
0 260 0 0 260 1 0 0 0 0
fn=sbrk
0 168 10 7 43 11 4 25 3 1
fn=scalbn
0 24 2 2 1 0 0 0 0 0
fn=sin
0 10 1 1 2 0 0 1 0 0
fn=std::_Rb_tree_insert_and_rebalance(bool, std::_Rb_tree_node_base*, std::_Rb_tree_node_base*, std::_Rb_tree_node_base&)
0 431 9 9 103 0 0 129 0 0
fn=std::_V2::error_category::~error_category()
0 3 0 0 3 0 0 0 0 0
fn=std::__cxx11::messages<char>::messages(unsigned long)
0 19 2 2 4 1 0 8 1 1
fn=std::__cxx11::messages<wchar_t>::messages(unsigned long)
0 19 1 1 4 0 0 8 0 0
fn=std::__cxx11::moneypunct<char, false>::_M_initialize_moneypunct(__locale_struct*, char const*)
0 112 4 4 37 2 1 31 0 0
fn=std::__cxx11::moneypunct<char, true>::_M_initialize_moneypunct(__locale_struct*, char const*)
0 112 5 5 37 0 0 31 0 0
fn=std::__cxx11::moneypunct<wchar_t, false>::_M_initialize_moneypunct(__locale_struct*, char const*)
0 108 6 6 29 1 0 32 0 0
fn=std::__cxx11::moneypunct<wchar_t, true>::_M_initialize_moneypunct(__locale_struct*, char const*)
0 108 7 7 29 0 0 32 0 0
fn=std::__cxx11::numpunct<char>::_M_initialize_numpunct(__locale_struct*)
0 413 7 7 136 4 2 75 0 0
fn=std::__cxx11::numpunct<wchar_t>::_M_initialize_numpunct(__locale_struct*)
0 349 7 7 73 0 0 75 3 3
fn=std::__timepunct<char>::_M_initialize_timepunct(__locale_struct*)
0 107 12 12 6 0 0 52 0 0
fn=std::__timepunct<char>::__timepunct(std::__timepunct_cache<char>*, unsigned long)
0 22 2 2 4 0 0 9 1 1
fn=std::__timepunct<wchar_t>::_M_initialize_timepunct(__locale_struct*)
0 105 12 12 5 0 0 51 0 0
fn=std::__timepunct<wchar_t>::__timepunct(std::__timepunct_cache<wchar_t>*, unsigned long)
0 22 2 2 4 0 0 9 0 0
fn=std::basic_ios<char, std::char_traits<char> >::_M_cache_locale(std::locale const&)
0 120 3 3 12 0 0 44 0 0
fn=std::basic_ios<char, std::char_traits<char> >::init(std::basic_streambuf<char, std::char_traits<char> >*)
0 88 2 2 12 0 0 40 0 0
fn=std::basic_ios<wchar_t, std::char_traits<wchar_t> >::_M_cache_locale(std::locale const&)
0 120 3 3 12 0 0 44 0 0
fn=std::basic_ios<wchar_t, std::char_traits<wchar_t> >::init(std::basic_streambuf<wchar_t, std::char_traits<wchar_t> >*)
0 88 2 2 12 0 0 40 0 0
fn=std::basic_ostream<wchar_t, std::char_traits<wchar_t> >::flush()
0 42 2 2 21 10 9 6 0 0
fn=std::codecvt<char, char, __mbstate_t>::codecvt(unsigned long)
0 17 2 2 4 0 0 6 2 2
fn=std::codecvt<wchar_t, char, __mbstate_t>::codecvt(unsigned long)
0 17 1 1 4 1 0 6 1 1
fn=std::ctype<char> const& std::use_facet<std::ctype<char> >(std::locale const&)
0 76 2 2 36 0 0 12 0 0
fn=std::ctype<char>::ctype(unsigned short const*, bool, unsigned long)
0 116 4 4 8 1 0 79 9 9
fn=std::ctype<wchar_t> const& std::use_facet<std::ctype<wchar_t> >(std::locale const&)
0 76 2 2 36 0 0 12 0 0
fn=std::ctype<wchar_t>::_M_convert_to_wmask(unsigned short) const
0 137 6 6 12 0 0 0 0 0
fn=std::ctype<wchar_t>::_M_initialize_ctype()
0 2757 4 4 5 0 0 810 20 20
fn=std::ctype<wchar_t>::ctype(unsigned long)
0 19 2 2 3 0 0 7 1 1
fn=std::error_category::error_category()
0 8 1 1 4 1 0 2 0 0
fn=std::error_category::~error_category()
0 2 1 0 2 0 0 0 0 0
fn=std::future_category()
0 16 2 2 2 1 1 3 0 0
fn=std::ios_base::Init::Init()
0 269 32 32 41 15 0 168 17 13
fn=std::ios_base::Init::~Init()
0 23 2 2 9 8 8 7 0 0
fn=std::ios_base::_M_init()
0 192 2 2 48 0 0 72 0 0
fn=std::ios_base::ios_base()
0 472 3 3 8 0 0 216 30 26
fn=std::locale::_Impl::_Impl(unsigned long)
0 1025 69 69 75 21 1 456 51 50
fn=std::locale::_Impl::_M_install_facet(std::locale::id const*, std::locale::facet const*)
0 12270 5 5 4530 1 0 240 0 0
fn=std::locale::facet::_S_create_c_locale(__locale_struct*&, char const*, __locale_struct*)
0 9 1 1 2 0 0 3 0 0
fn=std::locale::facet::_S_get_c_locale()
0 128 1 1 57 1 1 15 0 0
fn=std::locale::facet::_S_get_c_name()
0 14 1 1 7 0 0 0 0 0
fn=std::locale::id::_M_id() const
0 954 1 1 308 9 6 92 0 0
fn=std::locale::locale()
0 440 3 3 176 1 0 132 3 2
fn=std::locale::operator=(std::locale const&)
0 168 3 3 64 0 0 24 0 0
fn=std::locale::~locale()
0 96 1 1 40 0 0 16 0 0
fn=std::messages<char>::messages(unsigned long)
0 19 1 1 4 0 0 8 1 1
fn=std::messages<wchar_t>::messages(unsigned long)
0 19 2 2 4 1 0 8 0 0
fn=std::moneypunct<char, false>::_M_initialize_moneypunct(__locale_struct*, char const*)
0 112 4 4 37 0 0 31 0 0
fn=std::moneypunct<char, true>::_M_initialize_moneypunct(__locale_struct*, char const*)
0 112 5 5 37 0 0 31 0 0
fn=std::moneypunct<wchar_t, false>::_M_initialize_moneypunct(__locale_struct*, char const*)
0 108 6 6 29 0 0 32 0 0
fn=std::moneypunct<wchar_t, true>::_M_initialize_moneypunct(__locale_struct*, char const*)
0 108 7 7 29 0 0 32 0 0
fn=std::num_get<char, std::istreambuf_iterator<char, std::char_traits<char> > > const& std::use_facet<std::num_get<char, std::istreambuf_iterator<char, std::char_traits<char> > > >(std::locale const&)
0 76 2 2 36 0 0 12 0 0
fn=std::num_get<wchar_t, std::istreambuf_iterator<wchar_t, std::char_traits<wchar_t> > > const& std::use_facet<std::num_get<wchar_t, std::istreambuf_iterator<wchar_t, std::char_traits<wchar_t> > > >(std::locale const&)
0 76 1 1 36 0 0 12 0 0
fn=std::num_put<char, std::ostreambuf_iterator<char, std::char_traits<char> > > const& std::use_facet<std::num_put<char, std::ostreambuf_iterator<char, std::char_traits<char> > > >(std::locale const&)
0 76 2 2 36 0 0 12 0 0
fn=std::num_put<wchar_t, std::ostreambuf_iterator<wchar_t, std::char_traits<wchar_t> > > const& std::use_facet<std::num_put<wchar_t, std::ostreambuf_iterator<wchar_t, std::char_traits<wchar_t> > > >(std::locale const&)
0 76 2 2 36 0 0 12 0 0
fn=std::numpunct<char>::_M_initialize_numpunct(__locale_struct*)
0 413 4 4 136 0 0 75 0 0
fn=std::numpunct<wchar_t>::_M_initialize_numpunct(__locale_struct*)
0 349 5 5 73 0 0 75 0 0
fn=std::ostream::flush()
0 42 2 2 21 10 9 6 0 0
fn=str_to_mpn.isra.0
0 2551976 10 9 486708 4 3 310861 2 0
fn=strcasecmp
0 12 2 2 5 1 1 1 0 0
fn=strchrnul
0 9452 7 5 947 5 4 0 0 0
fn=strcmp
0 229595 8 3 67362 261 76 0 0 0
fn=strcspn
0 7 2 2 3 0 0 0 0 0
fn=strdup
0 136 0 0 16 0 0 32 1 1
fn=strlen
0 361464 20 12 45146 8 7 0 0 0
fn=strncasecmp
0 11 2 2 5 0 0 0 0 0
fn=strpbrk
0 7 1 1 3 0 0 0 0 0
fn=strsep
0 2384 1 1 743 0 0 6 0 0
fn=strspn
0 7 1 1 3 0 0 0 0 0
fn=strtod
0 28 1 1 14 0 0 0 0 0
fn=strtol
0 12 1 1 6 2 0 0 0 0
fn=sysmalloc
0 632 45 23 171 28 1 102 18 12
fn=time
0 14 2 2 1 0 0 5 0 0
fn=uname
0 5 1 1 1 0 0 0 0 0
fn=uselocale
0 42 2 2 18 6 0 8 1 0
fn=version_check_doit
0 10 1 1 4 0 0 2 0 0
fn=vfprintf
0 71992 89 50 20625 20 2 16702 13 6
fn=vfscanf
0 73550 1 1 0 0 0 0 0 0
fn=wctob
0 768 2 2 128 0 0 0 0 0
fn=wctype_l
0 1026 3 3 158 4 0 177 0 0
fn=write
0 320 2 1 160 0 0 0 0 0
summary: 35478517974 3566 2653 11645785279 745181959 24739 4814855450 317342418 86337
